CRITICAL - 2024-03-02 08:56:00 --> Illegal string offset 'valor_original'
#0 /Users/miguelangelhernandez/Sites/php/sgt/app/Views/deskapp/ui/grocery_timeline.php(110): CodeIgniter\Debug\Exceptions->errorHandler(2, 'Illegal string ...', '/Users/miguelan...', 110, Array)
#1 /Users/miguelangelhernandez/Sites/php/sgt/system/View/View.php(223): include('/Users/miguelan...')
#2 /Users/miguelangelhernandez/Sites/php/sgt/system/Common.php(1213): CodeIgniter\View\View->render('/deskapp/ui/gro...', Array, true)
#3 /Users/miguelangelhernandez/Sites/php/sgt/app/Controllers/Deskapp/Bitacora.php(69): view('/deskapp/ui/gro...', Array)
#4 /Users/miguelangelhernandez/Sites/php/sgt/app/Controllers/Deskapp/Bitacora.php(58): App\Controllers\Deskapp\Bitacora->_example_output(Array)
#5 /Users/miguelangelhernandez/Sites/php/sgt/system/CodeIgniter.php(935): App\Controllers\Deskapp\Bitacora->index('1709391286')
#6 /Users/miguelangelhernandez/Sites/php/sgt/system/CodeIgniter.php(431): CodeIgniter\CodeIgniter->runController(Object(App\Controllers\Deskapp\Bitacora))
#7 /Users/miguelangelhernandez/Sites/php/sgt/system/CodeIgniter.php(332): CodeIgniter\CodeIgniter->handleRequest(NULL, Object(Config\Cache), false)
#8 /Users/miguelangelhernandez/Sites/php/sgt/public/index.php(44): CodeIgniter\CodeIgniter->run()
#9 {main}
CRITICAL - 2024-03-02 14:10:39 --> Statement could not be executed (23000 - 1451 - Cannot delete or update a parent row: a foreign key constraint fails (`procedures`.`tra_tipo_documentos`, CONSTRAINT `fk_user_tra_tp_tra` FOREIGN KEY (`tra_tipos_id`) REFERENCES `tra_tipos` (`id`)))
#0 /Users/miguelangelhernandez/Sites/php/sgt/vendor/grocery-crud/enterprise/src/GroceryCrud/Core/Model.php(589): Laminas\Db\Adapter\Driver\Pdo\Statement->execute()
#1 /Users/miguelangelhernandez/Sites/php/sgt/vendor/grocery-crud/enterprise/src/GroceryCrud/Core/State/RemoveOneState.php(82): GroceryCrud\Core\Model->removeOne('48')
#2 /Users/miguelangelhernandez/Sites/php/sgt/vendor/grocery-crud/enterprise/src/GroceryCrud/Core/State/StateAbstract.php(1179): GroceryCrud\Core\State\RemoveOneState->GroceryCrud\Core\State\{closure}(Object(stdClass))
#3 /Users/miguelangelhernandez/Sites/php/sgt/vendor/grocery-crud/enterprise/src/GroceryCrud/Core/State/StateAbstract.php(333): GroceryCrud\Core\State\StateAbstract->stateOperation(NULL, Object(stdClass), Object(Closure))
#4 /Users/miguelangelhernandez/Sites/php/sgt/vendor/grocery-crud/enterprise/src/GroceryCrud/Core/State/RemoveOneState.php(89): GroceryCrud\Core\State\StateAbstract->stateOperationWithCallbacks(Object(stdClass), 'Delete', Object(Closure))
#5 /Users/miguelangelhernandez/Sites/php/sgt/vendor/grocery-crud/enterprise/src/GroceryCrud/Core/GroceryCrud.php(2932): GroceryCrud\Core\State\RemoveOneState->render()
#6 /Users/miguelangelhernandez/Sites/php/sgt/app/Controllers/Deskapp/Tramites.php(279): GroceryCrud\Core\GroceryCrud->render()
#7 /Users/miguelangelhernandez/Sites/php/sgt/system/CodeIgniter.php(935): App\Controllers\Deskapp\Tramites->tipo()
#8 /Users/miguelangelhernandez/Sites/php/sgt/system/CodeIgniter.php(431): CodeIgniter\CodeIgniter->runController(Object(App\Controllers\Deskapp\Tramites))
#9 /Users/miguelangelhernandez/Sites/php/sgt/system/CodeIgniter.php(332): CodeIgniter\CodeIgniter->handleRequest(NULL, Object(Config\Cache), false)
#10 /Users/miguelangelhernandez/Sites/php/sgt/public/index.php(44): CodeIgniter\CodeIgniter->run()
#11 {main}
CRITICAL - 2024-03-02 14:16:28 --> Statement could not be executed (22007 - 1292 - Incorrect datetime value: 'CURRENT_TIMESTAMP' for column 'created_at' at row 1)
#0 /Users/miguelangelhernandez/Sites/php/sgt/vendor/grocery-crud/enterprise/src/GroceryCrud/Core/Model.php(515): Laminas\Db\Adapter\Driver\Pdo\Statement->execute()
#1 /Users/miguelangelhernandez/Sites/php/sgt/vendor/grocery-crud/enterprise/src/GroceryCrud/Core/State/InsertState.php(94): GroceryCrud\Core\Model->insert(Array)
#2 /Users/miguelangelhernandez/Sites/php/sgt/vendor/grocery-crud/enterprise/src/GroceryCrud/Core/State/StateAbstract.php(1179): GroceryCrud\Core\State\InsertState->GroceryCrud\Core\State\{closure}(Object(stdClass))
#3 /Users/miguelangelhernandez/Sites/php/sgt/vendor/grocery-crud/enterprise/src/GroceryCrud/Core/State/StateAbstract.php(333): GroceryCrud\Core\State\StateAbstract->stateOperation(NULL, Object(stdClass), Object(Closure))
#4 /Users/miguelangelhernandez/Sites/php/sgt/vendor/grocery-crud/enterprise/src/GroceryCrud/Core/State/InsertState.php(104): GroceryCrud\Core\State\StateAbstract->stateOperationWithCallbacks(Object(stdClass), 'Insert', Object(Closure))
#5 /Users/miguelangelhernandez/Sites/php/sgt/vendor/grocery-crud/enterprise/src/GroceryCrud/Core/GroceryCrud.php(2932): GroceryCrud\Core\State\InsertState->render()
#6 /Users/miguelangelhernandez/Sites/php/sgt/app/Controllers/Deskapp/Documentos.php(51): GroceryCrud\Core\GroceryCrud->render()
#7 /Users/miguelangelhernandez/Sites/php/sgt/system/CodeIgniter.php(935): App\Controllers\Deskapp\Documentos->documento()
#8 /Users/miguelangelhernandez/Sites/php/sgt/system/CodeIgniter.php(431): CodeIgniter\CodeIgniter->runController(Object(App\Controllers\Deskapp\Documentos))
#9 /Users/miguelangelhernandez/Sites/php/sgt/system/CodeIgniter.php(332): CodeIgniter\CodeIgniter->handleRequest(NULL, Object(Config\Cache), false)
#10 /Users/miguelangelhernandez/Sites/php/sgt/public/index.php(44): CodeIgniter\CodeIgniter->run()
#11 {main}
CRITICAL - 2024-03-02 14:16:49 --> Statement could not be executed (22007 - 1292 - Incorrect datetime value: 'CURRENT_TIMESTAMP' for column 'created_at' at row 1)
#0 /Users/miguelangelhernandez/Sites/php/sgt/vendor/grocery-crud/enterprise/src/GroceryCrud/Core/Model.php(515): Laminas\Db\Adapter\Driver\Pdo\Statement->execute()
#1 /Users/miguelangelhernandez/Sites/php/sgt/vendor/grocery-crud/enterprise/src/GroceryCrud/Core/State/InsertState.php(94): GroceryCrud\Core\Model->insert(Array)
#2 /Users/miguelangelhernandez/Sites/php/sgt/vendor/grocery-crud/enterprise/src/GroceryCrud/Core/State/StateAbstract.php(1179): GroceryCrud\Core\State\InsertState->GroceryCrud\Core\State\{closure}(Object(stdClass))
#3 /Users/miguelangelhernandez/Sites/php/sgt/vendor/grocery-crud/enterprise/src/GroceryCrud/Core/State/StateAbstract.php(333): GroceryCrud\Core\State\StateAbstract->stateOperation(NULL, Object(stdClass), Object(Closure))
#4 /Users/miguelangelhernandez/Sites/php/sgt/vendor/grocery-crud/enterprise/src/GroceryCrud/Core/State/InsertState.php(104): GroceryCrud\Core\State\StateAbstract->stateOperationWithCallbacks(Object(stdClass), 'Insert', Object(Closure))
#5 /Users/miguelangelhernandez/Sites/php/sgt/vendor/grocery-crud/enterprise/src/GroceryCrud/Core/GroceryCrud.php(2932): GroceryCrud\Core\State\InsertState->render()
#6 /Users/miguelangelhernandez/Sites/php/sgt/app/Controllers/Deskapp/Documentos.php(51): GroceryCrud\Core\GroceryCrud->render()
#7 /Users/miguelangelhernandez/Sites/php/sgt/system/CodeIgniter.php(935): App\Controllers\Deskapp\Documentos->documento()
#8 /Users/miguelangelhernandez/Sites/php/sgt/system/CodeIgniter.php(431): CodeIgniter\CodeIgniter->runController(Object(App\Controllers\Deskapp\Documentos))
#9 /Users/miguelangelhernandez/Sites/php/sgt/system/CodeIgniter.php(332): CodeIgniter\CodeIgniter->handleRequest(NULL, Object(Config\Cache), false)
#10 /Users/miguelangelhernandez/Sites/php/sgt/public/index.php(44): CodeIgniter\CodeIgniter->run()
#11 {main}
CRITICAL - 2024-03-02 14:28:53 --> Statement could not be executed (22007 - 1292 - Incorrect datetime value: 'CURRENT_TIMESTAMP' for column 'created_at' at row 1)
#0 /Users/miguelangelhernandez/Sites/php/sgt/vendor/grocery-crud/enterprise/src/GroceryCrud/Core/Model.php(515): Laminas\Db\Adapter\Driver\Pdo\Statement->execute()
#1 /Users/miguelangelhernandez/Sites/php/sgt/vendor/grocery-crud/enterprise/src/GroceryCrud/Core/State/InsertState.php(94): GroceryCrud\Core\Model->insert(Array)
#2 /Users/miguelangelhernandez/Sites/php/sgt/vendor/grocery-crud/enterprise/src/GroceryCrud/Core/State/StateAbstract.php(1179): GroceryCrud\Core\State\InsertState->GroceryCrud\Core\State\{closure}(Object(stdClass))
#3 /Users/miguelangelhernandez/Sites/php/sgt/vendor/grocery-crud/enterprise/src/GroceryCrud/Core/State/StateAbstract.php(333): GroceryCrud\Core\State\StateAbstract->stateOperation(NULL, Object(stdClass), Object(Closure))
#4 /Users/miguelangelhernandez/Sites/php/sgt/vendor/grocery-crud/enterprise/src/GroceryCrud/Core/State/InsertState.php(104): GroceryCrud\Core\State\StateAbstract->stateOperationWithCallbacks(Object(stdClass), 'Insert', Object(Closure))
#5 /Users/miguelangelhernandez/Sites/php/sgt/vendor/grocery-crud/enterprise/src/GroceryCrud/Core/GroceryCrud.php(2932): GroceryCrud\Core\State\InsertState->render()
#6 /Users/miguelangelhernandez/Sites/php/sgt/app/Controllers/Deskapp/Clidirecto.php(69): GroceryCrud\Core\GroceryCrud->render()
#7 /Users/miguelangelhernandez/Sites/php/sgt/system/CodeIgniter.php(935): App\Controllers\Deskapp\Clidirecto->ejecutivo()
#8 /Users/miguelangelhernandez/Sites/php/sgt/system/CodeIgniter.php(431): CodeIgniter\CodeIgniter->runController(Object(App\Controllers\Deskapp\Clidirecto))
#9 /Users/miguelangelhernandez/Sites/php/sgt/system/CodeIgniter.php(332): CodeIgniter\CodeIgniter->handleRequest(NULL, Object(Config\Cache), false)
#10 /Users/miguelangelhernandez/Sites/php/sgt/public/index.php(44): CodeIgniter\CodeIgniter->run()
#11 {main}
