CRITICAL - 2024-02-03 14:04:49 --> SQLSTATE[42S22]: Column not found: 1054 Unknown column 'tramite' in 'order clause'
#0 /Users/miguelangelhernandez/Sites/php/sgt/vendor/laminas/laminas-db/src/Adapter/Driver/Pdo/Connection.php(376): PDO->query('SELECT `t`.* FR...')
#1 /Users/miguelangelhernandez/Sites/php/sgt/vendor/laminas/laminas-db/src/Adapter/Adapter.php(194): Laminas\Db\Adapter\Driver\Pdo\Connection->execute('SELECT `t`.* FR...')
#2 /Users/miguelangelhernandez/Sites/php/sgt/vendor/grocery-crud/enterprise/src/GroceryCrud/Core/Model.php(269): Laminas\Db\Adapter\Adapter->query('SELECT `t`.* FR...', 'execute')
#3 /Users/miguelangelhernandez/Sites/php/sgt/vendor/grocery-crud/enterprise/src/GroceryCrud/Core/State/StateAbstract.php(1313): GroceryCrud\Core\Model->getRelationData('tra_tipos', 'tramite', NULL, 'tramite', 'tra_tipos_id')
#4 /Users/miguelangelhernandez/Sites/php/sgt/vendor/grocery-crud/enterprise/src/GroceryCrud/Core/State/StateAbstract.php(1398): GroceryCrud\Core\State\StateAbstract->getRelationalData('tra_tipos', 'tramite', NULL, 'tramite', 'tra_tipos_id')
#5 /Users/miguelangelhernandez/Sites/php/sgt/vendor/grocery-crud/enterprise/src/GroceryCrud/Core/State/InitialState.php(75): GroceryCrud\Core\State\StateAbstract->getFieldTypes()
#6 /Users/miguelangelhernandez/Sites/php/sgt/vendor/grocery-crud/enterprise/src/GroceryCrud/Core/State/InitialState.php(13): GroceryCrud\Core\State\InitialState->showInitData()
#7 /Users/miguelangelhernandez/Sites/php/sgt/vendor/grocery-crud/enterprise/src/GroceryCrud/Core/GroceryCrud.php(2932): GroceryCrud\Core\State\InitialState->render()
#8 /Users/miguelangelhernandez/Sites/php/sgt/app/Controllers/Deskapp/Tramites.php(61): GroceryCrud\Core\GroceryCrud->render()
#9 /Users/miguelangelhernandez/Sites/php/sgt/system/CodeIgniter.php(935): App\Controllers\Deskapp\Tramites->tramite()
#10 /Users/miguelangelhernandez/Sites/php/sgt/system/CodeIgniter.php(431): CodeIgniter\CodeIgniter->runController(Object(App\Controllers\Deskapp\Tramites))
#11 /Users/miguelangelhernandez/Sites/php/sgt/system/CodeIgniter.php(332): CodeIgniter\CodeIgniter->handleRequest(NULL, Object(Config\Cache), false)
#12 /Users/miguelangelhernandez/Sites/php/sgt/public/index.php(44): CodeIgniter\CodeIgniter->run()
#13 {main}
CRITICAL - 2024-02-03 14:35:16 --> SQLSTATE[42S22]: Column not found: 1054 Unknown column 'tramite' in 'order clause'
#0 /Users/miguelangelhernandez/Sites/php/sgt/vendor/laminas/laminas-db/src/Adapter/Driver/Pdo/Connection.php(376): PDO->query('SELECT `t`.* FR...')
#1 /Users/miguelangelhernandez/Sites/php/sgt/vendor/laminas/laminas-db/src/Adapter/Adapter.php(194): Laminas\Db\Adapter\Driver\Pdo\Connection->execute('SELECT `t`.* FR...')
#2 /Users/miguelangelhernandez/Sites/php/sgt/vendor/grocery-crud/enterprise/src/GroceryCrud/Core/Model.php(269): Laminas\Db\Adapter\Adapter->query('SELECT `t`.* FR...', 'execute')
#3 /Users/miguelangelhernandez/Sites/php/sgt/vendor/grocery-crud/enterprise/src/GroceryCrud/Core/State/StateAbstract.php(1313): GroceryCrud\Core\Model->getRelationData('tra_tipos', 'tramite', NULL, 'tramite', 'tra_tipos_id')
#4 /Users/miguelangelhernandez/Sites/php/sgt/vendor/grocery-crud/enterprise/src/GroceryCrud/Core/State/StateAbstract.php(1398): GroceryCrud\Core\State\StateAbstract->getRelationalData('tra_tipos', 'tramite', NULL, 'tramite', 'tra_tipos_id')
#5 /Users/miguelangelhernandez/Sites/php/sgt/vendor/grocery-crud/enterprise/src/GroceryCrud/Core/State/InitialState.php(75): GroceryCrud\Core\State\StateAbstract->getFieldTypes()
#6 /Users/miguelangelhernandez/Sites/php/sgt/vendor/grocery-crud/enterprise/src/GroceryCrud/Core/State/InitialState.php(13): GroceryCrud\Core\State\InitialState->showInitData()
#7 /Users/miguelangelhernandez/Sites/php/sgt/vendor/grocery-crud/enterprise/src/GroceryCrud/Core/GroceryCrud.php(2932): GroceryCrud\Core\State\InitialState->render()
#8 /Users/miguelangelhernandez/Sites/php/sgt/app/Controllers/Deskapp/Tramites.php(61): GroceryCrud\Core\GroceryCrud->render()
#9 /Users/miguelangelhernandez/Sites/php/sgt/system/CodeIgniter.php(935): App\Controllers\Deskapp\Tramites->tramite()
#10 /Users/miguelangelhernandez/Sites/php/sgt/system/CodeIgniter.php(431): CodeIgniter\CodeIgniter->runController(Object(App\Controllers\Deskapp\Tramites))
#11 /Users/miguelangelhernandez/Sites/php/sgt/system/CodeIgniter.php(332): CodeIgniter\CodeIgniter->handleRequest(NULL, Object(Config\Cache), false)
#12 /Users/miguelangelhernandez/Sites/php/sgt/public/index.php(44): CodeIgniter\CodeIgniter->run()
#13 {main}
CRITICAL - 2024-02-03 14:59:03 --> SQLSTATE[42S22]: Column not found: 1054 Unknown column 'tramite' in 'order clause'
#0 /Users/miguelangelhernandez/Sites/php/sgt/vendor/laminas/laminas-db/src/Adapter/Driver/Pdo/Connection.php(376): PDO->query('SELECT `t`.* FR...')
#1 /Users/miguelangelhernandez/Sites/php/sgt/vendor/laminas/laminas-db/src/Adapter/Adapter.php(194): Laminas\Db\Adapter\Driver\Pdo\Connection->execute('SELECT `t`.* FR...')
#2 /Users/miguelangelhernandez/Sites/php/sgt/vendor/grocery-crud/enterprise/src/GroceryCrud/Core/Model.php(269): Laminas\Db\Adapter\Adapter->query('SELECT `t`.* FR...', 'execute')
#3 /Users/miguelangelhernandez/Sites/php/sgt/vendor/grocery-crud/enterprise/src/GroceryCrud/Core/State/StateAbstract.php(1313): GroceryCrud\Core\Model->getRelationData('tra_tipos', 'tramite', NULL, 'tramite', 'tra_tipos_id')
#4 /Users/miguelangelhernandez/Sites/php/sgt/vendor/grocery-crud/enterprise/src/GroceryCrud/Core/State/StateAbstract.php(1398): GroceryCrud\Core\State\StateAbstract->getRelationalData('tra_tipos', 'tramite', NULL, 'tramite', 'tra_tipos_id')
#5 /Users/miguelangelhernandez/Sites/php/sgt/vendor/grocery-crud/enterprise/src/GroceryCrud/Core/State/InitialState.php(75): GroceryCrud\Core\State\StateAbstract->getFieldTypes()
#6 /Users/miguelangelhernandez/Sites/php/sgt/vendor/grocery-crud/enterprise/src/GroceryCrud/Core/State/InitialState.php(13): GroceryCrud\Core\State\InitialState->showInitData()
#7 /Users/miguelangelhernandez/Sites/php/sgt/vendor/grocery-crud/enterprise/src/GroceryCrud/Core/GroceryCrud.php(2932): GroceryCrud\Core\State\InitialState->render()
#8 /Users/miguelangelhernandez/Sites/php/sgt/app/Controllers/Deskapp/Tramites.php(61): GroceryCrud\Core\GroceryCrud->render()
#9 /Users/miguelangelhernandez/Sites/php/sgt/system/CodeIgniter.php(935): App\Controllers\Deskapp\Tramites->tramite()
#10 /Users/miguelangelhernandez/Sites/php/sgt/system/CodeIgniter.php(431): CodeIgniter\CodeIgniter->runController(Object(App\Controllers\Deskapp\Tramites))
#11 /Users/miguelangelhernandez/Sites/php/sgt/system/CodeIgniter.php(332): CodeIgniter\CodeIgniter->handleRequest(NULL, Object(Config\Cache), false)
#12 /Users/miguelangelhernandez/Sites/php/sgt/public/index.php(44): CodeIgniter\CodeIgniter->run()
#13 {main}
CRITICAL - 2024-02-03 14:59:28 --> SQLSTATE[42S22]: Column not found: 1054 Unknown column 'tramite' in 'order clause'
#0 /Users/miguelangelhernandez/Sites/php/sgt/vendor/laminas/laminas-db/src/Adapter/Driver/Pdo/Connection.php(376): PDO->query('SELECT `t`.* FR...')
#1 /Users/miguelangelhernandez/Sites/php/sgt/vendor/laminas/laminas-db/src/Adapter/Adapter.php(194): Laminas\Db\Adapter\Driver\Pdo\Connection->execute('SELECT `t`.* FR...')
#2 /Users/miguelangelhernandez/Sites/php/sgt/vendor/grocery-crud/enterprise/src/GroceryCrud/Core/Model.php(269): Laminas\Db\Adapter\Adapter->query('SELECT `t`.* FR...', 'execute')
#3 /Users/miguelangelhernandez/Sites/php/sgt/vendor/grocery-crud/enterprise/src/GroceryCrud/Core/State/StateAbstract.php(1313): GroceryCrud\Core\Model->getRelationData('tra_tipos', 'tramite', NULL, 'tramite', 'tra_tipos_id')
#4 /Users/miguelangelhernandez/Sites/php/sgt/vendor/grocery-crud/enterprise/src/GroceryCrud/Core/State/StateAbstract.php(1398): GroceryCrud\Core\State\StateAbstract->getRelationalData('tra_tipos', 'tramite', NULL, 'tramite', 'tra_tipos_id')
#5 /Users/miguelangelhernandez/Sites/php/sgt/vendor/grocery-crud/enterprise/src/GroceryCrud/Core/State/InitialState.php(75): GroceryCrud\Core\State\StateAbstract->getFieldTypes()
#6 /Users/miguelangelhernandez/Sites/php/sgt/vendor/grocery-crud/enterprise/src/GroceryCrud/Core/State/InitialState.php(13): GroceryCrud\Core\State\InitialState->showInitData()
#7 /Users/miguelangelhernandez/Sites/php/sgt/vendor/grocery-crud/enterprise/src/GroceryCrud/Core/GroceryCrud.php(2932): GroceryCrud\Core\State\InitialState->render()
#8 /Users/miguelangelhernandez/Sites/php/sgt/app/Controllers/Deskapp/Tramites.php(61): GroceryCrud\Core\GroceryCrud->render()
#9 /Users/miguelangelhernandez/Sites/php/sgt/system/CodeIgniter.php(935): App\Controllers\Deskapp\Tramites->tramite()
#10 /Users/miguelangelhernandez/Sites/php/sgt/system/CodeIgniter.php(431): CodeIgniter\CodeIgniter->runController(Object(App\Controllers\Deskapp\Tramites))
#11 /Users/miguelangelhernandez/Sites/php/sgt/system/CodeIgniter.php(332): CodeIgniter\CodeIgniter->handleRequest(NULL, Object(Config\Cache), false)
#12 /Users/miguelangelhernandez/Sites/php/sgt/public/index.php(44): CodeIgniter\CodeIgniter->run()
#13 {main}
CRITICAL - 2024-02-03 14:59:40 --> SQLSTATE[42S22]: Column not found: 1054 Unknown column 'tra_tipo_documentos.tra_tipos_id' in 'field list'
#0 /Users/miguelangelhernandez/Sites/php/sgt/vendor/laminas/laminas-db/src/Adapter/Driver/Pdo/Connection.php(376): PDO->query('SELECT `tra_tip...')
#1 /Users/miguelangelhernandez/Sites/php/sgt/vendor/laminas/laminas-db/src/Adapter/Adapter.php(194): Laminas\Db\Adapter\Driver\Pdo\Connection->execute('SELECT `tra_tip...')
#2 /Users/miguelangelhernandez/Sites/php/sgt/vendor/grocery-crud/enterprise/src/GroceryCrud/Core/Model.php(1135): Laminas\Db\Adapter\Adapter->query('SELECT `tra_tip...', 'execute')
#3 /Users/miguelangelhernandez/Sites/php/sgt/vendor/grocery-crud/enterprise/src/GroceryCrud/Core/Model.php(1289): GroceryCrud\Core\Model->getResultsFromSelect(Object(Laminas\Db\Sql\Select), Object(Laminas\Db\Sql\Sql))
#4 /Users/miguelangelhernandez/Sites/php/sgt/vendor/grocery-crud/enterprise/src/GroceryCrud/Core/Model.php(1396): GroceryCrud\Core\Model->concatRelationalData(Array, Array)
#5 /Users/miguelangelhernandez/Sites/php/sgt/vendor/grocery-crud/enterprise/src/GroceryCrud/Core/State/DatagridState.php(320): GroceryCrud\Core\Model->getList()
#6 /Users/miguelangelhernandez/Sites/php/sgt/vendor/grocery-crud/enterprise/src/GroceryCrud/Core/State/DatagridState.php(331): GroceryCrud\Core\State\DatagridState->getData()
#7 /Users/miguelangelhernandez/Sites/php/sgt/vendor/grocery-crud/enterprise/src/GroceryCrud/Core/GroceryCrud.php(2932): GroceryCrud\Core\State\DatagridState->render()
#8 /Users/miguelangelhernandez/Sites/php/sgt/app/Controllers/Deskapp/Tramites.php(89): GroceryCrud\Core\GroceryCrud->render()
#9 /Users/miguelangelhernandez/Sites/php/sgt/system/CodeIgniter.php(935): App\Controllers\Deskapp\Tramites->tipo()
#10 /Users/miguelangelhernandez/Sites/php/sgt/system/CodeIgniter.php(431): CodeIgniter\CodeIgniter->runController(Object(App\Controllers\Deskapp\Tramites))
#11 /Users/miguelangelhernandez/Sites/php/sgt/system/CodeIgniter.php(332): CodeIgniter\CodeIgniter->handleRequest(NULL, Object(Config\Cache), false)
#12 /Users/miguelangelhernandez/Sites/php/sgt/public/index.php(44): CodeIgniter\CodeIgniter->run()
#13 {main}
CRITICAL - 2024-02-03 15:01:26 --> SQLSTATE[42S22]: Column not found: 1054 Unknown column 'tramite' in 'order clause'
#0 /Users/miguelangelhernandez/Sites/php/sgt/vendor/laminas/laminas-db/src/Adapter/Driver/Pdo/Connection.php(376): PDO->query('SELECT `t`.* FR...')
#1 /Users/miguelangelhernandez/Sites/php/sgt/vendor/laminas/laminas-db/src/Adapter/Adapter.php(194): Laminas\Db\Adapter\Driver\Pdo\Connection->execute('SELECT `t`.* FR...')
#2 /Users/miguelangelhernandez/Sites/php/sgt/vendor/grocery-crud/enterprise/src/GroceryCrud/Core/Model.php(269): Laminas\Db\Adapter\Adapter->query('SELECT `t`.* FR...', 'execute')
#3 /Users/miguelangelhernandez/Sites/php/sgt/vendor/grocery-crud/enterprise/src/GroceryCrud/Core/State/StateAbstract.php(1313): GroceryCrud\Core\Model->getRelationData('tra_tipos', 'tramite', NULL, 'tramite', 'tra_tipos_id')
#4 /Users/miguelangelhernandez/Sites/php/sgt/vendor/grocery-crud/enterprise/src/GroceryCrud/Core/State/StateAbstract.php(1398): GroceryCrud\Core\State\StateAbstract->getRelationalData('tra_tipos', 'tramite', NULL, 'tramite', 'tra_tipos_id')
#5 /Users/miguelangelhernandez/Sites/php/sgt/vendor/grocery-crud/enterprise/src/GroceryCrud/Core/State/InitialState.php(75): GroceryCrud\Core\State\StateAbstract->getFieldTypes()
#6 /Users/miguelangelhernandez/Sites/php/sgt/vendor/grocery-crud/enterprise/src/GroceryCrud/Core/State/InitialState.php(13): GroceryCrud\Core\State\InitialState->showInitData()
#7 /Users/miguelangelhernandez/Sites/php/sgt/vendor/grocery-crud/enterprise/src/GroceryCrud/Core/GroceryCrud.php(2932): GroceryCrud\Core\State\InitialState->render()
#8 /Users/miguelangelhernandez/Sites/php/sgt/app/Controllers/Deskapp/Tramites.php(61): GroceryCrud\Core\GroceryCrud->render()
#9 /Users/miguelangelhernandez/Sites/php/sgt/system/CodeIgniter.php(935): App\Controllers\Deskapp\Tramites->tramite()
#10 /Users/miguelangelhernandez/Sites/php/sgt/system/CodeIgniter.php(431): CodeIgniter\CodeIgniter->runController(Object(App\Controllers\Deskapp\Tramites))
#11 /Users/miguelangelhernandez/Sites/php/sgt/system/CodeIgniter.php(332): CodeIgniter\CodeIgniter->handleRequest(NULL, Object(Config\Cache), false)
#12 /Users/miguelangelhernandez/Sites/php/sgt/public/index.php(44): CodeIgniter\CodeIgniter->run()
#13 {main}
CRITICAL - 2024-02-03 16:00:57 --> SQLSTATE[42S22]: Column not found: 1054 Unknown column 'tramite' in 'order clause'
#0 /Users/miguelangelhernandez/Sites/php/sgt/vendor/laminas/laminas-db/src/Adapter/Driver/Pdo/Connection.php(376): PDO->query('SELECT `t`.* FR...')
#1 /Users/miguelangelhernandez/Sites/php/sgt/vendor/laminas/laminas-db/src/Adapter/Adapter.php(194): Laminas\Db\Adapter\Driver\Pdo\Connection->execute('SELECT `t`.* FR...')
#2 /Users/miguelangelhernandez/Sites/php/sgt/vendor/grocery-crud/enterprise/src/GroceryCrud/Core/Model.php(269): Laminas\Db\Adapter\Adapter->query('SELECT `t`.* FR...', 'execute')
#3 /Users/miguelangelhernandez/Sites/php/sgt/vendor/grocery-crud/enterprise/src/GroceryCrud/Core/State/StateAbstract.php(1313): GroceryCrud\Core\Model->getRelationData('tra_tipos', 'tramite', NULL, 'tramite', 'tra_tipos_id')
#4 /Users/miguelangelhernandez/Sites/php/sgt/vendor/grocery-crud/enterprise/src/GroceryCrud/Core/State/StateAbstract.php(1398): GroceryCrud\Core\State\StateAbstract->getRelationalData('tra_tipos', 'tramite', NULL, 'tramite', 'tra_tipos_id')
#5 /Users/miguelangelhernandez/Sites/php/sgt/vendor/grocery-crud/enterprise/src/GroceryCrud/Core/State/InitialState.php(75): GroceryCrud\Core\State\StateAbstract->getFieldTypes()
#6 /Users/miguelangelhernandez/Sites/php/sgt/vendor/grocery-crud/enterprise/src/GroceryCrud/Core/State/InitialState.php(13): GroceryCrud\Core\State\InitialState->showInitData()
#7 /Users/miguelangelhernandez/Sites/php/sgt/vendor/grocery-crud/enterprise/src/GroceryCrud/Core/GroceryCrud.php(2932): GroceryCrud\Core\State\InitialState->render()
#8 /Users/miguelangelhernandez/Sites/php/sgt/app/Controllers/Deskapp/Tramites.php(61): GroceryCrud\Core\GroceryCrud->render()
#9 /Users/miguelangelhernandez/Sites/php/sgt/system/CodeIgniter.php(935): App\Controllers\Deskapp\Tramites->tramite()
#10 /Users/miguelangelhernandez/Sites/php/sgt/system/CodeIgniter.php(431): CodeIgniter\CodeIgniter->runController(Object(App\Controllers\Deskapp\Tramites))
#11 /Users/miguelangelhernandez/Sites/php/sgt/system/CodeIgniter.php(332): CodeIgniter\CodeIgniter->handleRequest(NULL, Object(Config\Cache), false)
#12 /Users/miguelangelhernandez/Sites/php/sgt/public/index.php(44): CodeIgniter\CodeIgniter->run()
#13 {main}
CRITICAL - 2024-02-03 16:05:39 --> SQLSTATE[42S22]: Column not found: 1054 Unknown column 'tramite' in 'order clause'
#0 /Users/miguelangelhernandez/Sites/php/sgt/vendor/laminas/laminas-db/src/Adapter/Driver/Pdo/Connection.php(376): PDO->query('SELECT `t`.* FR...')
#1 /Users/miguelangelhernandez/Sites/php/sgt/vendor/laminas/laminas-db/src/Adapter/Adapter.php(194): Laminas\Db\Adapter\Driver\Pdo\Connection->execute('SELECT `t`.* FR...')
#2 /Users/miguelangelhernandez/Sites/php/sgt/vendor/grocery-crud/enterprise/src/GroceryCrud/Core/Model.php(269): Laminas\Db\Adapter\Adapter->query('SELECT `t`.* FR...', 'execute')
#3 /Users/miguelangelhernandez/Sites/php/sgt/vendor/grocery-crud/enterprise/src/GroceryCrud/Core/State/StateAbstract.php(1313): GroceryCrud\Core\Model->getRelationData('tra_tipos', 'tramite', NULL, 'tramite', 'tra_tipos_id')
#4 /Users/miguelangelhernandez/Sites/php/sgt/vendor/grocery-crud/enterprise/src/GroceryCrud/Core/State/StateAbstract.php(1398): GroceryCrud\Core\State\StateAbstract->getRelationalData('tra_tipos', 'tramite', NULL, 'tramite', 'tra_tipos_id')
#5 /Users/miguelangelhernandez/Sites/php/sgt/vendor/grocery-crud/enterprise/src/GroceryCrud/Core/State/InitialState.php(75): GroceryCrud\Core\State\StateAbstract->getFieldTypes()
#6 /Users/miguelangelhernandez/Sites/php/sgt/vendor/grocery-crud/enterprise/src/GroceryCrud/Core/State/InitialState.php(13): GroceryCrud\Core\State\InitialState->showInitData()
#7 /Users/miguelangelhernandez/Sites/php/sgt/vendor/grocery-crud/enterprise/src/GroceryCrud/Core/GroceryCrud.php(2932): GroceryCrud\Core\State\InitialState->render()
#8 /Users/miguelangelhernandez/Sites/php/sgt/app/Controllers/Deskapp/Tramites.php(61): GroceryCrud\Core\GroceryCrud->render()
#9 /Users/miguelangelhernandez/Sites/php/sgt/system/CodeIgniter.php(935): App\Controllers\Deskapp\Tramites->tramite()
#10 /Users/miguelangelhernandez/Sites/php/sgt/system/CodeIgniter.php(431): CodeIgniter\CodeIgniter->runController(Object(App\Controllers\Deskapp\Tramites))
#11 /Users/miguelangelhernandez/Sites/php/sgt/system/CodeIgniter.php(332): CodeIgniter\CodeIgniter->handleRequest(NULL, Object(Config\Cache), false)
#12 /Users/miguelangelhernandez/Sites/php/sgt/public/index.php(44): CodeIgniter\CodeIgniter->run()
#13 {main}
CRITICAL - 2024-02-03 16:11:51 --> SQLSTATE[42S22]: Column not found: 1054 Unknown column 'tramite' in 'order clause'
#0 /Users/miguelangelhernandez/Sites/php/sgt/vendor/laminas/laminas-db/src/Adapter/Driver/Pdo/Connection.php(376): PDO->query('SELECT `t`.* FR...')
#1 /Users/miguelangelhernandez/Sites/php/sgt/vendor/laminas/laminas-db/src/Adapter/Adapter.php(194): Laminas\Db\Adapter\Driver\Pdo\Connection->execute('SELECT `t`.* FR...')
#2 /Users/miguelangelhernandez/Sites/php/sgt/vendor/grocery-crud/enterprise/src/GroceryCrud/Core/Model.php(269): Laminas\Db\Adapter\Adapter->query('SELECT `t`.* FR...', 'execute')
#3 /Users/miguelangelhernandez/Sites/php/sgt/vendor/grocery-crud/enterprise/src/GroceryCrud/Core/State/StateAbstract.php(1313): GroceryCrud\Core\Model->getRelationData('tra_tipos', 'tramite', NULL, 'tramite', 'tra_tipos_id')
#4 /Users/miguelangelhernandez/Sites/php/sgt/vendor/grocery-crud/enterprise/src/GroceryCrud/Core/State/StateAbstract.php(1398): GroceryCrud\Core\State\StateAbstract->getRelationalData('tra_tipos', 'tramite', NULL, 'tramite', 'tra_tipos_id')
#5 /Users/miguelangelhernandez/Sites/php/sgt/vendor/grocery-crud/enterprise/src/GroceryCrud/Core/State/InitialState.php(75): GroceryCrud\Core\State\StateAbstract->getFieldTypes()
#6 /Users/miguelangelhernandez/Sites/php/sgt/vendor/grocery-crud/enterprise/src/GroceryCrud/Core/State/InitialState.php(13): GroceryCrud\Core\State\InitialState->showInitData()
#7 /Users/miguelangelhernandez/Sites/php/sgt/vendor/grocery-crud/enterprise/src/GroceryCrud/Core/GroceryCrud.php(2932): GroceryCrud\Core\State\InitialState->render()
#8 /Users/miguelangelhernandez/Sites/php/sgt/app/Controllers/Deskapp/Tramites.php(61): GroceryCrud\Core\GroceryCrud->render()
#9 /Users/miguelangelhernandez/Sites/php/sgt/system/CodeIgniter.php(935): App\Controllers\Deskapp\Tramites->tramite()
#10 /Users/miguelangelhernandez/Sites/php/sgt/system/CodeIgniter.php(431): CodeIgniter\CodeIgniter->runController(Object(App\Controllers\Deskapp\Tramites))
#11 /Users/miguelangelhernandez/Sites/php/sgt/system/CodeIgniter.php(332): CodeIgniter\CodeIgniter->handleRequest(NULL, Object(Config\Cache), false)
#12 /Users/miguelangelhernandez/Sites/php/sgt/public/index.php(44): CodeIgniter\CodeIgniter->run()
#13 {main}
