CRITICAL - 2023-12-30 00:47:48 --> Undefined variable: session
#0 /Users/miguelangelhernandez/Sites/php/sgt/app/Views/deskapp/includes/_header.php(126): CodeIgniter\Debug\Exceptions->errorHandler(8, 'Undefined varia...', '/Users/miguelan...', 126, Array)
#1 /Users/miguelangelhernandez/Sites/php/sgt/system/View/View.php(223): include('/Users/miguelan...')
#2 /Users/miguelangelhernandez/Sites/php/sgt/system/Common.php(1213): CodeIgniter\View\View->render('deskapp/include...', Array, true)
#3 /Users/miguelangelhernandez/Sites/php/sgt/app/Views/deskapp/extra-pages/grocery_page.php(37): view('deskapp/include...')
#4 /Users/miguelangelhernandez/Sites/php/sgt/system/View/View.php(223): include('/Users/miguelan...')
#5 /Users/miguelangelhernandez/Sites/php/sgt/system/Common.php(1213): CodeIgniter\View\View->render('/deskapp/extra-...', Array, true)
#6 /Users/miguelangelhernandez/Sites/php/sgt/app/Controllers/Example.php(48): view('/deskapp/extra-...', Array)
#7 /Users/miguelangelhernandez/Sites/php/sgt/app/Controllers/Example.php(38): App\Controllers\Example->_example_output(Object(GroceryCrud\Core\Render\RenderAbstract))
#8 /Users/miguelangelhernandez/Sites/php/sgt/system/CodeIgniter.php(935): App\Controllers\Example->customers()
#9 /Users/miguelangelhernandez/Sites/php/sgt/system/CodeIgniter.php(431): CodeIgniter\CodeIgniter->runController(Object(App\Controllers\Example))
#10 /Users/miguelangelhernandez/Sites/php/sgt/system/CodeIgniter.php(332): CodeIgniter\CodeIgniter->handleRequest(NULL, Object(Config\Cache), false)
#11 /Users/miguelangelhernandez/Sites/php/sgt/public/index.php(44): CodeIgniter\CodeIgniter->run()
#12 {main}
CRITICAL - 2023-12-30 00:49:01 --> Undefined variable: session
#0 /Users/miguelangelhernandez/Sites/php/sgt/app/Views/deskapp/includes/_header.php(126): CodeIgniter\Debug\Exceptions->errorHandler(8, 'Undefined varia...', '/Users/miguelan...', 126, Array)
#1 /Users/miguelangelhernandez/Sites/php/sgt/system/View/View.php(223): include('/Users/miguelan...')
#2 /Users/miguelangelhernandez/Sites/php/sgt/system/Common.php(1213): CodeIgniter\View\View->render('deskapp/include...', Array, true)
#3 /Users/miguelangelhernandez/Sites/php/sgt/app/Views/deskapp/extra-pages/grocery_page.php(37): view('deskapp/include...')
#4 /Users/miguelangelhernandez/Sites/php/sgt/system/View/View.php(223): include('/Users/miguelan...')
#5 /Users/miguelangelhernandez/Sites/php/sgt/system/Common.php(1213): CodeIgniter\View\View->render('/deskapp/extra-...', Array, true)
#6 /Users/miguelangelhernandez/Sites/php/sgt/app/Controllers/Example.php(48): view('/deskapp/extra-...', Array)
#7 /Users/miguelangelhernandez/Sites/php/sgt/app/Controllers/Example.php(38): App\Controllers\Example->_example_output(Object(GroceryCrud\Core\Render\RenderAbstract))
#8 /Users/miguelangelhernandez/Sites/php/sgt/system/CodeIgniter.php(935): App\Controllers\Example->customers()
#9 /Users/miguelangelhernandez/Sites/php/sgt/system/CodeIgniter.php(431): CodeIgniter\CodeIgniter->runController(Object(App\Controllers\Example))
#10 /Users/miguelangelhernandez/Sites/php/sgt/system/CodeIgniter.php(332): CodeIgniter\CodeIgniter->handleRequest(NULL, Object(Config\Cache), false)
#11 /Users/miguelangelhernandez/Sites/php/sgt/public/index.php(44): CodeIgniter\CodeIgniter->run()
#12 {main}
CRITICAL - 2023-12-30 00:49:18 --> Undefined variable: session
#0 /Users/miguelangelhernandez/Sites/php/sgt/app/Views/deskapp/includes/_header.php(126): CodeIgniter\Debug\Exceptions->errorHandler(8, 'Undefined varia...', '/Users/miguelan...', 126, Array)
#1 /Users/miguelangelhernandez/Sites/php/sgt/system/View/View.php(223): include('/Users/miguelan...')
#2 /Users/miguelangelhernandez/Sites/php/sgt/system/Common.php(1213): CodeIgniter\View\View->render('deskapp/include...', Array, true)
#3 /Users/miguelangelhernandez/Sites/php/sgt/app/Views/deskapp/extra-pages/grocery_page.php(37): view('deskapp/include...')
#4 /Users/miguelangelhernandez/Sites/php/sgt/system/View/View.php(223): include('/Users/miguelan...')
#5 /Users/miguelangelhernandez/Sites/php/sgt/system/Common.php(1213): CodeIgniter\View\View->render('/deskapp/extra-...', Array, true)
#6 /Users/miguelangelhernandez/Sites/php/sgt/app/Controllers/Example.php(48): view('/deskapp/extra-...', Array)
#7 /Users/miguelangelhernandez/Sites/php/sgt/app/Controllers/Example.php(38): App\Controllers\Example->_example_output(Object(GroceryCrud\Core\Render\RenderAbstract))
#8 /Users/miguelangelhernandez/Sites/php/sgt/system/CodeIgniter.php(935): App\Controllers\Example->customers()
#9 /Users/miguelangelhernandez/Sites/php/sgt/system/CodeIgniter.php(431): CodeIgniter\CodeIgniter->runController(Object(App\Controllers\Example))
#10 /Users/miguelangelhernandez/Sites/php/sgt/system/CodeIgniter.php(332): CodeIgniter\CodeIgniter->handleRequest(NULL, Object(Config\Cache), false)
#11 /Users/miguelangelhernandez/Sites/php/sgt/public/index.php(44): CodeIgniter\CodeIgniter->run()
#12 {main}
CRITICAL - 2023-12-30 01:02:50 --> Undefined variable: session
#0 /Users/miguelangelhernandez/Sites/php/sgt/app/Views/deskapp/includes/_header.php(126): CodeIgniter\Debug\Exceptions->errorHandler(8, 'Undefined varia...', '/Users/miguelan...', 126, Array)
#1 /Users/miguelangelhernandez/Sites/php/sgt/system/View/View.php(223): include('/Users/miguelan...')
#2 /Users/miguelangelhernandez/Sites/php/sgt/system/Common.php(1213): CodeIgniter\View\View->render('deskapp/include...', Array, true)
#3 /Users/miguelangelhernandez/Sites/php/sgt/app/Views/deskapp/extra-pages/grocery_page.php(37): view('deskapp/include...')
#4 /Users/miguelangelhernandez/Sites/php/sgt/system/View/View.php(223): include('/Users/miguelan...')
#5 /Users/miguelangelhernandez/Sites/php/sgt/system/Common.php(1213): CodeIgniter\View\View->render('/deskapp/extra-...', Array, true)
#6 /Users/miguelangelhernandez/Sites/php/sgt/app/Controllers/Example.php(47): view('/deskapp/extra-...', Array)
#7 /Users/miguelangelhernandez/Sites/php/sgt/app/Controllers/Example.php(37): App\Controllers\Example->_example_output(Object(GroceryCrud\Core\Render\RenderAbstract))
#8 /Users/miguelangelhernandez/Sites/php/sgt/system/CodeIgniter.php(935): App\Controllers\Example->customers()
#9 /Users/miguelangelhernandez/Sites/php/sgt/system/CodeIgniter.php(431): CodeIgniter\CodeIgniter->runController(Object(App\Controllers\Example))
#10 /Users/miguelangelhernandez/Sites/php/sgt/system/CodeIgniter.php(332): CodeIgniter\CodeIgniter->handleRequest(NULL, Object(Config\Cache), false)
#11 /Users/miguelangelhernandez/Sites/php/sgt/public/index.php(44): CodeIgniter\CodeIgniter->run()
#12 {main}
CRITICAL - 2023-12-30 01:05:35 --> Undefined variable: session
#0 /Users/miguelangelhernandez/Sites/php/sgt/app/Views/deskapp/includes/_header.php(126): CodeIgniter\Debug\Exceptions->errorHandler(8, 'Undefined varia...', '/Users/miguelan...', 126, Array)
#1 /Users/miguelangelhernandez/Sites/php/sgt/system/View/View.php(223): include('/Users/miguelan...')
#2 /Users/miguelangelhernandez/Sites/php/sgt/system/Common.php(1213): CodeIgniter\View\View->render('deskapp/include...', Array, true)
#3 /Users/miguelangelhernandez/Sites/php/sgt/app/Views/deskapp/extra-pages/grocery_page.php(37): view('deskapp/include...')
#4 /Users/miguelangelhernandez/Sites/php/sgt/system/View/View.php(223): include('/Users/miguelan...')
#5 /Users/miguelangelhernandez/Sites/php/sgt/system/Common.php(1213): CodeIgniter\View\View->render('/deskapp/extra-...', Array, true)
#6 /Users/miguelangelhernandez/Sites/php/sgt/app/Controllers/Example.php(47): view('/deskapp/extra-...', Array)
#7 /Users/miguelangelhernandez/Sites/php/sgt/app/Controllers/Example.php(37): App\Controllers\Example->_example_output(Object(GroceryCrud\Core\Render\RenderAbstract))
#8 /Users/miguelangelhernandez/Sites/php/sgt/system/CodeIgniter.php(935): App\Controllers\Example->customers()
#9 /Users/miguelangelhernandez/Sites/php/sgt/system/CodeIgniter.php(431): CodeIgniter\CodeIgniter->runController(Object(App\Controllers\Example))
#10 /Users/miguelangelhernandez/Sites/php/sgt/system/CodeIgniter.php(332): CodeIgniter\CodeIgniter->handleRequest(NULL, Object(Config\Cache), false)
#11 /Users/miguelangelhernandez/Sites/php/sgt/public/index.php(44): CodeIgniter\CodeIgniter->run()
#12 {main}
CRITICAL - 2023-12-30 01:06:16 --> Undefined variable: session
#0 /Users/miguelangelhernandez/Sites/php/sgt/app/Views/deskapp/includes/_header.php(126): CodeIgniter\Debug\Exceptions->errorHandler(8, 'Undefined varia...', '/Users/miguelan...', 126, Array)
#1 /Users/miguelangelhernandez/Sites/php/sgt/system/View/View.php(223): include('/Users/miguelan...')
#2 /Users/miguelangelhernandez/Sites/php/sgt/system/Common.php(1213): CodeIgniter\View\View->render('deskapp/include...', Array, true)
#3 /Users/miguelangelhernandez/Sites/php/sgt/app/Views/deskapp/extra-pages/grocery_page.php(37): view('deskapp/include...')
#4 /Users/miguelangelhernandez/Sites/php/sgt/system/View/View.php(223): include('/Users/miguelan...')
#5 /Users/miguelangelhernandez/Sites/php/sgt/system/Common.php(1213): CodeIgniter\View\View->render('/deskapp/extra-...', Array, true)
#6 /Users/miguelangelhernandez/Sites/php/sgt/app/Controllers/Example.php(47): view('/deskapp/extra-...', Array)
#7 /Users/miguelangelhernandez/Sites/php/sgt/app/Controllers/Example.php(37): App\Controllers\Example->_example_output(Object(GroceryCrud\Core\Render\RenderAbstract))
#8 /Users/miguelangelhernandez/Sites/php/sgt/system/CodeIgniter.php(935): App\Controllers\Example->customers()
#9 /Users/miguelangelhernandez/Sites/php/sgt/system/CodeIgniter.php(431): CodeIgniter\CodeIgniter->runController(Object(App\Controllers\Example))
#10 /Users/miguelangelhernandez/Sites/php/sgt/system/CodeIgniter.php(332): CodeIgniter\CodeIgniter->handleRequest(NULL, Object(Config\Cache), false)
#11 /Users/miguelangelhernandez/Sites/php/sgt/public/index.php(44): CodeIgniter\CodeIgniter->run()
#12 {main}
CRITICAL - 2023-12-30 01:06:35 --> Undefined variable: session
#0 /Users/miguelangelhernandez/Sites/php/sgt/app/Views/deskapp/includes/_header.php(126): CodeIgniter\Debug\Exceptions->errorHandler(8, 'Undefined varia...', '/Users/miguelan...', 126, Array)
#1 /Users/miguelangelhernandez/Sites/php/sgt/system/View/View.php(223): include('/Users/miguelan...')
#2 /Users/miguelangelhernandez/Sites/php/sgt/system/Common.php(1213): CodeIgniter\View\View->render('deskapp/include...', Array, true)
#3 /Users/miguelangelhernandez/Sites/php/sgt/app/Views/deskapp/extra-pages/grocery_page.php(37): view('deskapp/include...')
#4 /Users/miguelangelhernandez/Sites/php/sgt/system/View/View.php(223): include('/Users/miguelan...')
#5 /Users/miguelangelhernandez/Sites/php/sgt/system/Common.php(1213): CodeIgniter\View\View->render('/deskapp/extra-...', Array, true)
#6 /Users/miguelangelhernandez/Sites/php/sgt/app/Controllers/Example.php(47): view('/deskapp/extra-...', Array)
#7 /Users/miguelangelhernandez/Sites/php/sgt/app/Controllers/Example.php(37): App\Controllers\Example->_example_output(Object(GroceryCrud\Core\Render\RenderAbstract))
#8 /Users/miguelangelhernandez/Sites/php/sgt/system/CodeIgniter.php(935): App\Controllers\Example->customers()
#9 /Users/miguelangelhernandez/Sites/php/sgt/system/CodeIgniter.php(431): CodeIgniter\CodeIgniter->runController(Object(App\Controllers\Example))
#10 /Users/miguelangelhernandez/Sites/php/sgt/system/CodeIgniter.php(332): CodeIgniter\CodeIgniter->handleRequest(NULL, Object(Config\Cache), false)
#11 /Users/miguelangelhernandez/Sites/php/sgt/public/index.php(44): CodeIgniter\CodeIgniter->run()
#12 {main}
CRITICAL - 2023-12-30 01:06:47 --> Undefined variable: session
#0 /Users/miguelangelhernandez/Sites/php/sgt/app/Views/deskapp/includes/_header.php(126): CodeIgniter\Debug\Exceptions->errorHandler(8, 'Undefined varia...', '/Users/miguelan...', 126, Array)
#1 /Users/miguelangelhernandez/Sites/php/sgt/system/View/View.php(223): include('/Users/miguelan...')
#2 /Users/miguelangelhernandez/Sites/php/sgt/system/Common.php(1213): CodeIgniter\View\View->render('deskapp/include...', Array, true)
#3 /Users/miguelangelhernandez/Sites/php/sgt/app/Views/deskapp/extra-pages/grocery_page.php(37): view('deskapp/include...')
#4 /Users/miguelangelhernandez/Sites/php/sgt/system/View/View.php(223): include('/Users/miguelan...')
#5 /Users/miguelangelhernandez/Sites/php/sgt/system/Common.php(1213): CodeIgniter\View\View->render('/deskapp/extra-...', Array, true)
#6 /Users/miguelangelhernandez/Sites/php/sgt/app/Controllers/Example.php(47): view('/deskapp/extra-...', Array)
#7 /Users/miguelangelhernandez/Sites/php/sgt/app/Controllers/Example.php(37): App\Controllers\Example->_example_output(Object(GroceryCrud\Core\Render\RenderAbstract))
#8 /Users/miguelangelhernandez/Sites/php/sgt/system/CodeIgniter.php(935): App\Controllers\Example->customers()
#9 /Users/miguelangelhernandez/Sites/php/sgt/system/CodeIgniter.php(431): CodeIgniter\CodeIgniter->runController(Object(App\Controllers\Example))
#10 /Users/miguelangelhernandez/Sites/php/sgt/system/CodeIgniter.php(332): CodeIgniter\CodeIgniter->handleRequest(NULL, Object(Config\Cache), false)
#11 /Users/miguelangelhernandez/Sites/php/sgt/public/index.php(44): CodeIgniter\CodeIgniter->run()
#12 {main}
CRITICAL - 2023-12-30 01:22:29 --> Undefined variable: session
#0 /Users/miguelangelhernandez/Sites/php/sgt/app/Views/deskapp/includes/_header.php(126): CodeIgniter\Debug\Exceptions->errorHandler(8, 'Undefined varia...', '/Users/miguelan...', 126, Array)
#1 /Users/miguelangelhernandez/Sites/php/sgt/system/View/View.php(223): include('/Users/miguelan...')
#2 /Users/miguelangelhernandez/Sites/php/sgt/system/Common.php(1213): CodeIgniter\View\View->render('deskapp/include...', Array, true)
#3 /Users/miguelangelhernandez/Sites/php/sgt/app/Views/deskapp/extra-pages/grocery_page.php(37): view('deskapp/include...')
#4 /Users/miguelangelhernandez/Sites/php/sgt/system/View/View.php(223): include('/Users/miguelan...')
#5 /Users/miguelangelhernandez/Sites/php/sgt/system/Common.php(1213): CodeIgniter\View\View->render('/deskapp/extra-...', Array, true)
#6 /Users/miguelangelhernandez/Sites/php/sgt/app/Controllers/Deskapp/Example.php(49): view('/deskapp/extra-...', Array)
#7 /Users/miguelangelhernandez/Sites/php/sgt/app/Controllers/Deskapp/Example.php(39): App\Controllers\Deskapp\Example->_example_output(Object(GroceryCrud\Core\Render\RenderAbstract))
#8 /Users/miguelangelhernandez/Sites/php/sgt/system/CodeIgniter.php(935): App\Controllers\Deskapp\Example->customers()
#9 /Users/miguelangelhernandez/Sites/php/sgt/system/CodeIgniter.php(431): CodeIgniter\CodeIgniter->runController(Object(App\Controllers\Deskapp\Example))
#10 /Users/miguelangelhernandez/Sites/php/sgt/system/CodeIgniter.php(332): CodeIgniter\CodeIgniter->handleRequest(NULL, Object(Config\Cache), false)
#11 /Users/miguelangelhernandez/Sites/php/sgt/public/index.php(44): CodeIgniter\CodeIgniter->run()
#12 {main}
CRITICAL - 2023-12-30 01:22:50 --> Undefined variable: session
#0 /Users/miguelangelhernandez/Sites/php/sgt/app/Views/deskapp/includes/_header.php(126): CodeIgniter\Debug\Exceptions->errorHandler(8, 'Undefined varia...', '/Users/miguelan...', 126, Array)
#1 /Users/miguelangelhernandez/Sites/php/sgt/system/View/View.php(223): include('/Users/miguelan...')
#2 /Users/miguelangelhernandez/Sites/php/sgt/system/Common.php(1213): CodeIgniter\View\View->render('deskapp/include...', Array, true)
#3 /Users/miguelangelhernandez/Sites/php/sgt/app/Views/deskapp/extra-pages/grocery_page.php(37): view('deskapp/include...')
#4 /Users/miguelangelhernandez/Sites/php/sgt/system/View/View.php(223): include('/Users/miguelan...')
#5 /Users/miguelangelhernandez/Sites/php/sgt/system/Common.php(1213): CodeIgniter\View\View->render('/deskapp/extra-...', Array, true)
#6 /Users/miguelangelhernandez/Sites/php/sgt/app/Controllers/Deskapp/Example.php(47): view('/deskapp/extra-...', Array)
#7 /Users/miguelangelhernandez/Sites/php/sgt/app/Controllers/Deskapp/Example.php(37): App\Controllers\Deskapp\Example->_example_output(Object(GroceryCrud\Core\Render\RenderAbstract))
#8 /Users/miguelangelhernandez/Sites/php/sgt/system/CodeIgniter.php(935): App\Controllers\Deskapp\Example->customers()
#9 /Users/miguelangelhernandez/Sites/php/sgt/system/CodeIgniter.php(431): CodeIgniter\CodeIgniter->runController(Object(App\Controllers\Deskapp\Example))
#10 /Users/miguelangelhernandez/Sites/php/sgt/system/CodeIgniter.php(332): CodeIgniter\CodeIgniter->handleRequest(NULL, Object(Config\Cache), false)
#11 /Users/miguelangelhernandez/Sites/php/sgt/public/index.php(44): CodeIgniter\CodeIgniter->run()
#12 {main}
CRITICAL - 2023-12-30 01:29:32 --> Class 'App\Controllers\Deskapp\Object' not found
#0 /Users/miguelangelhernandez/Sites/php/sgt/system/CodeIgniter.php(935): App\Controllers\Deskapp\Example->customers()
#1 /Users/miguelangelhernandez/Sites/php/sgt/system/CodeIgniter.php(431): CodeIgniter\CodeIgniter->runController(Object(App\Controllers\Deskapp\Example))
#2 /Users/miguelangelhernandez/Sites/php/sgt/system/CodeIgniter.php(332): CodeIgniter\CodeIgniter->handleRequest(NULL, Object(Config\Cache), false)
#3 /Users/miguelangelhernandez/Sites/php/sgt/public/index.php(44): CodeIgniter\CodeIgniter->run()
#4 {main}
CRITICAL - 2023-12-30 01:30:41 --> Object of class GroceryCrud\Core\Render\RenderAbstract could not be converted to string
#0 /Users/miguelangelhernandez/Sites/php/sgt/system/View/View.php(223): include()
#1 /Users/miguelangelhernandez/Sites/php/sgt/system/Common.php(1213): CodeIgniter\View\View->render('/deskapp/extra-...', Array, true)
#2 /Users/miguelangelhernandez/Sites/php/sgt/app/Controllers/Deskapp/Example.php(48): view('/deskapp/extra-...', Array)
#3 /Users/miguelangelhernandez/Sites/php/sgt/app/Controllers/Deskapp/Example.php(38): App\Controllers\Deskapp\Example->_example_output(Array)
#4 /Users/miguelangelhernandez/Sites/php/sgt/system/CodeIgniter.php(935): App\Controllers\Deskapp\Example->customers()
#5 /Users/miguelangelhernandez/Sites/php/sgt/system/CodeIgniter.php(431): CodeIgniter\CodeIgniter->runController(Object(App\Controllers\Deskapp\Example))
#6 /Users/miguelangelhernandez/Sites/php/sgt/system/CodeIgniter.php(332): CodeIgniter\CodeIgniter->handleRequest(NULL, Object(Config\Cache), false)
#7 /Users/miguelangelhernandez/Sites/php/sgt/public/index.php(44): CodeIgniter\CodeIgniter->run()
#8 {main}
CRITICAL - 2023-12-30 01:31:22 --> Cannot use object of type GroceryCrud\Core\Render\RenderAbstract as array
#0 /Users/miguelangelhernandez/Sites/php/sgt/system/View/View.php(223): include()
#1 /Users/miguelangelhernandez/Sites/php/sgt/system/Common.php(1213): CodeIgniter\View\View->render('/deskapp/extra-...', Array, true)
#2 /Users/miguelangelhernandez/Sites/php/sgt/app/Controllers/Deskapp/Example.php(48): view('/deskapp/extra-...', Array)
#3 /Users/miguelangelhernandez/Sites/php/sgt/app/Controllers/Deskapp/Example.php(38): App\Controllers\Deskapp\Example->_example_output(Array)
#4 /Users/miguelangelhernandez/Sites/php/sgt/system/CodeIgniter.php(935): App\Controllers\Deskapp\Example->customers()
#5 /Users/miguelangelhernandez/Sites/php/sgt/system/CodeIgniter.php(431): CodeIgniter\CodeIgniter->runController(Object(App\Controllers\Deskapp\Example))
#6 /Users/miguelangelhernandez/Sites/php/sgt/system/CodeIgniter.php(332): CodeIgniter\CodeIgniter->handleRequest(NULL, Object(Config\Cache), false)
#7 /Users/miguelangelhernandez/Sites/php/sgt/public/index.php(44): CodeIgniter\CodeIgniter->run()
#8 {main}
CRITICAL - 2023-12-30 01:35:48 --> Trying to get property 'output' of non-object
#0 /Users/miguelangelhernandez/Sites/php/sgt/app/Controllers/Deskapp/Example.php(48): CodeIgniter\Debug\Exceptions->errorHandler(8, 'Trying to get p...', '/Users/miguelan...', 48, Array)
#1 /Users/miguelangelhernandez/Sites/php/sgt/app/Controllers/Deskapp/Example.php(38): App\Controllers\Deskapp\Example->_example_output(Array)
#2 /Users/miguelangelhernandez/Sites/php/sgt/system/CodeIgniter.php(935): App\Controllers\Deskapp\Example->customers()
#3 /Users/miguelangelhernandez/Sites/php/sgt/system/CodeIgniter.php(431): CodeIgniter\CodeIgniter->runController(Object(App\Controllers\Deskapp\Example))
#4 /Users/miguelangelhernandez/Sites/php/sgt/system/CodeIgniter.php(332): CodeIgniter\CodeIgniter->handleRequest(NULL, Object(Config\Cache), false)
#5 /Users/miguelangelhernandez/Sites/php/sgt/public/index.php(44): CodeIgniter\CodeIgniter->run()
#6 {main}
CRITICAL - 2023-12-30 20:45:24 --> Undefined variable: data
#0 /Users/miguelangelhernandez/Sites/php/sgt/app/Views/deskapp/extra-pages/grocery_page.php(79): CodeIgniter\Debug\Exceptions->errorHandler(8, 'Undefined varia...', '/Users/miguelan...', 79, Array)
#1 /Users/miguelangelhernandez/Sites/php/sgt/system/View/View.php(223): include('/Users/miguelan...')
#2 /Users/miguelangelhernandez/Sites/php/sgt/system/Common.php(1213): CodeIgniter\View\View->render('/deskapp/extra-...', Array, true)
#3 /Users/miguelangelhernandez/Sites/php/sgt/app/Controllers/Deskapp/Example.php(49): view('/deskapp/extra-...', Array)
#4 /Users/miguelangelhernandez/Sites/php/sgt/app/Controllers/Deskapp/Example.php(38): App\Controllers\Deskapp\Example->_example_output(Array)
#5 /Users/miguelangelhernandez/Sites/php/sgt/system/CodeIgniter.php(935): App\Controllers\Deskapp\Example->customers()
#6 /Users/miguelangelhernandez/Sites/php/sgt/system/CodeIgniter.php(431): CodeIgniter\CodeIgniter->runController(Object(App\Controllers\Deskapp\Example))
#7 /Users/miguelangelhernandez/Sites/php/sgt/system/CodeIgniter.php(332): CodeIgniter\CodeIgniter->handleRequest(NULL, Object(Config\Cache), false)
#8 /Users/miguelangelhernandez/Sites/php/sgt/public/index.php(44): CodeIgniter\CodeIgniter->run()
#9 {main}
CRITICAL - 2023-12-30 20:45:41 --> Undefined variable: data
#0 /Users/miguelangelhernandez/Sites/php/sgt/app/Views/deskapp/extra-pages/grocery_page.php(79): CodeIgniter\Debug\Exceptions->errorHandler(8, 'Undefined varia...', '/Users/miguelan...', 79, Array)
#1 /Users/miguelangelhernandez/Sites/php/sgt/system/View/View.php(223): include('/Users/miguelan...')
#2 /Users/miguelangelhernandez/Sites/php/sgt/system/Common.php(1213): CodeIgniter\View\View->render('/deskapp/extra-...', Array, true)
#3 /Users/miguelangelhernandez/Sites/php/sgt/app/Controllers/Deskapp/Example.php(49): view('/deskapp/extra-...', Array)
#4 /Users/miguelangelhernandez/Sites/php/sgt/app/Controllers/Deskapp/Example.php(38): App\Controllers\Deskapp\Example->_example_output(Array)
#5 /Users/miguelangelhernandez/Sites/php/sgt/system/CodeIgniter.php(935): App\Controllers\Deskapp\Example->customers()
#6 /Users/miguelangelhernandez/Sites/php/sgt/system/CodeIgniter.php(431): CodeIgniter\CodeIgniter->runController(Object(App\Controllers\Deskapp\Example))
#7 /Users/miguelangelhernandez/Sites/php/sgt/system/CodeIgniter.php(332): CodeIgniter\CodeIgniter->handleRequest(NULL, Object(Config\Cache), false)
#8 /Users/miguelangelhernandez/Sites/php/sgt/public/index.php(44): CodeIgniter\CodeIgniter->run()
#9 {main}
CRITICAL - 2023-12-30 20:45:59 --> Undefined variable: data
#0 /Users/miguelangelhernandez/Sites/php/sgt/app/Views/deskapp/extra-pages/grocery_page.php(79): CodeIgniter\Debug\Exceptions->errorHandler(8, 'Undefined varia...', '/Users/miguelan...', 79, Array)
#1 /Users/miguelangelhernandez/Sites/php/sgt/system/View/View.php(223): include('/Users/miguelan...')
#2 /Users/miguelangelhernandez/Sites/php/sgt/system/Common.php(1213): CodeIgniter\View\View->render('/deskapp/extra-...', Array, true)
#3 /Users/miguelangelhernandez/Sites/php/sgt/app/Controllers/Deskapp/Example.php(49): view('/deskapp/extra-...', Array)
#4 /Users/miguelangelhernandez/Sites/php/sgt/app/Controllers/Deskapp/Example.php(38): App\Controllers\Deskapp\Example->_example_output(Array)
#5 /Users/miguelangelhernandez/Sites/php/sgt/system/CodeIgniter.php(935): App\Controllers\Deskapp\Example->customers()
#6 /Users/miguelangelhernandez/Sites/php/sgt/system/CodeIgniter.php(431): CodeIgniter\CodeIgniter->runController(Object(App\Controllers\Deskapp\Example))
#7 /Users/miguelangelhernandez/Sites/php/sgt/system/CodeIgniter.php(332): CodeIgniter\CodeIgniter->handleRequest(NULL, Object(Config\Cache), false)
#8 /Users/miguelangelhernandez/Sites/php/sgt/public/index.php(44): CodeIgniter\CodeIgniter->run()
#9 {main}
CRITICAL - 2023-12-30 20:46:11 --> Undefined variable: data
#0 /Users/miguelangelhernandez/Sites/php/sgt/app/Views/deskapp/extra-pages/grocery_page.php(79): CodeIgniter\Debug\Exceptions->errorHandler(8, 'Undefined varia...', '/Users/miguelan...', 79, Array)
#1 /Users/miguelangelhernandez/Sites/php/sgt/system/View/View.php(223): include('/Users/miguelan...')
#2 /Users/miguelangelhernandez/Sites/php/sgt/system/Common.php(1213): CodeIgniter\View\View->render('/deskapp/extra-...', Array, true)
#3 /Users/miguelangelhernandez/Sites/php/sgt/app/Controllers/Deskapp/Example.php(49): view('/deskapp/extra-...', Array)
#4 /Users/miguelangelhernandez/Sites/php/sgt/app/Controllers/Deskapp/Example.php(38): App\Controllers\Deskapp\Example->_example_output(Array)
#5 /Users/miguelangelhernandez/Sites/php/sgt/system/CodeIgniter.php(935): App\Controllers\Deskapp\Example->customers()
#6 /Users/miguelangelhernandez/Sites/php/sgt/system/CodeIgniter.php(431): CodeIgniter\CodeIgniter->runController(Object(App\Controllers\Deskapp\Example))
#7 /Users/miguelangelhernandez/Sites/php/sgt/system/CodeIgniter.php(332): CodeIgniter\CodeIgniter->handleRequest(NULL, Object(Config\Cache), false)
#8 /Users/miguelangelhernandez/Sites/php/sgt/public/index.php(44): CodeIgniter\CodeIgniter->run()
#9 {main}
CRITICAL - 2023-12-30 20:46:38 --> Object of class GroceryCrud\Core\Render\RenderAbstract could not be converted to string
#0 /Users/miguelangelhernandez/Sites/php/sgt/system/View/View.php(223): include()
#1 /Users/miguelangelhernandez/Sites/php/sgt/system/Common.php(1213): CodeIgniter\View\View->render('/deskapp/extra-...', Array, true)
#2 /Users/miguelangelhernandez/Sites/php/sgt/app/Controllers/Deskapp/Example.php(49): view('/deskapp/extra-...', Array)
#3 /Users/miguelangelhernandez/Sites/php/sgt/app/Controllers/Deskapp/Example.php(38): App\Controllers\Deskapp\Example->_example_output(Array)
#4 /Users/miguelangelhernandez/Sites/php/sgt/system/CodeIgniter.php(935): App\Controllers\Deskapp\Example->customers()
#5 /Users/miguelangelhernandez/Sites/php/sgt/system/CodeIgniter.php(431): CodeIgniter\CodeIgniter->runController(Object(App\Controllers\Deskapp\Example))
#6 /Users/miguelangelhernandez/Sites/php/sgt/system/CodeIgniter.php(332): CodeIgniter\CodeIgniter->handleRequest(NULL, Object(Config\Cache), false)
#7 /Users/miguelangelhernandez/Sites/php/sgt/public/index.php(44): CodeIgniter\CodeIgniter->run()
#8 {main}
CRITICAL - 2023-12-30 20:47:30 --> Undefined variable: session
#0 /Users/miguelangelhernandez/Sites/php/sgt/app/Views/deskapp/includes/_header.php(126): CodeIgniter\Debug\Exceptions->errorHandler(8, 'Undefined varia...', '/Users/miguelan...', 126, Array)
#1 /Users/miguelangelhernandez/Sites/php/sgt/system/View/View.php(223): include('/Users/miguelan...')
#2 /Users/miguelangelhernandez/Sites/php/sgt/system/Common.php(1213): CodeIgniter\View\View->render('deskapp/include...', Array, true)
#3 /Users/miguelangelhernandez/Sites/php/sgt/app/Views/deskapp/extra-pages/grocery_page.php(37): view('deskapp/include...')
#4 /Users/miguelangelhernandez/Sites/php/sgt/system/View/View.php(223): include('/Users/miguelan...')
#5 /Users/miguelangelhernandez/Sites/php/sgt/system/Common.php(1213): CodeIgniter\View\View->render('/deskapp/extra-...', Array, true)
#6 /Users/miguelangelhernandez/Sites/php/sgt/app/Controllers/Deskapp/Example.php(49): view('/deskapp/extra-...', Array)
#7 /Users/miguelangelhernandez/Sites/php/sgt/app/Controllers/Deskapp/Example.php(38): App\Controllers\Deskapp\Example->_example_output(Array)
#8 /Users/miguelangelhernandez/Sites/php/sgt/system/CodeIgniter.php(935): App\Controllers\Deskapp\Example->customers()
#9 /Users/miguelangelhernandez/Sites/php/sgt/system/CodeIgniter.php(431): CodeIgniter\CodeIgniter->runController(Object(App\Controllers\Deskapp\Example))
#10 /Users/miguelangelhernandez/Sites/php/sgt/system/CodeIgniter.php(332): CodeIgniter\CodeIgniter->handleRequest(NULL, Object(Config\Cache), false)
#11 /Users/miguelangelhernandez/Sites/php/sgt/public/index.php(44): CodeIgniter\CodeIgniter->run()
#12 {main}
CRITICAL - 2023-12-30 21:07:00 --> Undefined variable: session
#0 /Users/miguelangelhernandez/Sites/php/sgt/app/Views/deskapp/includes/_header.php(126): CodeIgniter\Debug\Exceptions->errorHandler(8, 'Undefined varia...', '/Users/miguelan...', 126, Array)
#1 /Users/miguelangelhernandez/Sites/php/sgt/system/View/View.php(223): include('/Users/miguelan...')
#2 /Users/miguelangelhernandez/Sites/php/sgt/system/Common.php(1213): CodeIgniter\View\View->render('deskapp/include...', Array, true)
#3 /Users/miguelangelhernandez/Sites/php/sgt/app/Views/deskapp/extra-pages/grocery_page.php(37): view('deskapp/include...')
#4 /Users/miguelangelhernandez/Sites/php/sgt/system/View/View.php(223): include('/Users/miguelan...')
#5 /Users/miguelangelhernandez/Sites/php/sgt/system/Common.php(1213): CodeIgniter\View\View->render('/deskapp/extra-...', Array, true)
#6 /Users/miguelangelhernandez/Sites/php/sgt/app/Controllers/Deskapp/Example.php(48): view('/deskapp/extra-...', Array)
#7 /Users/miguelangelhernandez/Sites/php/sgt/app/Controllers/Deskapp/Example.php(38): App\Controllers\Deskapp\Example->_example_output(Object(GroceryCrud\Core\Render\RenderAbstract))
#8 /Users/miguelangelhernandez/Sites/php/sgt/system/CodeIgniter.php(935): App\Controllers\Deskapp\Example->customers()
#9 /Users/miguelangelhernandez/Sites/php/sgt/system/CodeIgniter.php(431): CodeIgniter\CodeIgniter->runController(Object(App\Controllers\Deskapp\Example))
#10 /Users/miguelangelhernandez/Sites/php/sgt/system/CodeIgniter.php(332): CodeIgniter\CodeIgniter->handleRequest(NULL, Object(Config\Cache), false)
#11 /Users/miguelangelhernandez/Sites/php/sgt/public/index.php(44): CodeIgniter\CodeIgniter->run()
#12 {main}
CRITICAL - 2023-12-30 21:09:44 --> Undefined variable: session
#0 /Users/miguelangelhernandez/Sites/php/sgt/app/Views/deskapp/includes/_header.php(126): CodeIgniter\Debug\Exceptions->errorHandler(8, 'Undefined varia...', '/Users/miguelan...', 126, Array)
#1 /Users/miguelangelhernandez/Sites/php/sgt/system/View/View.php(223): include('/Users/miguelan...')
#2 /Users/miguelangelhernandez/Sites/php/sgt/system/Common.php(1213): CodeIgniter\View\View->render('deskapp/include...', Array, true)
#3 /Users/miguelangelhernandez/Sites/php/sgt/app/Views/deskapp/extra-pages/grocery_page.php(37): view('deskapp/include...')
#4 /Users/miguelangelhernandez/Sites/php/sgt/system/View/View.php(223): include('/Users/miguelan...')
#5 /Users/miguelangelhernandez/Sites/php/sgt/system/Common.php(1213): CodeIgniter\View\View->render('/deskapp/extra-...', Array, true)
#6 /Users/miguelangelhernandez/Sites/php/sgt/app/Controllers/Deskapp/Example.php(48): view('/deskapp/extra-...', Array)
#7 /Users/miguelangelhernandez/Sites/php/sgt/app/Controllers/Deskapp/Example.php(38): App\Controllers\Deskapp\Example->_example_output(Object(GroceryCrud\Core\Render\RenderAbstract))
#8 /Users/miguelangelhernandez/Sites/php/sgt/system/CodeIgniter.php(935): App\Controllers\Deskapp\Example->customers()
#9 /Users/miguelangelhernandez/Sites/php/sgt/system/CodeIgniter.php(431): CodeIgniter\CodeIgniter->runController(Object(App\Controllers\Deskapp\Example))
#10 /Users/miguelangelhernandez/Sites/php/sgt/system/CodeIgniter.php(332): CodeIgniter\CodeIgniter->handleRequest(NULL, Object(Config\Cache), false)
#11 /Users/miguelangelhernandez/Sites/php/sgt/public/index.php(44): CodeIgniter\CodeIgniter->run()
#12 {main}
CRITICAL - 2023-12-30 21:10:40 --> Undefined variable: session
#0 /Users/miguelangelhernandez/Sites/php/sgt/app/Views/deskapp/includes/_header.php(126): CodeIgniter\Debug\Exceptions->errorHandler(8, 'Undefined varia...', '/Users/miguelan...', 126, Array)
#1 /Users/miguelangelhernandez/Sites/php/sgt/system/View/View.php(223): include('/Users/miguelan...')
#2 /Users/miguelangelhernandez/Sites/php/sgt/system/Common.php(1213): CodeIgniter\View\View->render('deskapp/include...', Array, true)
#3 /Users/miguelangelhernandez/Sites/php/sgt/app/Views/deskapp/extra-pages/grocery_page.php(37): view('deskapp/include...')
#4 /Users/miguelangelhernandez/Sites/php/sgt/system/View/View.php(223): include('/Users/miguelan...')
#5 /Users/miguelangelhernandez/Sites/php/sgt/system/Common.php(1213): CodeIgniter\View\View->render('/deskapp/extra-...', Array, true)
#6 /Users/miguelangelhernandez/Sites/php/sgt/app/Controllers/Deskapp/Example.php(48): view('/deskapp/extra-...', Array)
#7 /Users/miguelangelhernandez/Sites/php/sgt/app/Controllers/Deskapp/Example.php(38): App\Controllers\Deskapp\Example->_example_output(Object(GroceryCrud\Core\Render\RenderAbstract))
#8 /Users/miguelangelhernandez/Sites/php/sgt/system/CodeIgniter.php(935): App\Controllers\Deskapp\Example->customers()
#9 /Users/miguelangelhernandez/Sites/php/sgt/system/CodeIgniter.php(431): CodeIgniter\CodeIgniter->runController(Object(App\Controllers\Deskapp\Example))
#10 /Users/miguelangelhernandez/Sites/php/sgt/system/CodeIgniter.php(332): CodeIgniter\CodeIgniter->handleRequest(NULL, Object(Config\Cache), false)
#11 /Users/miguelangelhernandez/Sites/php/sgt/public/index.php(44): CodeIgniter\CodeIgniter->run()
#12 {main}
CRITICAL - 2023-12-30 21:16:29 --> Undefined variable: session
#0 /Users/miguelangelhernandez/Sites/php/sgt/app/Views/deskapp/includes/_header.php(126): CodeIgniter\Debug\Exceptions->errorHandler(8, 'Undefined varia...', '/Users/miguelan...', 126, Array)
#1 /Users/miguelangelhernandez/Sites/php/sgt/system/View/View.php(223): include('/Users/miguelan...')
#2 /Users/miguelangelhernandez/Sites/php/sgt/system/Common.php(1213): CodeIgniter\View\View->render('deskapp/include...', Array, true)
#3 /Users/miguelangelhernandez/Sites/php/sgt/app/Views/deskapp/extra-pages/grocery_page.php(37): view('deskapp/include...')
#4 /Users/miguelangelhernandez/Sites/php/sgt/system/View/View.php(223): include('/Users/miguelan...')
#5 /Users/miguelangelhernandez/Sites/php/sgt/system/Common.php(1213): CodeIgniter\View\View->render('/deskapp/extra-...', Array, true)
#6 /Users/miguelangelhernandez/Sites/php/sgt/app/Controllers/Deskapp/Example.php(48): view('/deskapp/extra-...', Array, Array)
#7 /Users/miguelangelhernandez/Sites/php/sgt/app/Controllers/Deskapp/Example.php(38): App\Controllers\Deskapp\Example->_example_output(Object(GroceryCrud\Core\Render\RenderAbstract), Array)
#8 /Users/miguelangelhernandez/Sites/php/sgt/system/CodeIgniter.php(935): App\Controllers\Deskapp\Example->customers()
#9 /Users/miguelangelhernandez/Sites/php/sgt/system/CodeIgniter.php(431): CodeIgniter\CodeIgniter->runController(Object(App\Controllers\Deskapp\Example))
#10 /Users/miguelangelhernandez/Sites/php/sgt/system/CodeIgniter.php(332): CodeIgniter\CodeIgniter->handleRequest(NULL, Object(Config\Cache), false)
#11 /Users/miguelangelhernandez/Sites/php/sgt/public/index.php(44): CodeIgniter\CodeIgniter->run()
#12 {main}
CRITICAL - 2023-12-30 21:16:44 --> Undefined variable: session
#0 /Users/miguelangelhernandez/Sites/php/sgt/app/Views/deskapp/includes/_header.php(126): CodeIgniter\Debug\Exceptions->errorHandler(8, 'Undefined varia...', '/Users/miguelan...', 126, Array)
#1 /Users/miguelangelhernandez/Sites/php/sgt/system/View/View.php(223): include('/Users/miguelan...')
#2 /Users/miguelangelhernandez/Sites/php/sgt/system/Common.php(1213): CodeIgniter\View\View->render('deskapp/include...', Array, true)
#3 /Users/miguelangelhernandez/Sites/php/sgt/app/Views/deskapp/extra-pages/grocery_page.php(37): view('deskapp/include...')
#4 /Users/miguelangelhernandez/Sites/php/sgt/system/View/View.php(223): include('/Users/miguelan...')
#5 /Users/miguelangelhernandez/Sites/php/sgt/system/Common.php(1213): CodeIgniter\View\View->render('/deskapp/extra-...', Array, true)
#6 /Users/miguelangelhernandez/Sites/php/sgt/app/Controllers/Deskapp/Example.php(48): view('/deskapp/extra-...', Array, Array)
#7 /Users/miguelangelhernandez/Sites/php/sgt/app/Controllers/Deskapp/Example.php(38): App\Controllers\Deskapp\Example->_example_output(Object(GroceryCrud\Core\Render\RenderAbstract), Array)
#8 /Users/miguelangelhernandez/Sites/php/sgt/system/CodeIgniter.php(935): App\Controllers\Deskapp\Example->customers()
#9 /Users/miguelangelhernandez/Sites/php/sgt/system/CodeIgniter.php(431): CodeIgniter\CodeIgniter->runController(Object(App\Controllers\Deskapp\Example))
#10 /Users/miguelangelhernandez/Sites/php/sgt/system/CodeIgniter.php(332): CodeIgniter\CodeIgniter->handleRequest(NULL, Object(Config\Cache), false)
#11 /Users/miguelangelhernandez/Sites/php/sgt/public/index.php(44): CodeIgniter\CodeIgniter->run()
#12 {main}
CRITICAL - 2023-12-30 21:17:47 --> Undefined variable: session
#0 /Users/miguelangelhernandez/Sites/php/sgt/app/Views/deskapp/includes/_header.php(126): CodeIgniter\Debug\Exceptions->errorHandler(8, 'Undefined varia...', '/Users/miguelan...', 126, Array)
#1 /Users/miguelangelhernandez/Sites/php/sgt/system/View/View.php(223): include('/Users/miguelan...')
#2 /Users/miguelangelhernandez/Sites/php/sgt/system/Common.php(1213): CodeIgniter\View\View->render('deskapp/include...', Array, true)
#3 /Users/miguelangelhernandez/Sites/php/sgt/app/Views/deskapp/extra-pages/grocery_page.php(37): view('deskapp/include...')
#4 /Users/miguelangelhernandez/Sites/php/sgt/system/View/View.php(223): include('/Users/miguelan...')
#5 /Users/miguelangelhernandez/Sites/php/sgt/system/Common.php(1213): CodeIgniter\View\View->render('/deskapp/extra-...', Array, true)
#6 /Users/miguelangelhernandez/Sites/php/sgt/app/Controllers/Deskapp/Example.php(49): view('/deskapp/extra-...', Array, Array)
#7 /Users/miguelangelhernandez/Sites/php/sgt/app/Controllers/Deskapp/Example.php(39): App\Controllers\Deskapp\Example->_example_output(Object(GroceryCrud\Core\Render\RenderAbstract), Array)
#8 /Users/miguelangelhernandez/Sites/php/sgt/system/CodeIgniter.php(935): App\Controllers\Deskapp\Example->customers()
#9 /Users/miguelangelhernandez/Sites/php/sgt/system/CodeIgniter.php(431): CodeIgniter\CodeIgniter->runController(Object(App\Controllers\Deskapp\Example))
#10 /Users/miguelangelhernandez/Sites/php/sgt/system/CodeIgniter.php(332): CodeIgniter\CodeIgniter->handleRequest(NULL, Object(Config\Cache), false)
#11 /Users/miguelangelhernandez/Sites/php/sgt/public/index.php(44): CodeIgniter\CodeIgniter->run()
#12 {main}
CRITICAL - 2023-12-30 21:18:32 --> Undefined variable: session
#0 /Users/miguelangelhernandez/Sites/php/sgt/app/Views/deskapp/includes/_header.php(126): CodeIgniter\Debug\Exceptions->errorHandler(8, 'Undefined varia...', '/Users/miguelan...', 126, Array)
#1 /Users/miguelangelhernandez/Sites/php/sgt/system/View/View.php(223): include('/Users/miguelan...')
#2 /Users/miguelangelhernandez/Sites/php/sgt/system/Common.php(1213): CodeIgniter\View\View->render('deskapp/include...', Array, true)
#3 /Users/miguelangelhernandez/Sites/php/sgt/app/Views/deskapp/extra-pages/grocery_page.php(37): view('deskapp/include...')
#4 /Users/miguelangelhernandez/Sites/php/sgt/system/View/View.php(223): include('/Users/miguelan...')
#5 /Users/miguelangelhernandez/Sites/php/sgt/system/Common.php(1213): CodeIgniter\View\View->render('/deskapp/extra-...', Array, true)
#6 /Users/miguelangelhernandez/Sites/php/sgt/app/Controllers/Deskapp/Example.php(49): view('/deskapp/extra-...', Array, Array)
#7 /Users/miguelangelhernandez/Sites/php/sgt/app/Controllers/Deskapp/Example.php(39): App\Controllers\Deskapp\Example->_example_output(Object(GroceryCrud\Core\Render\RenderAbstract), Array)
#8 /Users/miguelangelhernandez/Sites/php/sgt/system/CodeIgniter.php(935): App\Controllers\Deskapp\Example->customers()
#9 /Users/miguelangelhernandez/Sites/php/sgt/system/CodeIgniter.php(431): CodeIgniter\CodeIgniter->runController(Object(App\Controllers\Deskapp\Example))
#10 /Users/miguelangelhernandez/Sites/php/sgt/system/CodeIgniter.php(332): CodeIgniter\CodeIgniter->handleRequest(NULL, Object(Config\Cache), false)
#11 /Users/miguelangelhernandez/Sites/php/sgt/public/index.php(44): CodeIgniter\CodeIgniter->run()
#12 {main}
CRITICAL - 2023-12-30 21:19:17 --> Undefined variable: session
#0 /Users/miguelangelhernandez/Sites/php/sgt/app/Views/deskapp/includes/_header.php(126): CodeIgniter\Debug\Exceptions->errorHandler(8, 'Undefined varia...', '/Users/miguelan...', 126, Array)
#1 /Users/miguelangelhernandez/Sites/php/sgt/system/View/View.php(223): include('/Users/miguelan...')
#2 /Users/miguelangelhernandez/Sites/php/sgt/system/Common.php(1213): CodeIgniter\View\View->render('deskapp/include...', Array, true)
#3 /Users/miguelangelhernandez/Sites/php/sgt/app/Views/deskapp/extra-pages/grocery_page.php(37): view('deskapp/include...')
#4 /Users/miguelangelhernandez/Sites/php/sgt/system/View/View.php(223): include('/Users/miguelan...')
#5 /Users/miguelangelhernandez/Sites/php/sgt/system/Common.php(1213): CodeIgniter\View\View->render('/deskapp/extra-...', Array, true)
#6 /Users/miguelangelhernandez/Sites/php/sgt/app/Controllers/Deskapp/Example.php(50): view('/deskapp/extra-...', Array, Array)
#7 /Users/miguelangelhernandez/Sites/php/sgt/app/Controllers/Deskapp/Example.php(40): App\Controllers\Deskapp\Example->_example_output(Object(GroceryCrud\Core\Render\RenderAbstract), Array)
#8 /Users/miguelangelhernandez/Sites/php/sgt/system/CodeIgniter.php(935): App\Controllers\Deskapp\Example->customers()
#9 /Users/miguelangelhernandez/Sites/php/sgt/system/CodeIgniter.php(431): CodeIgniter\CodeIgniter->runController(Object(App\Controllers\Deskapp\Example))
#10 /Users/miguelangelhernandez/Sites/php/sgt/system/CodeIgniter.php(332): CodeIgniter\CodeIgniter->handleRequest(NULL, Object(Config\Cache), false)
#11 /Users/miguelangelhernandez/Sites/php/sgt/public/index.php(44): CodeIgniter\CodeIgniter->run()
#12 {main}
CRITICAL - 2023-12-30 21:19:48 --> Undefined variable: session
#0 /Users/miguelangelhernandez/Sites/php/sgt/app/Views/deskapp/includes/_header.php(126): CodeIgniter\Debug\Exceptions->errorHandler(8, 'Undefined varia...', '/Users/miguelan...', 126, Array)
#1 /Users/miguelangelhernandez/Sites/php/sgt/system/View/View.php(223): include('/Users/miguelan...')
#2 /Users/miguelangelhernandez/Sites/php/sgt/system/Common.php(1213): CodeIgniter\View\View->render('deskapp/include...', Array, true)
#3 /Users/miguelangelhernandez/Sites/php/sgt/app/Views/deskapp/extra-pages/grocery_page.php(37): view('deskapp/include...')
#4 /Users/miguelangelhernandez/Sites/php/sgt/system/View/View.php(223): include('/Users/miguelan...')
#5 /Users/miguelangelhernandez/Sites/php/sgt/system/Common.php(1213): CodeIgniter\View\View->render('/deskapp/extra-...', Array, true)
#6 /Users/miguelangelhernandez/Sites/php/sgt/app/Controllers/Deskapp/Example.php(50): view('/deskapp/extra-...', Array)
#7 /Users/miguelangelhernandez/Sites/php/sgt/app/Controllers/Deskapp/Example.php(40): App\Controllers\Deskapp\Example->_example_output(Object(GroceryCrud\Core\Render\RenderAbstract))
#8 /Users/miguelangelhernandez/Sites/php/sgt/system/CodeIgniter.php(935): App\Controllers\Deskapp\Example->customers()
#9 /Users/miguelangelhernandez/Sites/php/sgt/system/CodeIgniter.php(431): CodeIgniter\CodeIgniter->runController(Object(App\Controllers\Deskapp\Example))
#10 /Users/miguelangelhernandez/Sites/php/sgt/system/CodeIgniter.php(332): CodeIgniter\CodeIgniter->handleRequest(NULL, Object(Config\Cache), false)
#11 /Users/miguelangelhernandez/Sites/php/sgt/public/index.php(44): CodeIgniter\CodeIgniter->run()
#12 {main}
CRITICAL - 2023-12-30 21:29:49 --> Cannot use object of type GroceryCrud\Core\Render\RenderAbstract as array
#0 /Users/miguelangelhernandez/Sites/php/sgt/system/CodeIgniter.php(935): App\Controllers\Deskapp\Example->customers()
#1 /Users/miguelangelhernandez/Sites/php/sgt/system/CodeIgniter.php(431): CodeIgniter\CodeIgniter->runController(Object(App\Controllers\Deskapp\Example))
#2 /Users/miguelangelhernandez/Sites/php/sgt/system/CodeIgniter.php(332): CodeIgniter\CodeIgniter->handleRequest(NULL, Object(Config\Cache), false)
#3 /Users/miguelangelhernandez/Sites/php/sgt/public/index.php(44): CodeIgniter\CodeIgniter->run()
#4 {main}
