CRITICAL - 2024-02-25 17:55:03 --> Class 'App\Controllers\Deskapp\BaseController' not found
#0 /Users/miguelangelhernandez/Sites/php/sgt/system/Router/Router.php(562): include_once()
#1 /Users/miguelangelhernandez/Sites/php/sgt/system/Router/Router.php(170): CodeIgniter\Router\Router->autoRoute('deskapp/bitacor...')
#2 /Users/miguelangelhernandez/Sites/php/sgt/system/CodeIgniter.php(815): CodeIgniter\Router\Router->handle('deskapp/bitacor...')
#3 /Users/miguelangelhernandez/Sites/php/sgt/system/CodeIgniter.php(384): CodeIgniter\CodeIgniter->tryToRouteIt(Object(CodeIgniter\Router\RouteCollection))
#4 /Users/miguelangelhernandez/Sites/php/sgt/system/CodeIgniter.php(332): CodeIgniter\CodeIgniter->handleRequest(NULL, Object(Config\Cache), false)
#5 /Users/miguelangelhernandez/Sites/php/sgt/public/index.php(44): CodeIgniter\CodeIgniter->run()
#6 {main}
CRITICAL - 2024-02-25 17:57:10 --> Too few arguments to function GroceryCrud\Core\Model::__construct(), 0 passed in /Users/miguelangelhernandez/Sites/php/sgt/app/Controllers/Deskapp/Bitacora.php on line 14 and exactly 1 expected
#0 /Users/miguelangelhernandez/Sites/php/sgt/app/Controllers/Deskapp/Bitacora.php(14): GroceryCrud\Core\Model->__construct()
#1 /Users/miguelangelhernandez/Sites/php/sgt/system/CodeIgniter.php(935): App\Controllers\Deskapp\Bitacora->index()
#2 /Users/miguelangelhernandez/Sites/php/sgt/system/CodeIgniter.php(431): CodeIgniter\CodeIgniter->runController(Object(App\Controllers\Deskapp\Bitacora))
#3 /Users/miguelangelhernandez/Sites/php/sgt/system/CodeIgniter.php(332): CodeIgniter\CodeIgniter->handleRequest(NULL, Object(Config\Cache), false)
#4 /Users/miguelangelhernandez/Sites/php/sgt/public/index.php(44): CodeIgniter\CodeIgniter->run()
#5 {main}
CRITICAL - 2024-02-25 18:00:53 --> Call to undefined method App\Controllers\Deskapp\Bitacora::_getDbData()
#0 /Users/miguelangelhernandez/Sites/php/sgt/system/CodeIgniter.php(935): App\Controllers\Deskapp\Bitacora->index()
#1 /Users/miguelangelhernandez/Sites/php/sgt/system/CodeIgniter.php(431): CodeIgniter\CodeIgniter->runController(Object(App\Controllers\Deskapp\Bitacora))
#2 /Users/miguelangelhernandez/Sites/php/sgt/system/CodeIgniter.php(332): CodeIgniter\CodeIgniter->handleRequest(NULL, Object(Config\Cache), false)
#3 /Users/miguelangelhernandez/Sites/php/sgt/public/index.php(44): CodeIgniter\CodeIgniter->run()
#4 {main}
CRITICAL - 2024-02-25 18:04:06 --> Call to undefined method App\Controllers\Deskapp\Bitacora::_getDbData()
#0 /Users/miguelangelhernandez/Sites/php/sgt/system/CodeIgniter.php(935): App\Controllers\Deskapp\Bitacora->index()
#1 /Users/miguelangelhernandez/Sites/php/sgt/system/CodeIgniter.php(431): CodeIgniter\CodeIgniter->runController(Object(App\Controllers\Deskapp\Bitacora))
#2 /Users/miguelangelhernandez/Sites/php/sgt/system/CodeIgniter.php(332): CodeIgniter\CodeIgniter->handleRequest(NULL, Object(Config\Cache), false)
#3 /Users/miguelangelhernandez/Sites/php/sgt/public/index.php(44): CodeIgniter\CodeIgniter->run()
#4 {main}
CRITICAL - 2024-02-25 18:10:25 --> Class 'App\Controllers\Deskapp\ConfigDatabase' not found
#0 /Users/miguelangelhernandez/Sites/php/sgt/app/Controllers/Deskapp/Bitacora.php(14): App\Controllers\Deskapp\Bitacora->_getDbData()
#1 /Users/miguelangelhernandez/Sites/php/sgt/system/CodeIgniter.php(935): App\Controllers\Deskapp\Bitacora->index()
#2 /Users/miguelangelhernandez/Sites/php/sgt/system/CodeIgniter.php(431): CodeIgniter\CodeIgniter->runController(Object(App\Controllers\Deskapp\Bitacora))
#3 /Users/miguelangelhernandez/Sites/php/sgt/system/CodeIgniter.php(332): CodeIgniter\CodeIgniter->handleRequest(NULL, Object(Config\Cache), false)
#4 /Users/miguelangelhernandez/Sites/php/sgt/public/index.php(44): CodeIgniter\CodeIgniter->run()
#5 {main}
CRITICAL - 2024-02-25 18:10:42 --> Call to undefined method App\Models\BitacoraModel::orderBy()
#0 /Users/miguelangelhernandez/Sites/php/sgt/system/CodeIgniter.php(935): App\Controllers\Deskapp\Bitacora->index()
#1 /Users/miguelangelhernandez/Sites/php/sgt/system/CodeIgniter.php(431): CodeIgniter\CodeIgniter->runController(Object(App\Controllers\Deskapp\Bitacora))
#2 /Users/miguelangelhernandez/Sites/php/sgt/system/CodeIgniter.php(332): CodeIgniter\CodeIgniter->handleRequest(NULL, Object(Config\Cache), false)
#3 /Users/miguelangelhernandez/Sites/php/sgt/public/index.php(44): CodeIgniter\CodeIgniter->run()
#4 {main}
CRITICAL - 2024-02-25 18:11:47 --> Call to undefined method App\Models\BitacoraModel::findAll()
#0 /Users/miguelangelhernandez/Sites/php/sgt/system/CodeIgniter.php(935): App\Controllers\Deskapp\Bitacora->index()
#1 /Users/miguelangelhernandez/Sites/php/sgt/system/CodeIgniter.php(431): CodeIgniter\CodeIgniter->runController(Object(App\Controllers\Deskapp\Bitacora))
#2 /Users/miguelangelhernandez/Sites/php/sgt/system/CodeIgniter.php(332): CodeIgniter\CodeIgniter->handleRequest(NULL, Object(Config\Cache), false)
#3 /Users/miguelangelhernandez/Sites/php/sgt/public/index.php(44): CodeIgniter\CodeIgniter->run()
#4 {main}
CRITICAL - 2024-02-25 18:20:42 --> Call to undefined method App\Models\BitacoraModel::select()
#0 /Users/miguelangelhernandez/Sites/php/sgt/system/CodeIgniter.php(935): App\Controllers\Deskapp\Bitacora->index()
#1 /Users/miguelangelhernandez/Sites/php/sgt/system/CodeIgniter.php(431): CodeIgniter\CodeIgniter->runController(Object(App\Controllers\Deskapp\Bitacora))
#2 /Users/miguelangelhernandez/Sites/php/sgt/system/CodeIgniter.php(332): CodeIgniter\CodeIgniter->handleRequest(NULL, Object(Config\Cache), false)
#3 /Users/miguelangelhernandez/Sites/php/sgt/public/index.php(44): CodeIgniter\CodeIgniter->run()
#4 {main}
CRITICAL - 2024-02-25 18:24:14 --> Call to undefined method App\Models\BitacoraModel::table()
#0 /Users/miguelangelhernandez/Sites/php/sgt/system/CodeIgniter.php(935): App\Controllers\Deskapp\Bitacora->index()
#1 /Users/miguelangelhernandez/Sites/php/sgt/system/CodeIgniter.php(431): CodeIgniter\CodeIgniter->runController(Object(App\Controllers\Deskapp\Bitacora))
#2 /Users/miguelangelhernandez/Sites/php/sgt/system/CodeIgniter.php(332): CodeIgniter\CodeIgniter->handleRequest(NULL, Object(Config\Cache), false)
#3 /Users/miguelangelhernandez/Sites/php/sgt/public/index.php(44): CodeIgniter\CodeIgniter->run()
#4 {main}
CRITICAL - 2024-02-25 18:30:33 --> Class 'Codeigniter\Model' not found
#0 /Users/miguelangelhernandez/Sites/php/sgt/system/CodeIgniter.php(935): App\Controllers\Deskapp\Bitacora->index()
#1 /Users/miguelangelhernandez/Sites/php/sgt/system/CodeIgniter.php(431): CodeIgniter\CodeIgniter->runController(Object(App\Controllers\Deskapp\Bitacora))
#2 /Users/miguelangelhernandez/Sites/php/sgt/system/CodeIgniter.php(332): CodeIgniter\CodeIgniter->handleRequest(NULL, Object(Config\Cache), false)
#3 /Users/miguelangelhernandez/Sites/php/sgt/public/index.php(44): CodeIgniter\CodeIgniter->run()
#4 {main}
CRITICAL - 2024-02-25 18:31:47 --> You must set the database table to be used with your query.
#0 /Users/miguelangelhernandez/Sites/php/sgt/system/Model.php(615): CodeIgniter\Database\BaseConnection->table(NULL)
#1 /Users/miguelangelhernandez/Sites/php/sgt/system/Model.php(834): CodeIgniter\Model->builder()
#2 /Users/miguelangelhernandez/Sites/php/sgt/app/Controllers/Deskapp/Bitacora.php(22): CodeIgniter\Model->__call('orderBy', Array)
#3 /Users/miguelangelhernandez/Sites/php/sgt/system/CodeIgniter.php(935): App\Controllers\Deskapp\Bitacora->index()
#4 /Users/miguelangelhernandez/Sites/php/sgt/system/CodeIgniter.php(431): CodeIgniter\CodeIgniter->runController(Object(App\Controllers\Deskapp\Bitacora))
#5 /Users/miguelangelhernandez/Sites/php/sgt/system/CodeIgniter.php(332): CodeIgniter\CodeIgniter->handleRequest(NULL, Object(Config\Cache), false)
#6 /Users/miguelangelhernandez/Sites/php/sgt/public/index.php(44): CodeIgniter\CodeIgniter->run()
#7 {main}
CRITICAL - 2024-02-25 18:38:37 --> Undefined property: stdClass::$isJSONResponse
#0 /Users/miguelangelhernandez/Sites/php/sgt/app/Controllers/Deskapp/Bitacora.php(36): CodeIgniter\Debug\Exceptions->errorHandler(8, 'Undefined prope...', '/Users/miguelan...', 36, Array)
#1 /Users/miguelangelhernandez/Sites/php/sgt/app/Controllers/Deskapp/Bitacora.php(31): App\Controllers\Deskapp\Bitacora->_example_output(Object(stdClass))
#2 /Users/miguelangelhernandez/Sites/php/sgt/system/CodeIgniter.php(935): App\Controllers\Deskapp\Bitacora->index()
#3 /Users/miguelangelhernandez/Sites/php/sgt/system/CodeIgniter.php(431): CodeIgniter\CodeIgniter->runController(Object(App\Controllers\Deskapp\Bitacora))
#4 /Users/miguelangelhernandez/Sites/php/sgt/system/CodeIgniter.php(332): CodeIgniter\CodeIgniter->handleRequest(NULL, Object(Config\Cache), false)
#5 /Users/miguelangelhernandez/Sites/php/sgt/public/index.php(44): CodeIgniter\CodeIgniter->run()
#6 {main}
CRITICAL - 2024-02-25 18:42:05 --> Use of undefined constant bitacoras - assumed 'bitacoras' (this will throw an Error in a future version of PHP)
#0 /Users/miguelangelhernandez/Sites/php/sgt/app/Controllers/Deskapp/Bitacora.php(25): CodeIgniter\Debug\Exceptions->errorHandler(2, 'Use of undefine...', '/Users/miguelan...', 25, Array)
#1 /Users/miguelangelhernandez/Sites/php/sgt/system/CodeIgniter.php(935): App\Controllers\Deskapp\Bitacora->index()
#2 /Users/miguelangelhernandez/Sites/php/sgt/system/CodeIgniter.php(431): CodeIgniter\CodeIgniter->runController(Object(App\Controllers\Deskapp\Bitacora))
#3 /Users/miguelangelhernandez/Sites/php/sgt/system/CodeIgniter.php(332): CodeIgniter\CodeIgniter->handleRequest(NULL, Object(Config\Cache), false)
#4 /Users/miguelangelhernandez/Sites/php/sgt/public/index.php(44): CodeIgniter\CodeIgniter->run()
#5 {main}
CRITICAL - 2024-02-25 18:42:27 --> Undefined property: stdClass::$isJSONResponse
#0 /Users/miguelangelhernandez/Sites/php/sgt/app/Controllers/Deskapp/Bitacora.php(36): CodeIgniter\Debug\Exceptions->errorHandler(8, 'Undefined prope...', '/Users/miguelan...', 36, Array)
#1 /Users/miguelangelhernandez/Sites/php/sgt/app/Controllers/Deskapp/Bitacora.php(31): App\Controllers\Deskapp\Bitacora->_example_output(Object(stdClass))
#2 /Users/miguelangelhernandez/Sites/php/sgt/system/CodeIgniter.php(935): App\Controllers\Deskapp\Bitacora->index()
#3 /Users/miguelangelhernandez/Sites/php/sgt/system/CodeIgniter.php(431): CodeIgniter\CodeIgniter->runController(Object(App\Controllers\Deskapp\Bitacora))
#4 /Users/miguelangelhernandez/Sites/php/sgt/system/CodeIgniter.php(332): CodeIgniter\CodeIgniter->handleRequest(NULL, Object(Config\Cache), false)
#5 /Users/miguelangelhernandez/Sites/php/sgt/public/index.php(44): CodeIgniter\CodeIgniter->run()
#6 {main}
CRITICAL - 2024-02-25 18:43:18 --> Undefined variable: session
#0 /Users/miguelangelhernandez/Sites/php/sgt/app/Views/deskapp/includes/_header.php(126): CodeIgniter\Debug\Exceptions->errorHandler(8, 'Undefined varia...', '/Users/miguelan...', 126, Array)
#1 /Users/miguelangelhernandez/Sites/php/sgt/system/View/View.php(223): include('/Users/miguelan...')
#2 /Users/miguelangelhernandez/Sites/php/sgt/system/Common.php(1213): CodeIgniter\View\View->render('deskapp/include...', Array, true)
#3 /Users/miguelangelhernandez/Sites/php/sgt/app/Views/deskapp/ui/grocery_timeline.php(36): view('deskapp/include...')
#4 /Users/miguelangelhernandez/Sites/php/sgt/system/View/View.php(223): include('/Users/miguelan...')
#5 /Users/miguelangelhernandez/Sites/php/sgt/system/Common.php(1213): CodeIgniter\View\View->render('/deskapp/ui/gro...', Array, true)
#6 /Users/miguelangelhernandez/Sites/php/sgt/app/Controllers/Deskapp/Bitacora.php(42): view('/deskapp/ui/gro...', Array)
#7 /Users/miguelangelhernandez/Sites/php/sgt/app/Controllers/Deskapp/Bitacora.php(31): App\Controllers\Deskapp\Bitacora->_example_output(Array)
#8 /Users/miguelangelhernandez/Sites/php/sgt/system/CodeIgniter.php(935): App\Controllers\Deskapp\Bitacora->index()
#9 /Users/miguelangelhernandez/Sites/php/sgt/system/CodeIgniter.php(431): CodeIgniter\CodeIgniter->runController(Object(App\Controllers\Deskapp\Bitacora))
#10 /Users/miguelangelhernandez/Sites/php/sgt/system/CodeIgniter.php(332): CodeIgniter\CodeIgniter->handleRequest(NULL, Object(Config\Cache), false)
#11 /Users/miguelangelhernandez/Sites/php/sgt/public/index.php(44): CodeIgniter\CodeIgniter->run()
#12 {main}
CRITICAL - 2024-02-25 19:38:20 --> Undefined variable: rows
#0 /Users/miguelangelhernandez/Sites/php/sgt/app/Views/deskapp/ui/grocery_timeline.php(81): CodeIgniter\Debug\Exceptions->errorHandler(8, 'Undefined varia...', '/Users/miguelan...', 81, Array)
#1 /Users/miguelangelhernandez/Sites/php/sgt/system/View/View.php(223): include('/Users/miguelan...')
#2 /Users/miguelangelhernandez/Sites/php/sgt/system/Common.php(1213): CodeIgniter\View\View->render('/deskapp/ui/gro...', Array, true)
#3 /Users/miguelangelhernandez/Sites/php/sgt/app/Controllers/Deskapp/Bitacora.php(50): view('/deskapp/ui/gro...', Array)
#4 /Users/miguelangelhernandez/Sites/php/sgt/app/Controllers/Deskapp/Bitacora.php(39): App\Controllers\Deskapp\Bitacora->_example_output(Array)
#5 /Users/miguelangelhernandez/Sites/php/sgt/system/CodeIgniter.php(935): App\Controllers\Deskapp\Bitacora->index()
#6 /Users/miguelangelhernandez/Sites/php/sgt/system/CodeIgniter.php(431): CodeIgniter\CodeIgniter->runController(Object(App\Controllers\Deskapp\Bitacora))
#7 /Users/miguelangelhernandez/Sites/php/sgt/system/CodeIgniter.php(332): CodeIgniter\CodeIgniter->handleRequest(NULL, Object(Config\Cache), false)
#8 /Users/miguelangelhernandez/Sites/php/sgt/public/index.php(44): CodeIgniter\CodeIgniter->run()
#9 {main}
CRITICAL - 2024-02-25 19:38:50 --> Illegal string offset 'valor_original'
#0 /Users/miguelangelhernandez/Sites/php/sgt/app/Views/deskapp/ui/grocery_timeline.php(95): CodeIgniter\Debug\Exceptions->errorHandler(2, 'Illegal string ...', '/Users/miguelan...', 95, Array)
#1 /Users/miguelangelhernandez/Sites/php/sgt/system/View/View.php(223): include('/Users/miguelan...')
#2 /Users/miguelangelhernandez/Sites/php/sgt/system/Common.php(1213): CodeIgniter\View\View->render('/deskapp/ui/gro...', Array, true)
#3 /Users/miguelangelhernandez/Sites/php/sgt/app/Controllers/Deskapp/Bitacora.php(50): view('/deskapp/ui/gro...', Array)
#4 /Users/miguelangelhernandez/Sites/php/sgt/app/Controllers/Deskapp/Bitacora.php(39): App\Controllers\Deskapp\Bitacora->_example_output(Array)
#5 /Users/miguelangelhernandez/Sites/php/sgt/system/CodeIgniter.php(935): App\Controllers\Deskapp\Bitacora->index()
#6 /Users/miguelangelhernandez/Sites/php/sgt/system/CodeIgniter.php(431): CodeIgniter\CodeIgniter->runController(Object(App\Controllers\Deskapp\Bitacora))
#7 /Users/miguelangelhernandez/Sites/php/sgt/system/CodeIgniter.php(332): CodeIgniter\CodeIgniter->handleRequest(NULL, Object(Config\Cache), false)
#8 /Users/miguelangelhernandez/Sites/php/sgt/public/index.php(44): CodeIgniter\CodeIgniter->run()
#9 {main}
CRITICAL - 2024-02-25 19:41:17 --> Illegal string offset 'valor_original'
#0 /Users/miguelangelhernandez/Sites/php/sgt/app/Views/deskapp/ui/grocery_timeline.php(95): CodeIgniter\Debug\Exceptions->errorHandler(2, 'Illegal string ...', '/Users/miguelan...', 95, Array)
#1 /Users/miguelangelhernandez/Sites/php/sgt/system/View/View.php(223): include('/Users/miguelan...')
#2 /Users/miguelangelhernandez/Sites/php/sgt/system/Common.php(1213): CodeIgniter\View\View->render('/deskapp/ui/gro...', Array, true)
#3 /Users/miguelangelhernandez/Sites/php/sgt/app/Controllers/Deskapp/Bitacora.php(50): view('/deskapp/ui/gro...', Array)
#4 /Users/miguelangelhernandez/Sites/php/sgt/app/Controllers/Deskapp/Bitacora.php(39): App\Controllers\Deskapp\Bitacora->_example_output(Array)
#5 /Users/miguelangelhernandez/Sites/php/sgt/system/CodeIgniter.php(935): App\Controllers\Deskapp\Bitacora->index()
#6 /Users/miguelangelhernandez/Sites/php/sgt/system/CodeIgniter.php(431): CodeIgniter\CodeIgniter->runController(Object(App\Controllers\Deskapp\Bitacora))
#7 /Users/miguelangelhernandez/Sites/php/sgt/system/CodeIgniter.php(332): CodeIgniter\CodeIgniter->handleRequest(NULL, Object(Config\Cache), false)
#8 /Users/miguelangelhernandez/Sites/php/sgt/public/index.php(44): CodeIgniter\CodeIgniter->run()
#9 {main}
CRITICAL - 2024-02-25 19:45:15 --> syntax error, unexpected '?>'
#0 /Users/miguelangelhernandez/Sites/php/sgt/system/Common.php(1213): CodeIgniter\View\View->render('/deskapp/ui/gro...', Array, true)
#1 /Users/miguelangelhernandez/Sites/php/sgt/app/Controllers/Deskapp/Bitacora.php(50): view('/deskapp/ui/gro...', Array)
#2 /Users/miguelangelhernandez/Sites/php/sgt/app/Controllers/Deskapp/Bitacora.php(39): App\Controllers\Deskapp\Bitacora->_example_output(Array)
#3 /Users/miguelangelhernandez/Sites/php/sgt/system/CodeIgniter.php(935): App\Controllers\Deskapp\Bitacora->index()
#4 /Users/miguelangelhernandez/Sites/php/sgt/system/CodeIgniter.php(431): CodeIgniter\CodeIgniter->runController(Object(App\Controllers\Deskapp\Bitacora))
#5 /Users/miguelangelhernandez/Sites/php/sgt/system/CodeIgniter.php(332): CodeIgniter\CodeIgniter->handleRequest(NULL, Object(Config\Cache), false)
#6 /Users/miguelangelhernandez/Sites/php/sgt/public/index.php(44): CodeIgniter\CodeIgniter->run()
#7 {main}
CRITICAL - 2024-02-25 19:45:32 --> Illegal string offset 'valor_nuevo'
#0 /Users/miguelangelhernandez/Sites/php/sgt/app/Views/deskapp/ui/grocery_timeline.php(95): CodeIgniter\Debug\Exceptions->errorHandler(2, 'Illegal string ...', '/Users/miguelan...', 95, Array)
#1 /Users/miguelangelhernandez/Sites/php/sgt/system/View/View.php(223): include('/Users/miguelan...')
#2 /Users/miguelangelhernandez/Sites/php/sgt/system/Common.php(1213): CodeIgniter\View\View->render('/deskapp/ui/gro...', Array, true)
#3 /Users/miguelangelhernandez/Sites/php/sgt/app/Controllers/Deskapp/Bitacora.php(50): view('/deskapp/ui/gro...', Array)
#4 /Users/miguelangelhernandez/Sites/php/sgt/app/Controllers/Deskapp/Bitacora.php(39): App\Controllers\Deskapp\Bitacora->_example_output(Array)
#5 /Users/miguelangelhernandez/Sites/php/sgt/system/CodeIgniter.php(935): App\Controllers\Deskapp\Bitacora->index()
#6 /Users/miguelangelhernandez/Sites/php/sgt/system/CodeIgniter.php(431): CodeIgniter\CodeIgniter->runController(Object(App\Controllers\Deskapp\Bitacora))
#7 /Users/miguelangelhernandez/Sites/php/sgt/system/CodeIgniter.php(332): CodeIgniter\CodeIgniter->handleRequest(NULL, Object(Config\Cache), false)
#8 /Users/miguelangelhernandez/Sites/php/sgt/public/index.php(44): CodeIgniter\CodeIgniter->run()
#9 {main}
CRITICAL - 2024-02-25 19:46:24 --> Call to undefined function print_f()
#0 /Users/miguelangelhernandez/Sites/php/sgt/system/View/View.php(223): include()
#1 /Users/miguelangelhernandez/Sites/php/sgt/system/Common.php(1213): CodeIgniter\View\View->render('/deskapp/ui/gro...', Array, true)
#2 /Users/miguelangelhernandez/Sites/php/sgt/app/Controllers/Deskapp/Bitacora.php(50): view('/deskapp/ui/gro...', Array)
#3 /Users/miguelangelhernandez/Sites/php/sgt/app/Controllers/Deskapp/Bitacora.php(39): App\Controllers\Deskapp\Bitacora->_example_output(Array)
#4 /Users/miguelangelhernandez/Sites/php/sgt/system/CodeIgniter.php(935): App\Controllers\Deskapp\Bitacora->index()
#5 /Users/miguelangelhernandez/Sites/php/sgt/system/CodeIgniter.php(431): CodeIgniter\CodeIgniter->runController(Object(App\Controllers\Deskapp\Bitacora))
#6 /Users/miguelangelhernandez/Sites/php/sgt/system/CodeIgniter.php(332): CodeIgniter\CodeIgniter->handleRequest(NULL, Object(Config\Cache), false)
#7 /Users/miguelangelhernandez/Sites/php/sgt/public/index.php(44): CodeIgniter\CodeIgniter->run()
#8 {main}
CRITICAL - 2024-02-25 20:21:57 --> Illegal string offset 'valor_original'
#0 /Users/miguelangelhernandez/Sites/php/sgt/app/Views/deskapp/ui/grocery_timeline.php(95): CodeIgniter\Debug\Exceptions->errorHandler(2, 'Illegal string ...', '/Users/miguelan...', 95, Array)
#1 /Users/miguelangelhernandez/Sites/php/sgt/system/View/View.php(223): include('/Users/miguelan...')
#2 /Users/miguelangelhernandez/Sites/php/sgt/system/Common.php(1213): CodeIgniter\View\View->render('/deskapp/ui/gro...', Array, true)
#3 /Users/miguelangelhernandez/Sites/php/sgt/app/Controllers/Deskapp/Bitacora.php(50): view('/deskapp/ui/gro...', Array)
#4 /Users/miguelangelhernandez/Sites/php/sgt/app/Controllers/Deskapp/Bitacora.php(39): App\Controllers\Deskapp\Bitacora->_example_output(Array)
#5 /Users/miguelangelhernandez/Sites/php/sgt/system/CodeIgniter.php(935): App\Controllers\Deskapp\Bitacora->index()
#6 /Users/miguelangelhernandez/Sites/php/sgt/system/CodeIgniter.php(431): CodeIgniter\CodeIgniter->runController(Object(App\Controllers\Deskapp\Bitacora))
#7 /Users/miguelangelhernandez/Sites/php/sgt/system/CodeIgniter.php(332): CodeIgniter\CodeIgniter->handleRequest(NULL, Object(Config\Cache), false)
#8 /Users/miguelangelhernandez/Sites/php/sgt/public/index.php(44): CodeIgniter\CodeIgniter->run()
#9 {main}
CRITICAL - 2024-02-25 20:37:33 --> json_decode() expects parameter 1 to be string, object given
#0 [internal function]: CodeIgniter\Debug\Exceptions->errorHandler(2, 'json_decode() e...', '/Users/miguelan...', 58, Array)
#1 /Users/miguelangelhernandez/Sites/php/sgt/app/Controllers/Deskapp/Bitacora.php(58): json_decode(Object(stdClass))
#2 /Users/miguelangelhernandez/Sites/php/sgt/app/Controllers/Deskapp/Bitacora.php(31): App\Controllers\Deskapp\Bitacora->convertirCambiosToArray(Array)
#3 /Users/miguelangelhernandez/Sites/php/sgt/system/CodeIgniter.php(935): App\Controllers\Deskapp\Bitacora->index()
#4 /Users/miguelangelhernandez/Sites/php/sgt/system/CodeIgniter.php(431): CodeIgniter\CodeIgniter->runController(Object(App\Controllers\Deskapp\Bitacora))
#5 /Users/miguelangelhernandez/Sites/php/sgt/system/CodeIgniter.php(332): CodeIgniter\CodeIgniter->handleRequest(NULL, Object(Config\Cache), false)
#6 /Users/miguelangelhernandez/Sites/php/sgt/public/index.php(44): CodeIgniter\CodeIgniter->run()
#7 {main}
CRITICAL - 2024-02-25 20:53:17 --> syntax error, unexpected 'private' (T_PRIVATE)
#0 /Users/miguelangelhernandez/Sites/php/sgt/system/Router/Router.php(170): CodeIgniter\Router\Router->autoRoute('deskapp/bitacor...')
#1 /Users/miguelangelhernandez/Sites/php/sgt/system/CodeIgniter.php(815): CodeIgniter\Router\Router->handle('deskapp/bitacor...')
#2 /Users/miguelangelhernandez/Sites/php/sgt/system/CodeIgniter.php(384): CodeIgniter\CodeIgniter->tryToRouteIt(Object(CodeIgniter\Router\RouteCollection))
#3 /Users/miguelangelhernandez/Sites/php/sgt/system/CodeIgniter.php(332): CodeIgniter\CodeIgniter->handleRequest(NULL, Object(Config\Cache), false)
#4 /Users/miguelangelhernandez/Sites/php/sgt/public/index.php(44): CodeIgniter\CodeIgniter->run()
#5 {main}
CRITICAL - 2024-02-25 21:45:35 --> Illegal string offset 'cambios'
#0 /Users/miguelangelhernandez/Sites/php/sgt/app/Controllers/Deskapp/Bitacora.php(60): CodeIgniter\Debug\Exceptions->errorHandler(2, 'Illegal string ...', '/Users/miguelan...', 60, Array)
#1 /Users/miguelangelhernandez/Sites/php/sgt/app/Controllers/Deskapp/Bitacora.php(31): App\Controllers\Deskapp\Bitacora->convertirCambiosToArray(Array)
#2 /Users/miguelangelhernandez/Sites/php/sgt/system/CodeIgniter.php(935): App\Controllers\Deskapp\Bitacora->index()
#3 /Users/miguelangelhernandez/Sites/php/sgt/system/CodeIgniter.php(431): CodeIgniter\CodeIgniter->runController(Object(App\Controllers\Deskapp\Bitacora))
#4 /Users/miguelangelhernandez/Sites/php/sgt/system/CodeIgniter.php(332): CodeIgniter\CodeIgniter->handleRequest(NULL, Object(Config\Cache), false)
#5 /Users/miguelangelhernandez/Sites/php/sgt/public/index.php(44): CodeIgniter\CodeIgniter->run()
#6 {main}
CRITICAL - 2024-02-25 21:46:25 --> Invalid argument supplied for foreach()
#0 /Users/miguelangelhernandez/Sites/php/sgt/app/Controllers/Deskapp/Bitacora.php(54): CodeIgniter\Debug\Exceptions->errorHandler(2, 'Invalid argumen...', '/Users/miguelan...', 54, Array)
#1 /Users/miguelangelhernandez/Sites/php/sgt/app/Controllers/Deskapp/Bitacora.php(31): App\Controllers\Deskapp\Bitacora->convertirCambiosToArray('{"tipo": "updat...')
#2 /Users/miguelangelhernandez/Sites/php/sgt/system/CodeIgniter.php(935): App\Controllers\Deskapp\Bitacora->index()
#3 /Users/miguelangelhernandez/Sites/php/sgt/system/CodeIgniter.php(431): CodeIgniter\CodeIgniter->runController(Object(App\Controllers\Deskapp\Bitacora))
#4 /Users/miguelangelhernandez/Sites/php/sgt/system/CodeIgniter.php(332): CodeIgniter\CodeIgniter->handleRequest(NULL, Object(Config\Cache), false)
#5 /Users/miguelangelhernandez/Sites/php/sgt/public/index.php(44): CodeIgniter\CodeIgniter->run()
#6 {main}
CRITICAL - 2024-02-25 21:49:45 --> Invalid argument supplied for foreach()
#0 /Users/miguelangelhernandez/Sites/php/sgt/app/Controllers/Deskapp/Bitacora.php(54): CodeIgniter\Debug\Exceptions->errorHandler(2, 'Invalid argumen...', '/Users/miguelan...', 54, Array)
#1 /Users/miguelangelhernandez/Sites/php/sgt/app/Controllers/Deskapp/Bitacora.php(31): App\Controllers\Deskapp\Bitacora->convertirCambiosToArray('{"tipo": "updat...')
#2 /Users/miguelangelhernandez/Sites/php/sgt/system/CodeIgniter.php(935): App\Controllers\Deskapp\Bitacora->index()
#3 /Users/miguelangelhernandez/Sites/php/sgt/system/CodeIgniter.php(431): CodeIgniter\CodeIgniter->runController(Object(App\Controllers\Deskapp\Bitacora))
#4 /Users/miguelangelhernandez/Sites/php/sgt/system/CodeIgniter.php(332): CodeIgniter\CodeIgniter->handleRequest(NULL, Object(Config\Cache), false)
#5 /Users/miguelangelhernandez/Sites/php/sgt/public/index.php(44): CodeIgniter\CodeIgniter->run()
#6 {main}
CRITICAL - 2024-02-25 21:52:19 --> Invalid argument supplied for foreach()
#0 /Users/miguelangelhernandez/Sites/php/sgt/app/Controllers/Deskapp/Bitacora.php(54): CodeIgniter\Debug\Exceptions->errorHandler(2, 'Invalid argumen...', '/Users/miguelan...', 54, Array)
#1 /Users/miguelangelhernandez/Sites/php/sgt/app/Controllers/Deskapp/Bitacora.php(31): App\Controllers\Deskapp\Bitacora->convertirCambiosToArray('{"tipo": "updat...')
#2 /Users/miguelangelhernandez/Sites/php/sgt/system/CodeIgniter.php(935): App\Controllers\Deskapp\Bitacora->index()
#3 /Users/miguelangelhernandez/Sites/php/sgt/system/CodeIgniter.php(431): CodeIgniter\CodeIgniter->runController(Object(App\Controllers\Deskapp\Bitacora))
#4 /Users/miguelangelhernandez/Sites/php/sgt/system/CodeIgniter.php(332): CodeIgniter\CodeIgniter->handleRequest(NULL, Object(Config\Cache), false)
#5 /Users/miguelangelhernandez/Sites/php/sgt/public/index.php(44): CodeIgniter\CodeIgniter->run()
#6 {main}
CRITICAL - 2024-02-25 21:53:10 --> Illegal string offset 'valor_original'
#0 /Users/miguelangelhernandez/Sites/php/sgt/app/Views/deskapp/ui/grocery_timeline.php(95): CodeIgniter\Debug\Exceptions->errorHandler(2, 'Illegal string ...', '/Users/miguelan...', 95, Array)
#1 /Users/miguelangelhernandez/Sites/php/sgt/system/View/View.php(223): include('/Users/miguelan...')
#2 /Users/miguelangelhernandez/Sites/php/sgt/system/Common.php(1213): CodeIgniter\View\View->render('/deskapp/ui/gro...', Array, true)
#3 /Users/miguelangelhernandez/Sites/php/sgt/app/Controllers/Deskapp/Bitacora.php(50): view('/deskapp/ui/gro...', Array)
#4 /Users/miguelangelhernandez/Sites/php/sgt/app/Controllers/Deskapp/Bitacora.php(39): App\Controllers\Deskapp\Bitacora->_example_output(Array)
#5 /Users/miguelangelhernandez/Sites/php/sgt/system/CodeIgniter.php(935): App\Controllers\Deskapp\Bitacora->index()
#6 /Users/miguelangelhernandez/Sites/php/sgt/system/CodeIgniter.php(431): CodeIgniter\CodeIgniter->runController(Object(App\Controllers\Deskapp\Bitacora))
#7 /Users/miguelangelhernandez/Sites/php/sgt/system/CodeIgniter.php(332): CodeIgniter\CodeIgniter->handleRequest(NULL, Object(Config\Cache), false)
#8 /Users/miguelangelhernandez/Sites/php/sgt/public/index.php(44): CodeIgniter\CodeIgniter->run()
#9 {main}
CRITICAL - 2024-02-25 23:00:06 --> Illegal string offset 'valor_original'
#0 /Users/miguelangelhernandez/Sites/php/sgt/app/Views/deskapp/ui/grocery_timeline.php(95): CodeIgniter\Debug\Exceptions->errorHandler(2, 'Illegal string ...', '/Users/miguelan...', 95, Array)
#1 /Users/miguelangelhernandez/Sites/php/sgt/system/View/View.php(223): include('/Users/miguelan...')
#2 /Users/miguelangelhernandez/Sites/php/sgt/system/Common.php(1213): CodeIgniter\View\View->render('/deskapp/ui/gro...', Array, true)
#3 /Users/miguelangelhernandez/Sites/php/sgt/app/Controllers/Deskapp/Bitacora.php(50): view('/deskapp/ui/gro...', Array)
#4 /Users/miguelangelhernandez/Sites/php/sgt/app/Controllers/Deskapp/Bitacora.php(39): App\Controllers\Deskapp\Bitacora->_example_output(Array)
#5 /Users/miguelangelhernandez/Sites/php/sgt/system/CodeIgniter.php(935): App\Controllers\Deskapp\Bitacora->index()
#6 /Users/miguelangelhernandez/Sites/php/sgt/system/CodeIgniter.php(431): CodeIgniter\CodeIgniter->runController(Object(App\Controllers\Deskapp\Bitacora))
#7 /Users/miguelangelhernandez/Sites/php/sgt/system/CodeIgniter.php(332): CodeIgniter\CodeIgniter->handleRequest(NULL, Object(Config\Cache), false)
#8 /Users/miguelangelhernandez/Sites/php/sgt/public/index.php(44): CodeIgniter\CodeIgniter->run()
#9 {main}
CRITICAL - 2024-02-25 23:01:11 --> Illegal string offset 'tipo'
#0 /Users/miguelangelhernandez/Sites/php/sgt/app/Views/deskapp/ui/grocery_timeline.php(95): CodeIgniter\Debug\Exceptions->errorHandler(2, 'Illegal string ...', '/Users/miguelan...', 95, Array)
#1 /Users/miguelangelhernandez/Sites/php/sgt/system/View/View.php(223): include('/Users/miguelan...')
#2 /Users/miguelangelhernandez/Sites/php/sgt/system/Common.php(1213): CodeIgniter\View\View->render('/deskapp/ui/gro...', Array, true)
#3 /Users/miguelangelhernandez/Sites/php/sgt/app/Controllers/Deskapp/Bitacora.php(50): view('/deskapp/ui/gro...', Array)
#4 /Users/miguelangelhernandez/Sites/php/sgt/app/Controllers/Deskapp/Bitacora.php(39): App\Controllers\Deskapp\Bitacora->_example_output(Array)
#5 /Users/miguelangelhernandez/Sites/php/sgt/system/CodeIgniter.php(935): App\Controllers\Deskapp\Bitacora->index()
#6 /Users/miguelangelhernandez/Sites/php/sgt/system/CodeIgniter.php(431): CodeIgniter\CodeIgniter->runController(Object(App\Controllers\Deskapp\Bitacora))
#7 /Users/miguelangelhernandez/Sites/php/sgt/system/CodeIgniter.php(332): CodeIgniter\CodeIgniter->handleRequest(NULL, Object(Config\Cache), false)
#8 /Users/miguelangelhernandez/Sites/php/sgt/public/index.php(44): CodeIgniter\CodeIgniter->run()
#9 {main}
CRITICAL - 2024-02-25 23:07:15 --> Undefined index: serie
#0 /Users/miguelangelhernandez/Sites/php/sgt/app/Views/deskapp/ui/grocery_timeline.php(95): CodeIgniter\Debug\Exceptions->errorHandler(8, 'Undefined index...', '/Users/miguelan...', 95, Array)
#1 /Users/miguelangelhernandez/Sites/php/sgt/system/View/View.php(223): include('/Users/miguelan...')
#2 /Users/miguelangelhernandez/Sites/php/sgt/system/Common.php(1213): CodeIgniter\View\View->render('/deskapp/ui/gro...', Array, true)
#3 /Users/miguelangelhernandez/Sites/php/sgt/app/Controllers/Deskapp/Bitacora.php(50): view('/deskapp/ui/gro...', Array)
#4 /Users/miguelangelhernandez/Sites/php/sgt/app/Controllers/Deskapp/Bitacora.php(39): App\Controllers\Deskapp\Bitacora->_example_output(Array)
#5 /Users/miguelangelhernandez/Sites/php/sgt/system/CodeIgniter.php(935): App\Controllers\Deskapp\Bitacora->index()
#6 /Users/miguelangelhernandez/Sites/php/sgt/system/CodeIgniter.php(431): CodeIgniter\CodeIgniter->runController(Object(App\Controllers\Deskapp\Bitacora))
#7 /Users/miguelangelhernandez/Sites/php/sgt/system/CodeIgniter.php(332): CodeIgniter\CodeIgniter->handleRequest(NULL, Object(Config\Cache), false)
#8 /Users/miguelangelhernandez/Sites/php/sgt/public/index.php(44): CodeIgniter\CodeIgniter->run()
#9 {main}
