CRITICAL - 2023-12-31 10:52:58 --> Undefined variable: session
#0 /Users/miguelangelhernandez/Sites/php/sgt/app/Views/deskapp/includes/_header.php(126): CodeIgniter\Debug\Exceptions->errorHandler(8, 'Undefined varia...', '/Users/miguelan...', 126, Array)
#1 /Users/miguelangelhernandez/Sites/php/sgt/system/View/View.php(223): include('/Users/miguelan...')
#2 /Users/miguelangelhernandez/Sites/php/sgt/system/Common.php(1213): CodeIgniter\View\View->render('deskapp/include...', Array, true)
#3 /Users/miguelangelhernandez/Sites/php/sgt/app/Views/deskapp/extra-pages/grocery_page.php(37): view('deskapp/include...')
#4 /Users/miguelangelhernandez/Sites/php/sgt/system/View/View.php(223): include('/Users/miguelan...')
#5 /Users/miguelangelhernandez/Sites/php/sgt/system/Common.php(1213): CodeIgniter\View\View->render('/deskapp/extra-...', Array, true)
#6 /Users/miguelangelhernandez/Sites/php/sgt/app/Controllers/Deskapp/Example.php(48): view('/deskapp/extra-...', Array)
#7 /Users/miguelangelhernandez/Sites/php/sgt/app/Controllers/Deskapp/Example.php(38): App\Controllers\Deskapp\Example->_example_output(Object(GroceryCrud\Core\Render\RenderAbstract))
#8 /Users/miguelangelhernandez/Sites/php/sgt/system/CodeIgniter.php(935): App\Controllers\Deskapp\Example->customers()
#9 /Users/miguelangelhernandez/Sites/php/sgt/system/CodeIgniter.php(431): CodeIgniter\CodeIgniter->runController(Object(App\Controllers\Deskapp\Example))
#10 /Users/miguelangelhernandez/Sites/php/sgt/system/CodeIgniter.php(332): CodeIgniter\CodeIgniter->handleRequest(NULL, Object(Config\Cache), false)
#11 /Users/miguelangelhernandez/Sites/php/sgt/public/index.php(44): CodeIgniter\CodeIgniter->run()
#12 {main}
CRITICAL - 2023-12-31 11:33:34 --> Object of class GroceryCrud\Core\Render\RenderAbstract could not be converted to string
#0 /Users/miguelangelhernandez/Sites/php/sgt/system/View/View.php(223): include()
#1 /Users/miguelangelhernandez/Sites/php/sgt/system/Common.php(1213): CodeIgniter\View\View->render('example.php', Array, true)
#2 /Users/miguelangelhernandez/Sites/php/sgt/app/Controllers/Deskapp/Example.php(49): view('example.php', Array)
#3 /Users/miguelangelhernandez/Sites/php/sgt/app/Controllers/Deskapp/Example.php(38): App\Controllers\Deskapp\Example->_example_output(Array)
#4 /Users/miguelangelhernandez/Sites/php/sgt/system/CodeIgniter.php(935): App\Controllers\Deskapp\Example->customers()
#5 /Users/miguelangelhernandez/Sites/php/sgt/system/CodeIgniter.php(431): CodeIgniter\CodeIgniter->runController(Object(App\Controllers\Deskapp\Example))
#6 /Users/miguelangelhernandez/Sites/php/sgt/system/CodeIgniter.php(332): CodeIgniter\CodeIgniter->handleRequest(NULL, Object(Config\Cache), false)
#7 /Users/miguelangelhernandez/Sites/php/sgt/public/index.php(44): CodeIgniter\CodeIgniter->run()
#8 {main}
CRITICAL - 2023-12-31 11:34:35 --> Cannot use object of type GroceryCrud\Core\Render\RenderAbstract as array
#0 /Users/miguelangelhernandez/Sites/php/sgt/system/View/View.php(223): include()
#1 /Users/miguelangelhernandez/Sites/php/sgt/system/Common.php(1213): CodeIgniter\View\View->render('example.php', Array, true)
#2 /Users/miguelangelhernandez/Sites/php/sgt/app/Controllers/Deskapp/Example.php(49): view('example.php', Array)
#3 /Users/miguelangelhernandez/Sites/php/sgt/app/Controllers/Deskapp/Example.php(38): App\Controllers\Deskapp\Example->_example_output(Array)
#4 /Users/miguelangelhernandez/Sites/php/sgt/system/CodeIgniter.php(935): App\Controllers\Deskapp\Example->customers()
#5 /Users/miguelangelhernandez/Sites/php/sgt/system/CodeIgniter.php(431): CodeIgniter\CodeIgniter->runController(Object(App\Controllers\Deskapp\Example))
#6 /Users/miguelangelhernandez/Sites/php/sgt/system/CodeIgniter.php(332): CodeIgniter\CodeIgniter->handleRequest(NULL, Object(Config\Cache), false)
#7 /Users/miguelangelhernandez/Sites/php/sgt/public/index.php(44): CodeIgniter\CodeIgniter->run()
#8 {main}
CRITICAL - 2023-12-31 11:34:47 --> Cannot use object of type GroceryCrud\Core\Render\RenderAbstract as array
#0 /Users/miguelangelhernandez/Sites/php/sgt/system/View/View.php(223): include()
#1 /Users/miguelangelhernandez/Sites/php/sgt/system/Common.php(1213): CodeIgniter\View\View->render('example.php', Array, true)
#2 /Users/miguelangelhernandez/Sites/php/sgt/app/Controllers/Deskapp/Example.php(49): view('example.php', Array)
#3 /Users/miguelangelhernandez/Sites/php/sgt/app/Controllers/Deskapp/Example.php(38): App\Controllers\Deskapp\Example->_example_output(Array)
#4 /Users/miguelangelhernandez/Sites/php/sgt/system/CodeIgniter.php(935): App\Controllers\Deskapp\Example->customers()
#5 /Users/miguelangelhernandez/Sites/php/sgt/system/CodeIgniter.php(431): CodeIgniter\CodeIgniter->runController(Object(App\Controllers\Deskapp\Example))
#6 /Users/miguelangelhernandez/Sites/php/sgt/system/CodeIgniter.php(332): CodeIgniter\CodeIgniter->handleRequest(NULL, Object(Config\Cache), false)
#7 /Users/miguelangelhernandez/Sites/php/sgt/public/index.php(44): CodeIgniter\CodeIgniter->run()
#8 {main}
CRITICAL - 2023-12-31 22:09:16 --> Undefined variable: session
#0 /Users/miguelangelhernandez/Sites/php/sgt/app/Views/deskapp/includes/_header.php(126): CodeIgniter\Debug\Exceptions->errorHandler(8, 'Undefined varia...', '/Users/miguelan...', 126, Array)
#1 /Users/miguelangelhernandez/Sites/php/sgt/system/View/View.php(223): include('/Users/miguelan...')
#2 /Users/miguelangelhernandez/Sites/php/sgt/system/Common.php(1213): CodeIgniter\View\View->render('deskapp/include...', Array, true)
#3 /Users/miguelangelhernandez/Sites/php/sgt/app/Views/deskapp/extra-pages/grocery_page.php(37): view('deskapp/include...')
#4 /Users/miguelangelhernandez/Sites/php/sgt/system/View/View.php(223): include('/Users/miguelan...')
#5 /Users/miguelangelhernandez/Sites/php/sgt/system/Common.php(1213): CodeIgniter\View\View->render('/deskapp/extra-...', Array, true)
#6 /Users/miguelangelhernandez/Sites/php/sgt/app/Controllers/Deskapp/Example.php(49): view('/deskapp/extra-...', Array)
#7 /Users/miguelangelhernandez/Sites/php/sgt/app/Controllers/Deskapp/Example.php(38): App\Controllers\Deskapp\Example->_example_output(Object(GroceryCrud\Core\Render\RenderAbstract))
#8 /Users/miguelangelhernandez/Sites/php/sgt/system/CodeIgniter.php(935): App\Controllers\Deskapp\Example->customers()
#9 /Users/miguelangelhernandez/Sites/php/sgt/system/CodeIgniter.php(431): CodeIgniter\CodeIgniter->runController(Object(App\Controllers\Deskapp\Example))
#10 /Users/miguelangelhernandez/Sites/php/sgt/system/CodeIgniter.php(332): CodeIgniter\CodeIgniter->handleRequest(NULL, Object(Config\Cache), false)
#11 /Users/miguelangelhernandez/Sites/php/sgt/public/index.php(44): CodeIgniter\CodeIgniter->run()
#12 {main}
CRITICAL - 2023-12-31 22:09:46 --> Undefined variable: session
#0 /Users/miguelangelhernandez/Sites/php/sgt/app/Views/deskapp/includes/_header.php(126): CodeIgniter\Debug\Exceptions->errorHandler(8, 'Undefined varia...', '/Users/miguelan...', 126, Array)
#1 /Users/miguelangelhernandez/Sites/php/sgt/system/View/View.php(223): include('/Users/miguelan...')
#2 /Users/miguelangelhernandez/Sites/php/sgt/system/Common.php(1213): CodeIgniter\View\View->render('deskapp/include...', Array, true)
#3 /Users/miguelangelhernandez/Sites/php/sgt/app/Views/deskapp/extra-pages/grocery_page.php(37): view('deskapp/include...')
#4 /Users/miguelangelhernandez/Sites/php/sgt/system/View/View.php(223): include('/Users/miguelan...')
#5 /Users/miguelangelhernandez/Sites/php/sgt/system/Common.php(1213): CodeIgniter\View\View->render('/deskapp/extra-...', Array, true)
#6 /Users/miguelangelhernandez/Sites/php/sgt/app/Controllers/Deskapp/Example.php(49): view('/deskapp/extra-...', Array)
#7 /Users/miguelangelhernandez/Sites/php/sgt/app/Controllers/Deskapp/Example.php(38): App\Controllers\Deskapp\Example->_example_output(Object(GroceryCrud\Core\Render\RenderAbstract))
#8 /Users/miguelangelhernandez/Sites/php/sgt/system/CodeIgniter.php(935): App\Controllers\Deskapp\Example->customers()
#9 /Users/miguelangelhernandez/Sites/php/sgt/system/CodeIgniter.php(431): CodeIgniter\CodeIgniter->runController(Object(App\Controllers\Deskapp\Example))
#10 /Users/miguelangelhernandez/Sites/php/sgt/system/CodeIgniter.php(332): CodeIgniter\CodeIgniter->handleRequest(NULL, Object(Config\Cache), false)
#11 /Users/miguelangelhernandez/Sites/php/sgt/public/index.php(44): CodeIgniter\CodeIgniter->run()
#12 {main}
CRITICAL - 2023-12-31 22:11:34 --> Undefined variable: session
#0 /Users/miguelangelhernandez/Sites/php/sgt/app/Views/deskapp/includes/_header.php(126): CodeIgniter\Debug\Exceptions->errorHandler(8, 'Undefined varia...', '/Users/miguelan...', 126, Array)
#1 /Users/miguelangelhernandez/Sites/php/sgt/system/View/View.php(223): include('/Users/miguelan...')
#2 /Users/miguelangelhernandez/Sites/php/sgt/system/Common.php(1213): CodeIgniter\View\View->render('deskapp/include...', Array, true)
#3 /Users/miguelangelhernandez/Sites/php/sgt/app/Views/deskapp/extra-pages/grocery_page.php(37): view('deskapp/include...')
#4 /Users/miguelangelhernandez/Sites/php/sgt/system/View/View.php(223): include('/Users/miguelan...')
#5 /Users/miguelangelhernandez/Sites/php/sgt/system/Common.php(1213): CodeIgniter\View\View->render('/deskapp/extra-...', Array, true)
#6 /Users/miguelangelhernandez/Sites/php/sgt/app/Controllers/Deskapp/Example.php(49): view('/deskapp/extra-...', Array)
#7 /Users/miguelangelhernandez/Sites/php/sgt/app/Controllers/Deskapp/Example.php(38): App\Controllers\Deskapp\Example->_example_output(Object(GroceryCrud\Core\Render\RenderAbstract))
#8 /Users/miguelangelhernandez/Sites/php/sgt/system/CodeIgniter.php(935): App\Controllers\Deskapp\Example->customers()
#9 /Users/miguelangelhernandez/Sites/php/sgt/system/CodeIgniter.php(431): CodeIgniter\CodeIgniter->runController(Object(App\Controllers\Deskapp\Example))
#10 /Users/miguelangelhernandez/Sites/php/sgt/system/CodeIgniter.php(332): CodeIgniter\CodeIgniter->handleRequest(NULL, Object(Config\Cache), false)
#11 /Users/miguelangelhernandez/Sites/php/sgt/public/index.php(44): CodeIgniter\CodeIgniter->run()
#12 {main}
CRITICAL - 2023-12-31 22:11:38 --> Undefined variable: session
#0 /Users/miguelangelhernandez/Sites/php/sgt/app/Views/deskapp/includes/_header.php(126): CodeIgniter\Debug\Exceptions->errorHandler(8, 'Undefined varia...', '/Users/miguelan...', 126, Array)
#1 /Users/miguelangelhernandez/Sites/php/sgt/system/View/View.php(223): include('/Users/miguelan...')
#2 /Users/miguelangelhernandez/Sites/php/sgt/system/Common.php(1213): CodeIgniter\View\View->render('deskapp/include...', Array, true)
#3 /Users/miguelangelhernandez/Sites/php/sgt/app/Views/deskapp/extra-pages/grocery_page.php(37): view('deskapp/include...')
#4 /Users/miguelangelhernandez/Sites/php/sgt/system/View/View.php(223): include('/Users/miguelan...')
#5 /Users/miguelangelhernandez/Sites/php/sgt/system/Common.php(1213): CodeIgniter\View\View->render('/deskapp/extra-...', Array, true)
#6 /Users/miguelangelhernandez/Sites/php/sgt/app/Controllers/Deskapp/Example.php(49): view('/deskapp/extra-...', Array)
#7 /Users/miguelangelhernandez/Sites/php/sgt/app/Controllers/Deskapp/Example.php(38): App\Controllers\Deskapp\Example->_example_output(Object(GroceryCrud\Core\Render\RenderAbstract))
#8 /Users/miguelangelhernandez/Sites/php/sgt/system/CodeIgniter.php(935): App\Controllers\Deskapp\Example->customers()
#9 /Users/miguelangelhernandez/Sites/php/sgt/system/CodeIgniter.php(431): CodeIgniter\CodeIgniter->runController(Object(App\Controllers\Deskapp\Example))
#10 /Users/miguelangelhernandez/Sites/php/sgt/system/CodeIgniter.php(332): CodeIgniter\CodeIgniter->handleRequest(NULL, Object(Config\Cache), false)
#11 /Users/miguelangelhernandez/Sites/php/sgt/public/index.php(44): CodeIgniter\CodeIgniter->run()
#12 {main}
