CRITICAL - 2024-04-06 20:28:03 --> Undefined variable: self
#0 /Users/miguelangelhernandez/Sites/php/sgt/app/Controllers/Deskapp/Tramites.php(482): CodeIgniter\Debug\Exceptions->errorHandler(8, 'Undefined varia...', '/Users/miguelan...', 482, Array)
#1 /Users/miguelangelhernandez/Sites/php/sgt/vendor/grocery-crud/enterprise/src/GroceryCrud/Core/State/StateAbstract.php(1189): App\Controllers\Deskapp\Tramites->App\Controllers\Deskapp\{closure}(Object(stdClass))
#2 /Users/miguelangelhernandez/Sites/php/sgt/vendor/grocery-crud/enterprise/src/GroceryCrud/Core/State/StateAbstract.php(338): GroceryCrud\Core\State\StateAbstract->afterStateOperation(Object(Closure), Object(stdClass))
#3 /Users/miguelangelhernandez/Sites/php/sgt/vendor/grocery-crud/enterprise/src/GroceryCrud/Core/State/InsertState.php(104): GroceryCrud\Core\State\StateAbstract->stateOperationWithCallbacks(Object(stdClass), 'Insert', Object(Closure))
#4 /Users/miguelangelhernandez/Sites/php/sgt/vendor/grocery-crud/enterprise/src/GroceryCrud/Core/GroceryCrud.php(2932): GroceryCrud\Core\State\InsertState->render()
#5 /Users/miguelangelhernandez/Sites/php/sgt/app/Controllers/Deskapp/Tramites.php(582): GroceryCrud\Core\GroceryCrud->render()
#6 /Users/miguelangelhernandez/Sites/php/sgt/system/CodeIgniter.php(935): App\Controllers\Deskapp\Tramites->evidencias('11111', '1')
#7 /Users/miguelangelhernandez/Sites/php/sgt/system/CodeIgniter.php(431): CodeIgniter\CodeIgniter->runController(Object(App\Controllers\Deskapp\Tramites))
#8 /Users/miguelangelhernandez/Sites/php/sgt/system/CodeIgniter.php(332): CodeIgniter\CodeIgniter->handleRequest(NULL, Object(Config\Cache), false)
#9 /Users/miguelangelhernandez/Sites/php/sgt/public/index.php(44): CodeIgniter\CodeIgniter->run()
#10 {main}
CRITICAL - 2024-04-06 20:34:32 --> Undefined variable: self
#0 /Users/miguelangelhernandez/Sites/php/sgt/app/Controllers/Deskapp/Tramites.php(482): CodeIgniter\Debug\Exceptions->errorHandler(8, 'Undefined varia...', '/Users/miguelan...', 482, Array)
#1 /Users/miguelangelhernandez/Sites/php/sgt/vendor/grocery-crud/enterprise/src/GroceryCrud/Core/State/StateAbstract.php(1189): App\Controllers\Deskapp\Tramites->App\Controllers\Deskapp\{closure}(Object(stdClass))
#2 /Users/miguelangelhernandez/Sites/php/sgt/vendor/grocery-crud/enterprise/src/GroceryCrud/Core/State/StateAbstract.php(338): GroceryCrud\Core\State\StateAbstract->afterStateOperation(Object(Closure), Object(stdClass))
#3 /Users/miguelangelhernandez/Sites/php/sgt/vendor/grocery-crud/enterprise/src/GroceryCrud/Core/State/InsertState.php(104): GroceryCrud\Core\State\StateAbstract->stateOperationWithCallbacks(Object(stdClass), 'Insert', Object(Closure))
#4 /Users/miguelangelhernandez/Sites/php/sgt/vendor/grocery-crud/enterprise/src/GroceryCrud/Core/GroceryCrud.php(2932): GroceryCrud\Core\State\InsertState->render()
#5 /Users/miguelangelhernandez/Sites/php/sgt/app/Controllers/Deskapp/Tramites.php(582): GroceryCrud\Core\GroceryCrud->render()
#6 /Users/miguelangelhernandez/Sites/php/sgt/system/CodeIgniter.php(935): App\Controllers\Deskapp\Tramites->evidencias('11111', '1')
#7 /Users/miguelangelhernandez/Sites/php/sgt/system/CodeIgniter.php(431): CodeIgniter\CodeIgniter->runController(Object(App\Controllers\Deskapp\Tramites))
#8 /Users/miguelangelhernandez/Sites/php/sgt/system/CodeIgniter.php(332): CodeIgniter\CodeIgniter->handleRequest(NULL, Object(Config\Cache), false)
#9 /Users/miguelangelhernandez/Sites/php/sgt/public/index.php(44): CodeIgniter\CodeIgniter->run()
#10 {main}
CRITICAL - 2024-04-06 20:39:24 --> Undefined variable: data_prev
#0 /Users/miguelangelhernandez/Sites/php/sgt/app/Controllers/Deskapp/Tramites.php(482): CodeIgniter\Debug\Exceptions->errorHandler(8, 'Undefined varia...', '/Users/miguelan...', 482, Array)
#1 /Users/miguelangelhernandez/Sites/php/sgt/vendor/grocery-crud/enterprise/src/GroceryCrud/Core/State/StateAbstract.php(1189): App\Controllers\Deskapp\Tramites->App\Controllers\Deskapp\{closure}(Object(stdClass))
#2 /Users/miguelangelhernandez/Sites/php/sgt/vendor/grocery-crud/enterprise/src/GroceryCrud/Core/State/StateAbstract.php(338): GroceryCrud\Core\State\StateAbstract->afterStateOperation(Object(Closure), Object(stdClass))
#3 /Users/miguelangelhernandez/Sites/php/sgt/vendor/grocery-crud/enterprise/src/GroceryCrud/Core/State/InsertState.php(104): GroceryCrud\Core\State\StateAbstract->stateOperationWithCallbacks(Object(stdClass), 'Insert', Object(Closure))
#4 /Users/miguelangelhernandez/Sites/php/sgt/vendor/grocery-crud/enterprise/src/GroceryCrud/Core/GroceryCrud.php(2932): GroceryCrud\Core\State\InsertState->render()
#5 /Users/miguelangelhernandez/Sites/php/sgt/app/Controllers/Deskapp/Tramites.php(582): GroceryCrud\Core\GroceryCrud->render()
#6 /Users/miguelangelhernandez/Sites/php/sgt/system/CodeIgniter.php(935): App\Controllers\Deskapp\Tramites->evidencias('11111', '1')
#7 /Users/miguelangelhernandez/Sites/php/sgt/system/CodeIgniter.php(431): CodeIgniter\CodeIgniter->runController(Object(App\Controllers\Deskapp\Tramites))
#8 /Users/miguelangelhernandez/Sites/php/sgt/system/CodeIgniter.php(332): CodeIgniter\CodeIgniter->handleRequest(NULL, Object(Config\Cache), false)
#9 /Users/miguelangelhernandez/Sites/php/sgt/public/index.php(44): CodeIgniter\CodeIgniter->run()
#10 {main}
