CRITICAL - 2024-02-20 20:24:16 --> Statement could not be executed (23000 - 1062 - Duplicate entry '1111124' for key 'folio_UNIQUE')
#0 /Users/miguelangelhernandez/Sites/php/sgt/vendor/grocery-crud/enterprise/src/GroceryCrud/Core/Model.php(515): Laminas\Db\Adapter\Driver\Pdo\Statement->execute()
#1 /Users/miguelangelhernandez/Sites/php/sgt/vendor/grocery-crud/enterprise/src/GroceryCrud/Core/State/InsertState.php(94): GroceryCrud\Core\Model->insert(Array)
#2 /Users/miguelangelhernandez/Sites/php/sgt/vendor/grocery-crud/enterprise/src/GroceryCrud/Core/State/StateAbstract.php(1179): GroceryCrud\Core\State\InsertState->GroceryCrud\Core\State\{closure}(Object(stdClass))
#3 /Users/miguelangelhernandez/Sites/php/sgt/vendor/grocery-crud/enterprise/src/GroceryCrud/Core/State/StateAbstract.php(333): GroceryCrud\Core\State\StateAbstract->stateOperation(NULL, Object(stdClass), Object(Closure))
#4 /Users/miguelangelhernandez/Sites/php/sgt/vendor/grocery-crud/enterprise/src/GroceryCrud/Core/State/InsertState.php(104): GroceryCrud\Core\State\StateAbstract->stateOperationWithCallbacks(Object(stdClass), 'Insert', Object(Closure))
#5 /Users/miguelangelhernandez/Sites/php/sgt/vendor/grocery-crud/enterprise/src/GroceryCrud/Core/GroceryCrud.php(2932): GroceryCrud\Core\State\InsertState->render()
#6 /Users/miguelangelhernandez/Sites/php/sgt/app/Controllers/Deskapp/Tramites.php(138): GroceryCrud\Core\GroceryCrud->render()
#7 /Users/miguelangelhernandez/Sites/php/sgt/system/CodeIgniter.php(935): App\Controllers\Deskapp\Tramites->tramite('add')
#8 /Users/miguelangelhernandez/Sites/php/sgt/system/CodeIgniter.php(431): CodeIgniter\CodeIgniter->runController(Object(App\Controllers\Deskapp\Tramites))
#9 /Users/miguelangelhernandez/Sites/php/sgt/system/CodeIgniter.php(332): CodeIgniter\CodeIgniter->handleRequest(NULL, Object(Config\Cache), false)
#10 /Users/miguelangelhernandez/Sites/php/sgt/public/index.php(44): CodeIgniter\CodeIgniter->run()
#11 {main}
CRITICAL - 2024-02-20 20:50:04 --> Undefined index: documento_id
#0 /Users/miguelangelhernandez/Sites/php/sgt/app/Controllers/Deskapp/Tramites.php(125): CodeIgniter\Debug\Exceptions->errorHandler(8, 'Undefined index...', '/Users/miguelan...', 125, Array)
#1 /Users/miguelangelhernandez/Sites/php/sgt/vendor/grocery-crud/enterprise/src/GroceryCrud/Core/State/StateAbstract.php(1189): App\Controllers\Deskapp\Tramites->App\Controllers\Deskapp\{closure}(Object(stdClass))
#2 /Users/miguelangelhernandez/Sites/php/sgt/vendor/grocery-crud/enterprise/src/GroceryCrud/Core/State/StateAbstract.php(338): GroceryCrud\Core\State\StateAbstract->afterStateOperation(Object(Closure), Object(stdClass))
#3 /Users/miguelangelhernandez/Sites/php/sgt/vendor/grocery-crud/enterprise/src/GroceryCrud/Core/State/InsertState.php(104): GroceryCrud\Core\State\StateAbstract->stateOperationWithCallbacks(Object(stdClass), 'Insert', Object(Closure))
#4 /Users/miguelangelhernandez/Sites/php/sgt/vendor/grocery-crud/enterprise/src/GroceryCrud/Core/GroceryCrud.php(2932): GroceryCrud\Core\State\InsertState->render()
#5 /Users/miguelangelhernandez/Sites/php/sgt/app/Controllers/Deskapp/Tramites.php(138): GroceryCrud\Core\GroceryCrud->render()
#6 /Users/miguelangelhernandez/Sites/php/sgt/system/CodeIgniter.php(935): App\Controllers\Deskapp\Tramites->tramite()
#7 /Users/miguelangelhernandez/Sites/php/sgt/system/CodeIgniter.php(431): CodeIgniter\CodeIgniter->runController(Object(App\Controllers\Deskapp\Tramites))
#8 /Users/miguelangelhernandez/Sites/php/sgt/system/CodeIgniter.php(332): CodeIgniter\CodeIgniter->handleRequest(NULL, Object(Config\Cache), false)
#9 /Users/miguelangelhernandez/Sites/php/sgt/public/index.php(44): CodeIgniter\CodeIgniter->run()
#10 {main}
CRITICAL - 2024-02-20 21:16:51 --> Statement could not be executed (42000 - 1064 - You have an error in your SQL syntax; check the manual that corresponds to your MySQL server version for the right syntax to use near '(`folio`, `tramite_id`, `documento_id`, `status_documento_id`, `user_id`, `creat' at line 1)
#0 /Users/miguelangelhernandez/Sites/php/sgt/vendor/grocery-crud/enterprise/src/GroceryCrud/Core/Model.php(515): Laminas\Db\Adapter\Driver\Pdo\Statement->execute()
#1 /Users/miguelangelhernandez/Sites/php/sgt/app/Controllers/Deskapp/Tramites.php(136): GroceryCrud\Core\Model->insert(Array)
#2 /Users/miguelangelhernandez/Sites/php/sgt/vendor/grocery-crud/enterprise/src/GroceryCrud/Core/State/StateAbstract.php(1189): App\Controllers\Deskapp\Tramites->App\Controllers\Deskapp\{closure}(Object(stdClass))
#3 /Users/miguelangelhernandez/Sites/php/sgt/vendor/grocery-crud/enterprise/src/GroceryCrud/Core/State/StateAbstract.php(338): GroceryCrud\Core\State\StateAbstract->afterStateOperation(Object(Closure), Object(stdClass))
#4 /Users/miguelangelhernandez/Sites/php/sgt/vendor/grocery-crud/enterprise/src/GroceryCrud/Core/State/InsertState.php(104): GroceryCrud\Core\State\StateAbstract->stateOperationWithCallbacks(Object(stdClass), 'Insert', Object(Closure))
#5 /Users/miguelangelhernandez/Sites/php/sgt/vendor/grocery-crud/enterprise/src/GroceryCrud/Core/GroceryCrud.php(2932): GroceryCrud\Core\State\InsertState->render()
#6 /Users/miguelangelhernandez/Sites/php/sgt/app/Controllers/Deskapp/Tramites.php(157): GroceryCrud\Core\GroceryCrud->render()
#7 /Users/miguelangelhernandez/Sites/php/sgt/system/CodeIgniter.php(935): App\Controllers\Deskapp\Tramites->tramite('add')
#8 /Users/miguelangelhernandez/Sites/php/sgt/system/CodeIgniter.php(431): CodeIgniter\CodeIgniter->runController(Object(App\Controllers\Deskapp\Tramites))
#9 /Users/miguelangelhernandez/Sites/php/sgt/system/CodeIgniter.php(332): CodeIgniter\CodeIgniter->handleRequest(NULL, Object(Config\Cache), false)
#10 /Users/miguelangelhernandez/Sites/php/sgt/public/index.php(44): CodeIgniter\CodeIgniter->run()
#11 {main}
CRITICAL - 2024-02-20 21:28:42 --> Statement could not be executed (42000 - 1064 - You have an error in your SQL syntax; check the manual that corresponds to your MySQL server version for the right syntax to use near '(`folio`, `tramite_id`, `documento_id`, `status_documento_id`, `user_id`, `creat' at line 1)
#0 /Users/miguelangelhernandez/Sites/php/sgt/vendor/grocery-crud/enterprise/src/GroceryCrud/Core/Model.php(515): Laminas\Db\Adapter\Driver\Pdo\Statement->execute()
#1 /Users/miguelangelhernandez/Sites/php/sgt/app/Controllers/Deskapp/Tramites.php(136): GroceryCrud\Core\Model->insert(Array)
#2 /Users/miguelangelhernandez/Sites/php/sgt/vendor/grocery-crud/enterprise/src/GroceryCrud/Core/State/StateAbstract.php(1189): App\Controllers\Deskapp\Tramites->App\Controllers\Deskapp\{closure}(Object(stdClass))
#3 /Users/miguelangelhernandez/Sites/php/sgt/vendor/grocery-crud/enterprise/src/GroceryCrud/Core/State/StateAbstract.php(338): GroceryCrud\Core\State\StateAbstract->afterStateOperation(Object(Closure), Object(stdClass))
#4 /Users/miguelangelhernandez/Sites/php/sgt/vendor/grocery-crud/enterprise/src/GroceryCrud/Core/State/InsertState.php(104): GroceryCrud\Core\State\StateAbstract->stateOperationWithCallbacks(Object(stdClass), 'Insert', Object(Closure))
#5 /Users/miguelangelhernandez/Sites/php/sgt/vendor/grocery-crud/enterprise/src/GroceryCrud/Core/GroceryCrud.php(2932): GroceryCrud\Core\State\InsertState->render()
#6 /Users/miguelangelhernandez/Sites/php/sgt/app/Controllers/Deskapp/Tramites.php(143): GroceryCrud\Core\GroceryCrud->render()
#7 /Users/miguelangelhernandez/Sites/php/sgt/system/CodeIgniter.php(935): App\Controllers\Deskapp\Tramites->tramite('add')
#8 /Users/miguelangelhernandez/Sites/php/sgt/system/CodeIgniter.php(431): CodeIgniter\CodeIgniter->runController(Object(App\Controllers\Deskapp\Tramites))
#9 /Users/miguelangelhernandez/Sites/php/sgt/system/CodeIgniter.php(332): CodeIgniter\CodeIgniter->handleRequest(NULL, Object(Config\Cache), false)
#10 /Users/miguelangelhernandez/Sites/php/sgt/public/index.php(44): CodeIgniter\CodeIgniter->run()
#11 {main}
CRITICAL - 2024-02-20 22:43:17 --> Statement could not be executed (23000 - 1062 - Duplicate entry '1111127' for key 'folio_UNIQUE')
#0 /Users/miguelangelhernandez/Sites/php/sgt/vendor/grocery-crud/enterprise/src/GroceryCrud/Core/Model.php(515): Laminas\Db\Adapter\Driver\Pdo\Statement->execute()
#1 /Users/miguelangelhernandez/Sites/php/sgt/vendor/grocery-crud/enterprise/src/GroceryCrud/Core/State/InsertState.php(94): GroceryCrud\Core\Model->insert(Array)
#2 /Users/miguelangelhernandez/Sites/php/sgt/vendor/grocery-crud/enterprise/src/GroceryCrud/Core/State/StateAbstract.php(1179): GroceryCrud\Core\State\InsertState->GroceryCrud\Core\State\{closure}(Object(stdClass))
#3 /Users/miguelangelhernandez/Sites/php/sgt/vendor/grocery-crud/enterprise/src/GroceryCrud/Core/State/StateAbstract.php(333): GroceryCrud\Core\State\StateAbstract->stateOperation(NULL, Object(stdClass), Object(Closure))
#4 /Users/miguelangelhernandez/Sites/php/sgt/vendor/grocery-crud/enterprise/src/GroceryCrud/Core/State/InsertState.php(104): GroceryCrud\Core\State\StateAbstract->stateOperationWithCallbacks(Object(stdClass), 'Insert', Object(Closure))
#5 /Users/miguelangelhernandez/Sites/php/sgt/vendor/grocery-crud/enterprise/src/GroceryCrud/Core/GroceryCrud.php(2932): GroceryCrud\Core\State\InsertState->render()
#6 /Users/miguelangelhernandez/Sites/php/sgt/app/Controllers/Deskapp/Tramites.php(144): GroceryCrud\Core\GroceryCrud->render()
#7 /Users/miguelangelhernandez/Sites/php/sgt/system/CodeIgniter.php(935): App\Controllers\Deskapp\Tramites->tramite('add')
#8 /Users/miguelangelhernandez/Sites/php/sgt/system/CodeIgniter.php(431): CodeIgniter\CodeIgniter->runController(Object(App\Controllers\Deskapp\Tramites))
#9 /Users/miguelangelhernandez/Sites/php/sgt/system/CodeIgniter.php(332): CodeIgniter\CodeIgniter->handleRequest(NULL, Object(Config\Cache), false)
#10 /Users/miguelangelhernandez/Sites/php/sgt/public/index.php(44): CodeIgniter\CodeIgniter->run()
#11 {main}
CRITICAL - 2024-02-20 22:45:17 --> Statement could not be executed (42000 - 1064 - You have an error in your SQL syntax; check the manual that corresponds to your MySQL server version for the right syntax to use near '(`folio`, `tramite_id`, `documento_id`, `status_documento_id`, `user_id`, `creat' at line 1)
#0 /Users/miguelangelhernandez/Sites/php/sgt/vendor/grocery-crud/enterprise/src/GroceryCrud/Core/Model.php(515): Laminas\Db\Adapter\Driver\Pdo\Statement->execute()
#1 /Users/miguelangelhernandez/Sites/php/sgt/app/Controllers/Deskapp/Tramites.php(137): GroceryCrud\Core\Model->insert(Array)
#2 /Users/miguelangelhernandez/Sites/php/sgt/vendor/grocery-crud/enterprise/src/GroceryCrud/Core/State/StateAbstract.php(1189): App\Controllers\Deskapp\Tramites->App\Controllers\Deskapp\{closure}(Object(stdClass))
#3 /Users/miguelangelhernandez/Sites/php/sgt/vendor/grocery-crud/enterprise/src/GroceryCrud/Core/State/StateAbstract.php(338): GroceryCrud\Core\State\StateAbstract->afterStateOperation(Object(Closure), Object(stdClass))
#4 /Users/miguelangelhernandez/Sites/php/sgt/vendor/grocery-crud/enterprise/src/GroceryCrud/Core/State/InsertState.php(104): GroceryCrud\Core\State\StateAbstract->stateOperationWithCallbacks(Object(stdClass), 'Insert', Object(Closure))
#5 /Users/miguelangelhernandez/Sites/php/sgt/vendor/grocery-crud/enterprise/src/GroceryCrud/Core/GroceryCrud.php(2932): GroceryCrud\Core\State\InsertState->render()
#6 /Users/miguelangelhernandez/Sites/php/sgt/app/Controllers/Deskapp/Tramites.php(144): GroceryCrud\Core\GroceryCrud->render()
#7 /Users/miguelangelhernandez/Sites/php/sgt/system/CodeIgniter.php(935): App\Controllers\Deskapp\Tramites->tramite('add')
#8 /Users/miguelangelhernandez/Sites/php/sgt/system/CodeIgniter.php(431): CodeIgniter\CodeIgniter->runController(Object(App\Controllers\Deskapp\Tramites))
#9 /Users/miguelangelhernandez/Sites/php/sgt/system/CodeIgniter.php(332): CodeIgniter\CodeIgniter->handleRequest(NULL, Object(Config\Cache), false)
#10 /Users/miguelangelhernandez/Sites/php/sgt/public/index.php(44): CodeIgniter\CodeIgniter->run()
#11 {main}
CRITICAL - 2024-02-20 22:47:04 --> Statement could not be executed (42000 - 1064 - You have an error in your SQL syntax; check the manual that corresponds to your MySQL server version for the right syntax to use near '(`folio`, `tramite_id`, `documento_id`, `status_documento_id`, `user_id`, `creat' at line 1)
#0 /Users/miguelangelhernandez/Sites/php/sgt/vendor/grocery-crud/enterprise/src/GroceryCrud/Core/Model.php(515): Laminas\Db\Adapter\Driver\Pdo\Statement->execute()
#1 /Users/miguelangelhernandez/Sites/php/sgt/app/Controllers/Deskapp/Tramites.php(137): GroceryCrud\Core\Model->insert(Array)
#2 /Users/miguelangelhernandez/Sites/php/sgt/vendor/grocery-crud/enterprise/src/GroceryCrud/Core/State/StateAbstract.php(1189): App\Controllers\Deskapp\Tramites->App\Controllers\Deskapp\{closure}(Object(stdClass))
#3 /Users/miguelangelhernandez/Sites/php/sgt/vendor/grocery-crud/enterprise/src/GroceryCrud/Core/State/StateAbstract.php(338): GroceryCrud\Core\State\StateAbstract->afterStateOperation(Object(Closure), Object(stdClass))
#4 /Users/miguelangelhernandez/Sites/php/sgt/vendor/grocery-crud/enterprise/src/GroceryCrud/Core/State/InsertState.php(104): GroceryCrud\Core\State\StateAbstract->stateOperationWithCallbacks(Object(stdClass), 'Insert', Object(Closure))
#5 /Users/miguelangelhernandez/Sites/php/sgt/vendor/grocery-crud/enterprise/src/GroceryCrud/Core/GroceryCrud.php(2932): GroceryCrud\Core\State\InsertState->render()
#6 /Users/miguelangelhernandez/Sites/php/sgt/app/Controllers/Deskapp/Tramites.php(144): GroceryCrud\Core\GroceryCrud->render()
#7 /Users/miguelangelhernandez/Sites/php/sgt/system/CodeIgniter.php(935): App\Controllers\Deskapp\Tramites->tramite('add')
#8 /Users/miguelangelhernandez/Sites/php/sgt/system/CodeIgniter.php(431): CodeIgniter\CodeIgniter->runController(Object(App\Controllers\Deskapp\Tramites))
#9 /Users/miguelangelhernandez/Sites/php/sgt/system/CodeIgniter.php(332): CodeIgniter\CodeIgniter->handleRequest(NULL, Object(Config\Cache), false)
#10 /Users/miguelangelhernandez/Sites/php/sgt/public/index.php(44): CodeIgniter\CodeIgniter->run()
#11 {main}
CRITICAL - 2024-02-20 23:06:27 --> Statement could not be executed (42000 - 1064 - You have an error in your SQL syntax; check the manual that corresponds to your MySQL server version for the right syntax to use near '(`folio`, `tramite_id`, `documento_id`, `status_documento_id`, `user_id`, `creat' at line 1)
#0 /Users/miguelangelhernandez/Sites/php/sgt/vendor/grocery-crud/enterprise/src/GroceryCrud/Core/Model.php(515): Laminas\Db\Adapter\Driver\Pdo\Statement->execute()
#1 /Users/miguelangelhernandez/Sites/php/sgt/app/Controllers/Deskapp/Tramites.php(136): GroceryCrud\Core\Model->insert(Array)
#2 /Users/miguelangelhernandez/Sites/php/sgt/vendor/grocery-crud/enterprise/src/GroceryCrud/Core/State/StateAbstract.php(1189): App\Controllers\Deskapp\Tramites->App\Controllers\Deskapp\{closure}(Object(stdClass))
#3 /Users/miguelangelhernandez/Sites/php/sgt/vendor/grocery-crud/enterprise/src/GroceryCrud/Core/State/StateAbstract.php(338): GroceryCrud\Core\State\StateAbstract->afterStateOperation(Object(Closure), Object(stdClass))
#4 /Users/miguelangelhernandez/Sites/php/sgt/vendor/grocery-crud/enterprise/src/GroceryCrud/Core/State/InsertState.php(104): GroceryCrud\Core\State\StateAbstract->stateOperationWithCallbacks(Object(stdClass), 'Insert', Object(Closure))
#5 /Users/miguelangelhernandez/Sites/php/sgt/vendor/grocery-crud/enterprise/src/GroceryCrud/Core/GroceryCrud.php(2932): GroceryCrud\Core\State\InsertState->render()
#6 /Users/miguelangelhernandez/Sites/php/sgt/app/Controllers/Deskapp/Tramites.php(143): GroceryCrud\Core\GroceryCrud->render()
#7 /Users/miguelangelhernandez/Sites/php/sgt/system/CodeIgniter.php(935): App\Controllers\Deskapp\Tramites->tramite('add')
#8 /Users/miguelangelhernandez/Sites/php/sgt/system/CodeIgniter.php(431): CodeIgniter\CodeIgniter->runController(Object(App\Controllers\Deskapp\Tramites))
#9 /Users/miguelangelhernandez/Sites/php/sgt/system/CodeIgniter.php(332): CodeIgniter\CodeIgniter->handleRequest(NULL, Object(Config\Cache), false)
#10 /Users/miguelangelhernandez/Sites/php/sgt/public/index.php(44): CodeIgniter\CodeIgniter->run()
#11 {main}
CRITICAL - 2024-02-20 23:09:44 --> Statement could not be executed (42000 - 1064 - You have an error in your SQL syntax; check the manual that corresponds to your MySQL server version for the right syntax to use near '(`folio`, `tramite_id`, `documento_id`, `status_documento_id`, `user_id`, `creat' at line 1)
#0 /Users/miguelangelhernandez/Sites/php/sgt/vendor/grocery-crud/enterprise/src/GroceryCrud/Core/Model.php(515): Laminas\Db\Adapter\Driver\Pdo\Statement->execute()
#1 /Users/miguelangelhernandez/Sites/php/sgt/app/Controllers/Deskapp/Tramites.php(137): GroceryCrud\Core\Model->insert(Array)
#2 /Users/miguelangelhernandez/Sites/php/sgt/vendor/grocery-crud/enterprise/src/GroceryCrud/Core/State/StateAbstract.php(1189): App\Controllers\Deskapp\Tramites->App\Controllers\Deskapp\{closure}(Object(stdClass))
#3 /Users/miguelangelhernandez/Sites/php/sgt/vendor/grocery-crud/enterprise/src/GroceryCrud/Core/State/StateAbstract.php(338): GroceryCrud\Core\State\StateAbstract->afterStateOperation(Object(Closure), Object(stdClass))
#4 /Users/miguelangelhernandez/Sites/php/sgt/vendor/grocery-crud/enterprise/src/GroceryCrud/Core/State/InsertState.php(104): GroceryCrud\Core\State\StateAbstract->stateOperationWithCallbacks(Object(stdClass), 'Insert', Object(Closure))
#5 /Users/miguelangelhernandez/Sites/php/sgt/vendor/grocery-crud/enterprise/src/GroceryCrud/Core/GroceryCrud.php(2932): GroceryCrud\Core\State\InsertState->render()
#6 /Users/miguelangelhernandez/Sites/php/sgt/app/Controllers/Deskapp/Tramites.php(144): GroceryCrud\Core\GroceryCrud->render()
#7 /Users/miguelangelhernandez/Sites/php/sgt/system/CodeIgniter.php(935): App\Controllers\Deskapp\Tramites->tramite('add')
#8 /Users/miguelangelhernandez/Sites/php/sgt/system/CodeIgniter.php(431): CodeIgniter\CodeIgniter->runController(Object(App\Controllers\Deskapp\Tramites))
#9 /Users/miguelangelhernandez/Sites/php/sgt/system/CodeIgniter.php(332): CodeIgniter\CodeIgniter->handleRequest(NULL, Object(Config\Cache), false)
#10 /Users/miguelangelhernandez/Sites/php/sgt/public/index.php(44): CodeIgniter\CodeIgniter->run()
#11 {main}
