CRITICAL - 2024-01-26 14:08:50 --> Statement could not be executed (42S02 - 1146 - Table 'procedures.tra_documentos' doesn't exist)
#0 /Users/miguelangelhernandez/Sites/php/sgt/vendor/grocery-crud/enterprise/src/GroceryCrud/Core/Model.php(770): Laminas\Db\Adapter\Driver\Pdo\Statement->execute()
#1 /Users/miguelangelhernandez/Sites/php/sgt/vendor/grocery-crud/enterprise/src/GroceryCrud/Core/Model.php(205): GroceryCrud\Core\Model->getFieldTypes('tra_documentos')
#2 /Users/miguelangelhernandez/Sites/php/sgt/vendor/grocery-crud/enterprise/src/GroceryCrud/Core/State/StateAbstract.php(1195): GroceryCrud\Core\Model->getColumnNames()
#3 /Users/miguelangelhernandez/Sites/php/sgt/vendor/grocery-crud/enterprise/src/GroceryCrud/Core/State/StateAbstract.php(1835): GroceryCrud\Core\State\StateAbstract->getColumnNames()
#4 /Users/miguelangelhernandez/Sites/php/sgt/vendor/grocery-crud/enterprise/src/GroceryCrud/Core/State/InitialState.php(60): GroceryCrud\Core\State\StateAbstract->transformFieldsList(Array, Array)
#5 /Users/miguelangelhernandez/Sites/php/sgt/vendor/grocery-crud/enterprise/src/GroceryCrud/Core/State/InitialState.php(13): GroceryCrud\Core\State\InitialState->showInitData()
#6 /Users/miguelangelhernandez/Sites/php/sgt/vendor/grocery-crud/enterprise/src/GroceryCrud/Core/GroceryCrud.php(2932): GroceryCrud\Core\State\InitialState->render()
#7 /Users/miguelangelhernandez/Sites/php/sgt/app/Controllers/Deskapp/Tramites.php(126): GroceryCrud\Core\GroceryCrud->render()
#8 /Users/miguelangelhernandez/Sites/php/sgt/system/CodeIgniter.php(935): App\Controllers\Deskapp\Tramites->documentos()
#9 /Users/miguelangelhernandez/Sites/php/sgt/system/CodeIgniter.php(431): CodeIgniter\CodeIgniter->runController(Object(App\Controllers\Deskapp\Tramites))
#10 /Users/miguelangelhernandez/Sites/php/sgt/system/CodeIgniter.php(332): CodeIgniter\CodeIgniter->handleRequest(NULL, Object(Config\Cache), false)
#11 /Users/miguelangelhernandez/Sites/php/sgt/public/index.php(44): CodeIgniter\CodeIgniter->run()
#12 {main}
CRITICAL - 2024-01-26 14:09:26 --> Statement could not be executed (42S02 - 1146 - Table 'procedures.tra_documentos' doesn't exist)
#0 /Users/miguelangelhernandez/Sites/php/sgt/vendor/grocery-crud/enterprise/src/GroceryCrud/Core/Model.php(770): Laminas\Db\Adapter\Driver\Pdo\Statement->execute()
#1 /Users/miguelangelhernandez/Sites/php/sgt/vendor/grocery-crud/enterprise/src/GroceryCrud/Core/Model.php(205): GroceryCrud\Core\Model->getFieldTypes('tra_documentos')
#2 /Users/miguelangelhernandez/Sites/php/sgt/vendor/grocery-crud/enterprise/src/GroceryCrud/Core/State/StateAbstract.php(1195): GroceryCrud\Core\Model->getColumnNames()
#3 /Users/miguelangelhernandez/Sites/php/sgt/vendor/grocery-crud/enterprise/src/GroceryCrud/Core/State/StateAbstract.php(1835): GroceryCrud\Core\State\StateAbstract->getColumnNames()
#4 /Users/miguelangelhernandez/Sites/php/sgt/vendor/grocery-crud/enterprise/src/GroceryCrud/Core/State/InitialState.php(60): GroceryCrud\Core\State\StateAbstract->transformFieldsList(Array, Array)
#5 /Users/miguelangelhernandez/Sites/php/sgt/vendor/grocery-crud/enterprise/src/GroceryCrud/Core/State/InitialState.php(13): GroceryCrud\Core\State\InitialState->showInitData()
#6 /Users/miguelangelhernandez/Sites/php/sgt/vendor/grocery-crud/enterprise/src/GroceryCrud/Core/GroceryCrud.php(2932): GroceryCrud\Core\State\InitialState->render()
#7 /Users/miguelangelhernandez/Sites/php/sgt/app/Controllers/Deskapp/Tramites.php(126): GroceryCrud\Core\GroceryCrud->render()
#8 /Users/miguelangelhernandez/Sites/php/sgt/system/CodeIgniter.php(935): App\Controllers\Deskapp\Tramites->documentos()
#9 /Users/miguelangelhernandez/Sites/php/sgt/system/CodeIgniter.php(431): CodeIgniter\CodeIgniter->runController(Object(App\Controllers\Deskapp\Tramites))
#10 /Users/miguelangelhernandez/Sites/php/sgt/system/CodeIgniter.php(332): CodeIgniter\CodeIgniter->handleRequest(NULL, Object(Config\Cache), false)
#11 /Users/miguelangelhernandez/Sites/php/sgt/public/index.php(44): CodeIgniter\CodeIgniter->run()
#12 {main}
CRITICAL - 2024-01-26 15:16:30 --> Statement could not be executed (42S02 - 1146 - Table 'procedures.tra_documentos' doesn't exist)
#0 /Users/miguelangelhernandez/Sites/php/sgt/vendor/grocery-crud/enterprise/src/GroceryCrud/Core/Model.php(770): Laminas\Db\Adapter\Driver\Pdo\Statement->execute()
#1 /Users/miguelangelhernandez/Sites/php/sgt/vendor/grocery-crud/enterprise/src/GroceryCrud/Core/Model.php(205): GroceryCrud\Core\Model->getFieldTypes('tra_documentos')
#2 /Users/miguelangelhernandez/Sites/php/sgt/vendor/grocery-crud/enterprise/src/GroceryCrud/Core/State/StateAbstract.php(1195): GroceryCrud\Core\Model->getColumnNames()
#3 /Users/miguelangelhernandez/Sites/php/sgt/vendor/grocery-crud/enterprise/src/GroceryCrud/Core/State/StateAbstract.php(1835): GroceryCrud\Core\State\StateAbstract->getColumnNames()
#4 /Users/miguelangelhernandez/Sites/php/sgt/vendor/grocery-crud/enterprise/src/GroceryCrud/Core/State/InitialState.php(60): GroceryCrud\Core\State\StateAbstract->transformFieldsList(Array, Array)
#5 /Users/miguelangelhernandez/Sites/php/sgt/vendor/grocery-crud/enterprise/src/GroceryCrud/Core/State/InitialState.php(13): GroceryCrud\Core\State\InitialState->showInitData()
#6 /Users/miguelangelhernandez/Sites/php/sgt/vendor/grocery-crud/enterprise/src/GroceryCrud/Core/GroceryCrud.php(2932): GroceryCrud\Core\State\InitialState->render()
#7 /Users/miguelangelhernandez/Sites/php/sgt/app/Controllers/Deskapp/Tramites.php(126): GroceryCrud\Core\GroceryCrud->render()
#8 /Users/miguelangelhernandez/Sites/php/sgt/system/CodeIgniter.php(935): App\Controllers\Deskapp\Tramites->documentos()
#9 /Users/miguelangelhernandez/Sites/php/sgt/system/CodeIgniter.php(431): CodeIgniter\CodeIgniter->runController(Object(App\Controllers\Deskapp\Tramites))
#10 /Users/miguelangelhernandez/Sites/php/sgt/system/CodeIgniter.php(332): CodeIgniter\CodeIgniter->handleRequest(NULL, Object(Config\Cache), false)
#11 /Users/miguelangelhernandez/Sites/php/sgt/public/index.php(44): CodeIgniter\CodeIgniter->run()
#12 {main}
CRITICAL - 2024-01-26 15:20:04 --> Statement could not be executed (42S02 - 1146 - Table 'procedures.tra_documentos' doesn't exist)
#0 /Users/miguelangelhernandez/Sites/php/sgt/vendor/grocery-crud/enterprise/src/GroceryCrud/Core/Model.php(770): Laminas\Db\Adapter\Driver\Pdo\Statement->execute()
#1 /Users/miguelangelhernandez/Sites/php/sgt/vendor/grocery-crud/enterprise/src/GroceryCrud/Core/Model.php(205): GroceryCrud\Core\Model->getFieldTypes('tra_documentos')
#2 /Users/miguelangelhernandez/Sites/php/sgt/vendor/grocery-crud/enterprise/src/GroceryCrud/Core/State/StateAbstract.php(1195): GroceryCrud\Core\Model->getColumnNames()
#3 /Users/miguelangelhernandez/Sites/php/sgt/vendor/grocery-crud/enterprise/src/GroceryCrud/Core/State/StateAbstract.php(1835): GroceryCrud\Core\State\StateAbstract->getColumnNames()
#4 /Users/miguelangelhernandez/Sites/php/sgt/vendor/grocery-crud/enterprise/src/GroceryCrud/Core/State/InitialState.php(60): GroceryCrud\Core\State\StateAbstract->transformFieldsList(Array, Array)
#5 /Users/miguelangelhernandez/Sites/php/sgt/vendor/grocery-crud/enterprise/src/GroceryCrud/Core/State/InitialState.php(13): GroceryCrud\Core\State\InitialState->showInitData()
#6 /Users/miguelangelhernandez/Sites/php/sgt/vendor/grocery-crud/enterprise/src/GroceryCrud/Core/GroceryCrud.php(2932): GroceryCrud\Core\State\InitialState->render()
#7 /Users/miguelangelhernandez/Sites/php/sgt/app/Controllers/Deskapp/Tramites.php(126): GroceryCrud\Core\GroceryCrud->render()
#8 /Users/miguelangelhernandez/Sites/php/sgt/system/CodeIgniter.php(935): App\Controllers\Deskapp\Tramites->documentos()
#9 /Users/miguelangelhernandez/Sites/php/sgt/system/CodeIgniter.php(431): CodeIgniter\CodeIgniter->runController(Object(App\Controllers\Deskapp\Tramites))
#10 /Users/miguelangelhernandez/Sites/php/sgt/system/CodeIgniter.php(332): CodeIgniter\CodeIgniter->handleRequest(NULL, Object(Config\Cache), false)
#11 /Users/miguelangelhernandez/Sites/php/sgt/public/index.php(44): CodeIgniter\CodeIgniter->run()
#12 {main}
CRITICAL - 2024-01-26 15:21:20 --> SQLSTATE[42S22]: Column not found: 1054 Unknown column 'tra_tipo_documentos.tramite_id' in 'on clause'
#0 /Users/miguelangelhernandez/Sites/php/sgt/vendor/laminas/laminas-db/src/Adapter/Driver/Pdo/Connection.php(376): PDO->query('SELECT `tra_tip...')
#1 /Users/miguelangelhernandez/Sites/php/sgt/vendor/laminas/laminas-db/src/Adapter/Adapter.php(194): Laminas\Db\Adapter\Driver\Pdo\Connection->execute('SELECT `tra_tip...')
#2 /Users/miguelangelhernandez/Sites/php/sgt/vendor/grocery-crud/enterprise/src/GroceryCrud/Core/Model.php(1135): Laminas\Db\Adapter\Adapter->query('SELECT `tra_tip...', 'execute')
#3 /Users/miguelangelhernandez/Sites/php/sgt/vendor/grocery-crud/enterprise/src/GroceryCrud/Core/Model.php(1392): GroceryCrud\Core\Model->getResultsFromSelect(Object(Laminas\Db\Sql\Select), Object(Laminas\Db\Sql\Sql))
#4 /Users/miguelangelhernandez/Sites/php/sgt/vendor/grocery-crud/enterprise/src/GroceryCrud/Core/State/DatagridState.php(320): GroceryCrud\Core\Model->getList()
#5 /Users/miguelangelhernandez/Sites/php/sgt/vendor/grocery-crud/enterprise/src/GroceryCrud/Core/State/DatagridState.php(331): GroceryCrud\Core\State\DatagridState->getData()
#6 /Users/miguelangelhernandez/Sites/php/sgt/vendor/grocery-crud/enterprise/src/GroceryCrud/Core/GroceryCrud.php(2932): GroceryCrud\Core\State\DatagridState->render()
#7 /Users/miguelangelhernandez/Sites/php/sgt/app/Controllers/Deskapp/Tramites.php(126): GroceryCrud\Core\GroceryCrud->render()
#8 /Users/miguelangelhernandez/Sites/php/sgt/system/CodeIgniter.php(935): App\Controllers\Deskapp\Tramites->documentos()
#9 /Users/miguelangelhernandez/Sites/php/sgt/system/CodeIgniter.php(431): CodeIgniter\CodeIgniter->runController(Object(App\Controllers\Deskapp\Tramites))
#10 /Users/miguelangelhernandez/Sites/php/sgt/system/CodeIgniter.php(332): CodeIgniter\CodeIgniter->handleRequest(NULL, Object(Config\Cache), false)
#11 /Users/miguelangelhernandez/Sites/php/sgt/public/index.php(44): CodeIgniter\CodeIgniter->run()
#12 {main}
CRITICAL - 2024-01-26 18:17:17 --> SQLSTATE[42S22]: Column not found: 1054 Unknown column 'tramite_id' in 'order clause'
#0 /Users/miguelangelhernandez/Sites/php/sgt/vendor/laminas/laminas-db/src/Adapter/Driver/Pdo/Connection.php(376): PDO->query('SELECT `t`.* FR...')
#1 /Users/miguelangelhernandez/Sites/php/sgt/vendor/laminas/laminas-db/src/Adapter/Adapter.php(194): Laminas\Db\Adapter\Driver\Pdo\Connection->execute('SELECT `t`.* FR...')
#2 /Users/miguelangelhernandez/Sites/php/sgt/vendor/grocery-crud/enterprise/src/GroceryCrud/Core/Model.php(269): Laminas\Db\Adapter\Adapter->query('SELECT `t`.* FR...', 'execute')
#3 /Users/miguelangelhernandez/Sites/php/sgt/vendor/grocery-crud/enterprise/src/GroceryCrud/Core/State/StateAbstract.php(1313): GroceryCrud\Core\Model->getRelationData('tramite', 'Documento', NULL, 'tramite_id', 'tramite')
#4 /Users/miguelangelhernandez/Sites/php/sgt/vendor/grocery-crud/enterprise/src/GroceryCrud/Core/State/StateAbstract.php(1426): GroceryCrud\Core\State\StateAbstract->getRelationalData('tramite', 'Documento', NULL, 'tramite_id', 'tramite')
#5 /Users/miguelangelhernandez/Sites/php/sgt/vendor/grocery-crud/enterprise/src/GroceryCrud/Core/State/InitialState.php(75): GroceryCrud\Core\State\StateAbstract->getFieldTypes()
#6 /Users/miguelangelhernandez/Sites/php/sgt/vendor/grocery-crud/enterprise/src/GroceryCrud/Core/State/InitialState.php(13): GroceryCrud\Core\State\InitialState->showInitData()
#7 /Users/miguelangelhernandez/Sites/php/sgt/vendor/grocery-crud/enterprise/src/GroceryCrud/Core/GroceryCrud.php(2932): GroceryCrud\Core\State\InitialState->render()
#8 /Users/miguelangelhernandez/Sites/php/sgt/app/Controllers/Deskapp/Tramites.php(136): GroceryCrud\Core\GroceryCrud->render()
#9 /Users/miguelangelhernandez/Sites/php/sgt/system/CodeIgniter.php(935): App\Controllers\Deskapp\Tramites->documentos()
#10 /Users/miguelangelhernandez/Sites/php/sgt/system/CodeIgniter.php(431): CodeIgniter\CodeIgniter->runController(Object(App\Controllers\Deskapp\Tramites))
#11 /Users/miguelangelhernandez/Sites/php/sgt/system/CodeIgniter.php(332): CodeIgniter\CodeIgniter->handleRequest(NULL, Object(Config\Cache), false)
#12 /Users/miguelangelhernandez/Sites/php/sgt/public/index.php(44): CodeIgniter\CodeIgniter->run()
#13 {main}
CRITICAL - 2024-01-26 18:21:39 --> SQLSTATE[42S22]: Column not found: 1054 Unknown column 'tramite_id' in 'order clause'
#0 /Users/miguelangelhernandez/Sites/php/sgt/vendor/laminas/laminas-db/src/Adapter/Driver/Pdo/Connection.php(376): PDO->query('SELECT `d`.* FR...')
#1 /Users/miguelangelhernandez/Sites/php/sgt/vendor/laminas/laminas-db/src/Adapter/Adapter.php(194): Laminas\Db\Adapter\Driver\Pdo\Connection->execute('SELECT `d`.* FR...')
#2 /Users/miguelangelhernandez/Sites/php/sgt/vendor/grocery-crud/enterprise/src/GroceryCrud/Core/Model.php(269): Laminas\Db\Adapter\Adapter->query('SELECT `d`.* FR...', 'execute')
#3 /Users/miguelangelhernandez/Sites/php/sgt/vendor/grocery-crud/enterprise/src/GroceryCrud/Core/State/StateAbstract.php(1313): GroceryCrud\Core\Model->getRelationData('documento', 'Documento', NULL, 'tramite_id', 'tramite')
#4 /Users/miguelangelhernandez/Sites/php/sgt/vendor/grocery-crud/enterprise/src/GroceryCrud/Core/State/StateAbstract.php(1426): GroceryCrud\Core\State\StateAbstract->getRelationalData('documento', 'Documento', NULL, 'tramite_id', 'tramite')
#5 /Users/miguelangelhernandez/Sites/php/sgt/vendor/grocery-crud/enterprise/src/GroceryCrud/Core/State/InitialState.php(75): GroceryCrud\Core\State\StateAbstract->getFieldTypes()
#6 /Users/miguelangelhernandez/Sites/php/sgt/vendor/grocery-crud/enterprise/src/GroceryCrud/Core/State/InitialState.php(13): GroceryCrud\Core\State\InitialState->showInitData()
#7 /Users/miguelangelhernandez/Sites/php/sgt/vendor/grocery-crud/enterprise/src/GroceryCrud/Core/GroceryCrud.php(2932): GroceryCrud\Core\State\InitialState->render()
#8 /Users/miguelangelhernandez/Sites/php/sgt/app/Controllers/Deskapp/Tramites.php(136): GroceryCrud\Core\GroceryCrud->render()
#9 /Users/miguelangelhernandez/Sites/php/sgt/system/CodeIgniter.php(935): App\Controllers\Deskapp\Tramites->documentos()
#10 /Users/miguelangelhernandez/Sites/php/sgt/system/CodeIgniter.php(431): CodeIgniter\CodeIgniter->runController(Object(App\Controllers\Deskapp\Tramites))
#11 /Users/miguelangelhernandez/Sites/php/sgt/system/CodeIgniter.php(332): CodeIgniter\CodeIgniter->handleRequest(NULL, Object(Config\Cache), false)
#12 /Users/miguelangelhernandez/Sites/php/sgt/public/index.php(44): CodeIgniter\CodeIgniter->run()
#13 {main}
CRITICAL - 2024-01-26 18:34:46 --> SQLSTATE[42S22]: Column not found: 1054 Unknown column 'tipo_tramite_id' in 'order clause'
#0 /Users/miguelangelhernandez/Sites/php/sgt/vendor/laminas/laminas-db/src/Adapter/Driver/Pdo/Connection.php(376): PDO->query('SELECT `d`.* FR...')
#1 /Users/miguelangelhernandez/Sites/php/sgt/vendor/laminas/laminas-db/src/Adapter/Adapter.php(194): Laminas\Db\Adapter\Driver\Pdo\Connection->execute('SELECT `d`.* FR...')
#2 /Users/miguelangelhernandez/Sites/php/sgt/vendor/grocery-crud/enterprise/src/GroceryCrud/Core/Model.php(269): Laminas\Db\Adapter\Adapter->query('SELECT `d`.* FR...', 'execute')
#3 /Users/miguelangelhernandez/Sites/php/sgt/vendor/grocery-crud/enterprise/src/GroceryCrud/Core/State/StateAbstract.php(1313): GroceryCrud\Core\Model->getRelationData('documento', 'documento', NULL, 'tipo_tramite_id', 'tramite')
#4 /Users/miguelangelhernandez/Sites/php/sgt/vendor/grocery-crud/enterprise/src/GroceryCrud/Core/State/StateAbstract.php(1426): GroceryCrud\Core\State\StateAbstract->getRelationalData('documento', 'documento', NULL, 'tipo_tramite_id', 'tramite')
#5 /Users/miguelangelhernandez/Sites/php/sgt/vendor/grocery-crud/enterprise/src/GroceryCrud/Core/State/InitialState.php(75): GroceryCrud\Core\State\StateAbstract->getFieldTypes()
#6 /Users/miguelangelhernandez/Sites/php/sgt/vendor/grocery-crud/enterprise/src/GroceryCrud/Core/State/InitialState.php(13): GroceryCrud\Core\State\InitialState->showInitData()
#7 /Users/miguelangelhernandez/Sites/php/sgt/vendor/grocery-crud/enterprise/src/GroceryCrud/Core/GroceryCrud.php(2932): GroceryCrud\Core\State\InitialState->render()
#8 /Users/miguelangelhernandez/Sites/php/sgt/app/Controllers/Deskapp/Tramites.php(136): GroceryCrud\Core\GroceryCrud->render()
#9 /Users/miguelangelhernandez/Sites/php/sgt/system/CodeIgniter.php(935): App\Controllers\Deskapp\Tramites->documentos()
#10 /Users/miguelangelhernandez/Sites/php/sgt/system/CodeIgniter.php(431): CodeIgniter\CodeIgniter->runController(Object(App\Controllers\Deskapp\Tramites))
#11 /Users/miguelangelhernandez/Sites/php/sgt/system/CodeIgniter.php(332): CodeIgniter\CodeIgniter->handleRequest(NULL, Object(Config\Cache), false)
#12 /Users/miguelangelhernandez/Sites/php/sgt/public/index.php(44): CodeIgniter\CodeIgniter->run()
#13 {main}
CRITICAL - 2024-01-26 18:38:21 --> SQLSTATE[42S22]: Column not found: 1054 Unknown column 'tipo_tramite_id' in 'order clause'
#0 /Users/miguelangelhernandez/Sites/php/sgt/vendor/laminas/laminas-db/src/Adapter/Driver/Pdo/Connection.php(376): PDO->query('SELECT `d`.* FR...')
#1 /Users/miguelangelhernandez/Sites/php/sgt/vendor/laminas/laminas-db/src/Adapter/Adapter.php(194): Laminas\Db\Adapter\Driver\Pdo\Connection->execute('SELECT `d`.* FR...')
#2 /Users/miguelangelhernandez/Sites/php/sgt/vendor/grocery-crud/enterprise/src/GroceryCrud/Core/Model.php(269): Laminas\Db\Adapter\Adapter->query('SELECT `d`.* FR...', 'execute')
#3 /Users/miguelangelhernandez/Sites/php/sgt/vendor/grocery-crud/enterprise/src/GroceryCrud/Core/State/StateAbstract.php(1313): GroceryCrud\Core\Model->getRelationData('documento', 'documento', NULL, 'tipo_tramite_id', 'tramite')
#4 /Users/miguelangelhernandez/Sites/php/sgt/vendor/grocery-crud/enterprise/src/GroceryCrud/Core/State/StateAbstract.php(1426): GroceryCrud\Core\State\StateAbstract->getRelationalData('documento', 'documento', NULL, 'tipo_tramite_id', 'tramite')
#5 /Users/miguelangelhernandez/Sites/php/sgt/vendor/grocery-crud/enterprise/src/GroceryCrud/Core/State/InitialState.php(75): GroceryCrud\Core\State\StateAbstract->getFieldTypes()
#6 /Users/miguelangelhernandez/Sites/php/sgt/vendor/grocery-crud/enterprise/src/GroceryCrud/Core/State/InitialState.php(13): GroceryCrud\Core\State\InitialState->showInitData()
#7 /Users/miguelangelhernandez/Sites/php/sgt/vendor/grocery-crud/enterprise/src/GroceryCrud/Core/GroceryCrud.php(2932): GroceryCrud\Core\State\InitialState->render()
#8 /Users/miguelangelhernandez/Sites/php/sgt/app/Controllers/Deskapp/Tramites.php(136): GroceryCrud\Core\GroceryCrud->render()
#9 /Users/miguelangelhernandez/Sites/php/sgt/system/CodeIgniter.php(935): App\Controllers\Deskapp\Tramites->documentos()
#10 /Users/miguelangelhernandez/Sites/php/sgt/system/CodeIgniter.php(431): CodeIgniter\CodeIgniter->runController(Object(App\Controllers\Deskapp\Tramites))
#11 /Users/miguelangelhernandez/Sites/php/sgt/system/CodeIgniter.php(332): CodeIgniter\CodeIgniter->handleRequest(NULL, Object(Config\Cache), false)
#12 /Users/miguelangelhernandez/Sites/php/sgt/public/index.php(44): CodeIgniter\CodeIgniter->run()
#13 {main}
CRITICAL - 2024-01-26 18:40:56 --> SQLSTATE[42S22]: Column not found: 1054 Unknown column 'tipo_tramite_id' in 'order clause'
#0 /Users/miguelangelhernandez/Sites/php/sgt/vendor/laminas/laminas-db/src/Adapter/Driver/Pdo/Connection.php(376): PDO->query('SELECT `d`.* FR...')
#1 /Users/miguelangelhernandez/Sites/php/sgt/vendor/laminas/laminas-db/src/Adapter/Adapter.php(194): Laminas\Db\Adapter\Driver\Pdo\Connection->execute('SELECT `d`.* FR...')
#2 /Users/miguelangelhernandez/Sites/php/sgt/vendor/grocery-crud/enterprise/src/GroceryCrud/Core/Model.php(269): Laminas\Db\Adapter\Adapter->query('SELECT `d`.* FR...', 'execute')
#3 /Users/miguelangelhernandez/Sites/php/sgt/vendor/grocery-crud/enterprise/src/GroceryCrud/Core/State/StateAbstract.php(1313): GroceryCrud\Core\Model->getRelationData('documento', 'documento', NULL, 'tipo_tramite_id', 'tramite')
#4 /Users/miguelangelhernandez/Sites/php/sgt/vendor/grocery-crud/enterprise/src/GroceryCrud/Core/State/StateAbstract.php(1426): GroceryCrud\Core\State\StateAbstract->getRelationalData('documento', 'documento', NULL, 'tipo_tramite_id', 'tramite')
#5 /Users/miguelangelhernandez/Sites/php/sgt/vendor/grocery-crud/enterprise/src/GroceryCrud/Core/State/InitialState.php(75): GroceryCrud\Core\State\StateAbstract->getFieldTypes()
#6 /Users/miguelangelhernandez/Sites/php/sgt/vendor/grocery-crud/enterprise/src/GroceryCrud/Core/State/InitialState.php(13): GroceryCrud\Core\State\InitialState->showInitData()
#7 /Users/miguelangelhernandez/Sites/php/sgt/vendor/grocery-crud/enterprise/src/GroceryCrud/Core/GroceryCrud.php(2932): GroceryCrud\Core\State\InitialState->render()
#8 /Users/miguelangelhernandez/Sites/php/sgt/app/Controllers/Deskapp/Tramites.php(136): GroceryCrud\Core\GroceryCrud->render()
#9 /Users/miguelangelhernandez/Sites/php/sgt/system/CodeIgniter.php(935): App\Controllers\Deskapp\Tramites->documentos()
#10 /Users/miguelangelhernandez/Sites/php/sgt/system/CodeIgniter.php(431): CodeIgniter\CodeIgniter->runController(Object(App\Controllers\Deskapp\Tramites))
#11 /Users/miguelangelhernandez/Sites/php/sgt/system/CodeIgniter.php(332): CodeIgniter\CodeIgniter->handleRequest(NULL, Object(Config\Cache), false)
#12 /Users/miguelangelhernandez/Sites/php/sgt/public/index.php(44): CodeIgniter\CodeIgniter->run()
#13 {main}
CRITICAL - 2024-01-26 18:46:37 --> Statement could not be executed (42S02 - 1146 - Table 'procedures.actor' doesn't exist)
#0 /Users/miguelangelhernandez/Sites/php/sgt/vendor/grocery-crud/enterprise/src/GroceryCrud/Core/Model.php(322): Laminas\Db\Adapter\Driver\Pdo\Statement->execute()
#1 /Users/miguelangelhernandez/Sites/php/sgt/vendor/grocery-crud/enterprise/src/GroceryCrud/Core/Model.php(301): GroceryCrud\Core\Model->_getPrimaryKey('actor')
#2 /Users/miguelangelhernandez/Sites/php/sgt/vendor/grocery-crud/enterprise/src/GroceryCrud/Core/State/StateAbstract.php(1216): GroceryCrud\Core\Model->getPrimaryKeyField('actor')
#3 /Users/miguelangelhernandez/Sites/php/sgt/vendor/grocery-crud/enterprise/src/GroceryCrud/Core/State/StateAbstract.php(1298): GroceryCrud\Core\State\StateAbstract->getPrimaryKeyName('actor')
#4 /Users/miguelangelhernandez/Sites/php/sgt/vendor/grocery-crud/enterprise/src/GroceryCrud/Core/State/StateAbstract.php(1426): GroceryCrud\Core\State\StateAbstract->getRelationalData('actor', 'fullname', NULL, NULL, 'actors')
#5 /Users/miguelangelhernandez/Sites/php/sgt/vendor/grocery-crud/enterprise/src/GroceryCrud/Core/State/InitialState.php(75): GroceryCrud\Core\State\StateAbstract->getFieldTypes()
#6 /Users/miguelangelhernandez/Sites/php/sgt/vendor/grocery-crud/enterprise/src/GroceryCrud/Core/State/InitialState.php(13): GroceryCrud\Core\State\InitialState->showInitData()
#7 /Users/miguelangelhernandez/Sites/php/sgt/vendor/grocery-crud/enterprise/src/GroceryCrud/Core/GroceryCrud.php(2932): GroceryCrud\Core\State\InitialState->render()
#8 /Users/miguelangelhernandez/Sites/php/sgt/app/Controllers/Deskapp/Tramites.php(137): GroceryCrud\Core\GroceryCrud->render()
#9 /Users/miguelangelhernandez/Sites/php/sgt/system/CodeIgniter.php(935): App\Controllers\Deskapp\Tramites->documentos()
#10 /Users/miguelangelhernandez/Sites/php/sgt/system/CodeIgniter.php(431): CodeIgniter\CodeIgniter->runController(Object(App\Controllers\Deskapp\Tramites))
#11 /Users/miguelangelhernandez/Sites/php/sgt/system/CodeIgniter.php(332): CodeIgniter\CodeIgniter->handleRequest(NULL, Object(Config\Cache), false)
#12 /Users/miguelangelhernandez/Sites/php/sgt/public/index.php(44): CodeIgniter\CodeIgniter->run()
#13 {main}
