CRITICAL - 2024-02-04 17:41:40 --> SQLSTATE[42S22]: Column not found: 1054 Unknown column 'Cliente' in 'order clause'
#0 /Users/miguelangelhernandez/Sites/php/sgt/vendor/laminas/laminas-db/src/Adapter/Driver/Pdo/Connection.php(376): PDO->query('SELECT `c__cli_...')
#1 /Users/miguelangelhernandez/Sites/php/sgt/vendor/laminas/laminas-db/src/Adapter/Adapter.php(194): Laminas\Db\Adapter\Driver\Pdo\Connection->execute('SELECT `c__cli_...')
#2 /Users/miguelangelhernandez/Sites/php/sgt/vendor/grocery-crud/enterprise/src/GroceryCrud/Core/Model.php(269): Laminas\Db\Adapter\Adapter->query('SELECT `c__cli_...', 'execute')
#3 /Users/miguelangelhernandez/Sites/php/sgt/vendor/grocery-crud/enterprise/src/GroceryCrud/Core/State/StateAbstract.php(1313): GroceryCrud\Core\Model->getRelationData('cli_directo_eje...', 'Cliente Directo', Array, 'Cliente Directo', 'cli_directo_eje...')
#4 /Users/miguelangelhernandez/Sites/php/sgt/vendor/grocery-crud/enterprise/src/GroceryCrud/Core/State/StateAbstract.php(1014): GroceryCrud\Core\State\StateAbstract->getRelationalData('cli_directo_eje...', 'Cliente Directo', Array, 'Cliente Directo', 'cli_directo_eje...')
#5 /Users/miguelangelhernandez/Sites/php/sgt/vendor/grocery-crud/enterprise/src/GroceryCrud/Core/State/DatagridState.php(332): GroceryCrud\Core\State\StateAbstract->enhanceColumnResults(Array)
#6 /Users/miguelangelhernandez/Sites/php/sgt/vendor/grocery-crud/enterprise/src/GroceryCrud/Core/GroceryCrud.php(2932): GroceryCrud\Core\State\DatagridState->render()
#7 /Users/miguelangelhernandez/Sites/php/sgt/app/Controllers/Deskapp/Tramites.php(61): GroceryCrud\Core\GroceryCrud->render()
#8 /Users/miguelangelhernandez/Sites/php/sgt/system/CodeIgniter.php(935): App\Controllers\Deskapp\Tramites->tramite()
#9 /Users/miguelangelhernandez/Sites/php/sgt/system/CodeIgniter.php(431): CodeIgniter\CodeIgniter->runController(Object(App\Controllers\Deskapp\Tramites))
#10 /Users/miguelangelhernandez/Sites/php/sgt/system/CodeIgniter.php(332): CodeIgniter\CodeIgniter->handleRequest(NULL, Object(Config\Cache), false)
#11 /Users/miguelangelhernandez/Sites/php/sgt/public/index.php(44): CodeIgniter\CodeIgniter->run()
#12 {main}
CRITICAL - 2024-02-04 17:42:01 --> SQLSTATE[42S22]: Column not found: 1054 Unknown column 'Cliente' in 'order clause'
#0 /Users/miguelangelhernandez/Sites/php/sgt/vendor/laminas/laminas-db/src/Adapter/Driver/Pdo/Connection.php(376): PDO->query('SELECT `c__cli_...')
#1 /Users/miguelangelhernandez/Sites/php/sgt/vendor/laminas/laminas-db/src/Adapter/Adapter.php(194): Laminas\Db\Adapter\Driver\Pdo\Connection->execute('SELECT `c__cli_...')
#2 /Users/miguelangelhernandez/Sites/php/sgt/vendor/grocery-crud/enterprise/src/GroceryCrud/Core/Model.php(269): Laminas\Db\Adapter\Adapter->query('SELECT `c__cli_...', 'execute')
#3 /Users/miguelangelhernandez/Sites/php/sgt/vendor/grocery-crud/enterprise/src/GroceryCrud/Core/State/StateAbstract.php(1313): GroceryCrud\Core\Model->getRelationData('cli_directo_eje...', 'Cliente Directo', Array, 'Cliente Directo', 'cli_directo_eje...')
#4 /Users/miguelangelhernandez/Sites/php/sgt/vendor/grocery-crud/enterprise/src/GroceryCrud/Core/State/StateAbstract.php(1014): GroceryCrud\Core\State\StateAbstract->getRelationalData('cli_directo_eje...', 'Cliente Directo', Array, 'Cliente Directo', 'cli_directo_eje...')
#5 /Users/miguelangelhernandez/Sites/php/sgt/vendor/grocery-crud/enterprise/src/GroceryCrud/Core/State/DatagridState.php(332): GroceryCrud\Core\State\StateAbstract->enhanceColumnResults(Array)
#6 /Users/miguelangelhernandez/Sites/php/sgt/vendor/grocery-crud/enterprise/src/GroceryCrud/Core/GroceryCrud.php(2932): GroceryCrud\Core\State\DatagridState->render()
#7 /Users/miguelangelhernandez/Sites/php/sgt/app/Controllers/Deskapp/Tramites.php(61): GroceryCrud\Core\GroceryCrud->render()
#8 /Users/miguelangelhernandez/Sites/php/sgt/system/CodeIgniter.php(935): App\Controllers\Deskapp\Tramites->tramite()
#9 /Users/miguelangelhernandez/Sites/php/sgt/system/CodeIgniter.php(431): CodeIgniter\CodeIgniter->runController(Object(App\Controllers\Deskapp\Tramites))
#10 /Users/miguelangelhernandez/Sites/php/sgt/system/CodeIgniter.php(332): CodeIgniter\CodeIgniter->handleRequest(NULL, Object(Config\Cache), false)
#11 /Users/miguelangelhernandez/Sites/php/sgt/public/index.php(44): CodeIgniter\CodeIgniter->run()
#12 {main}
CRITICAL - 2024-02-04 21:45:30 --> SQLSTATE[42S22]: Column not found: 1054 Unknown column 'cli_directo' in 'where clause'
#0 /Users/miguelangelhernandez/Sites/php/sgt/vendor/laminas/laminas-db/src/Adapter/Driver/Pdo/Connection.php(376): PDO->query('SELECT `c`.* FR...')
#1 /Users/miguelangelhernandez/Sites/php/sgt/vendor/laminas/laminas-db/src/Adapter/Adapter.php(194): Laminas\Db\Adapter\Driver\Pdo\Connection->execute('SELECT `c`.* FR...')
#2 /Users/miguelangelhernandez/Sites/php/sgt/vendor/grocery-crud/enterprise/src/GroceryCrud/Core/Model.php(269): Laminas\Db\Adapter\Adapter->query('SELECT `c`.* FR...', 'execute')
#3 /Users/miguelangelhernandez/Sites/php/sgt/vendor/grocery-crud/enterprise/src/GroceryCrud/Core/State/StateAbstract.php(1313): GroceryCrud\Core\Model->getRelationData('cli_directo_eje...', 'nombre', Array, 'nombre', 'cli_directo_id')
#4 /Users/miguelangelhernandez/Sites/php/sgt/vendor/grocery-crud/enterprise/src/GroceryCrud/Core/State/DependedRelationState.php(65): GroceryCrud\Core\State\StateAbstract->getRelationalData('cli_directo_eje...', 'nombre', Array, 'nombre', 'cli_directo_id')
#5 /Users/miguelangelhernandez/Sites/php/sgt/vendor/grocery-crud/enterprise/src/GroceryCrud/Core/GroceryCrud.php(2932): GroceryCrud\Core\State\DependedRelationState->render()
#6 /Users/miguelangelhernandez/Sites/php/sgt/app/Controllers/Deskapp/Tramites.php(66): GroceryCrud\Core\GroceryCrud->render()
#7 /Users/miguelangelhernandez/Sites/php/sgt/system/CodeIgniter.php(935): App\Controllers\Deskapp\Tramites->tramite()
#8 /Users/miguelangelhernandez/Sites/php/sgt/system/CodeIgniter.php(431): CodeIgniter\CodeIgniter->runController(Object(App\Controllers\Deskapp\Tramites))
#9 /Users/miguelangelhernandez/Sites/php/sgt/system/CodeIgniter.php(332): CodeIgniter\CodeIgniter->handleRequest(NULL, Object(Config\Cache), false)
#10 /Users/miguelangelhernandez/Sites/php/sgt/public/index.php(44): CodeIgniter\CodeIgniter->run()
#11 {main}
CRITICAL - 2024-02-04 21:45:35 --> SQLSTATE[42S22]: Column not found: 1054 Unknown column 'cli_directo' in 'where clause'
#0 /Users/miguelangelhernandez/Sites/php/sgt/vendor/laminas/laminas-db/src/Adapter/Driver/Pdo/Connection.php(376): PDO->query('SELECT `c`.* FR...')
#1 /Users/miguelangelhernandez/Sites/php/sgt/vendor/laminas/laminas-db/src/Adapter/Adapter.php(194): Laminas\Db\Adapter\Driver\Pdo\Connection->execute('SELECT `c`.* FR...')
#2 /Users/miguelangelhernandez/Sites/php/sgt/vendor/grocery-crud/enterprise/src/GroceryCrud/Core/Model.php(269): Laminas\Db\Adapter\Adapter->query('SELECT `c`.* FR...', 'execute')
#3 /Users/miguelangelhernandez/Sites/php/sgt/vendor/grocery-crud/enterprise/src/GroceryCrud/Core/State/StateAbstract.php(1313): GroceryCrud\Core\Model->getRelationData('cli_directo_eje...', 'nombre', Array, 'nombre', 'cli_directo_id')
#4 /Users/miguelangelhernandez/Sites/php/sgt/vendor/grocery-crud/enterprise/src/GroceryCrud/Core/State/DependedRelationState.php(65): GroceryCrud\Core\State\StateAbstract->getRelationalData('cli_directo_eje...', 'nombre', Array, 'nombre', 'cli_directo_id')
#5 /Users/miguelangelhernandez/Sites/php/sgt/vendor/grocery-crud/enterprise/src/GroceryCrud/Core/GroceryCrud.php(2932): GroceryCrud\Core\State\DependedRelationState->render()
#6 /Users/miguelangelhernandez/Sites/php/sgt/app/Controllers/Deskapp/Tramites.php(66): GroceryCrud\Core\GroceryCrud->render()
#7 /Users/miguelangelhernandez/Sites/php/sgt/system/CodeIgniter.php(935): App\Controllers\Deskapp\Tramites->tramite()
#8 /Users/miguelangelhernandez/Sites/php/sgt/system/CodeIgniter.php(431): CodeIgniter\CodeIgniter->runController(Object(App\Controllers\Deskapp\Tramites))
#9 /Users/miguelangelhernandez/Sites/php/sgt/system/CodeIgniter.php(332): CodeIgniter\CodeIgniter->handleRequest(NULL, Object(Config\Cache), false)
#10 /Users/miguelangelhernandez/Sites/php/sgt/public/index.php(44): CodeIgniter\CodeIgniter->run()
#11 {main}
