CRITICAL - 2023-12-29 02:34:53 --> Class 'App\Controllers\Deskapp\RuntimeException' not found
#0 /Users/miguelangelhernandez/Sites/php/CI4/deskapp-with-CI4/system/CodeIgniter.php(935): App\Controllers\Deskapp\Register->save()
#1 /Users/miguelangelhernandez/Sites/php/CI4/deskapp-with-CI4/system/CodeIgniter.php(431): CodeIgniter\CodeIgniter->runController(Object(App\Controllers\Deskapp\Register))
#2 /Users/miguelangelhernandez/Sites/php/CI4/deskapp-with-CI4/system/CodeIgniter.php(332): CodeIgniter\CodeIgniter->handleRequest(NULL, Object(Config\Cache), false)
#3 /Users/miguelangelhernandez/Sites/php/CI4/deskapp-with-CI4/public/index.php(44): CodeIgniter\CodeIgniter->run()
#4 /Users/miguelangelhernandez/Sites/php/CI4/deskapp-with-CI4/system/Commands/Server/rewrite.php(45): require_once('/Users/miguelan...')
#5 {main}
CRITICAL - 2023-12-29 04:25:39 --> Undefined variable: session
#0 /Users/miguelangelhernandez/Sites/php/sgt/app/Views/deskapp/includes/_header.php(126): CodeIgniter\Debug\Exceptions->errorHandler(8, 'Undefined varia...', '/Users/miguelan...', 126, Array)
#1 /Users/miguelangelhernandez/Sites/php/sgt/system/View/View.php(223): include('/Users/miguelan...')
#2 /Users/miguelangelhernandez/Sites/php/sgt/system/Common.php(1213): CodeIgniter\View\View->render('deskapp/include...', Array, true)
#3 /Users/miguelangelhernandez/Sites/php/sgt/app/Views/deskapp/extra-pages/grocery_page.php(37): view('deskapp/include...')
#4 /Users/miguelangelhernandez/Sites/php/sgt/system/View/View.php(223): include('/Users/miguelan...')
#5 /Users/miguelangelhernandez/Sites/php/sgt/system/Common.php(1213): CodeIgniter\View\View->render('Views/deskapp/e...', Array, true)
#6 /Users/miguelangelhernandez/Sites/php/sgt/app/Controllers/Example.php(39): view('Views/deskapp/e...', Array)
#7 /Users/miguelangelhernandez/Sites/php/sgt/app/Controllers/Example.php(27): App\Controllers\Example->_example_output(Object(GroceryCrud\Core\Render\RenderAbstract))
#8 /Users/miguelangelhernandez/Sites/php/sgt/system/CodeIgniter.php(935): App\Controllers\Example->customers()
#9 /Users/miguelangelhernandez/Sites/php/sgt/system/CodeIgniter.php(431): CodeIgniter\CodeIgniter->runController(Object(App\Controllers\Example))
#10 /Users/miguelangelhernandez/Sites/php/sgt/system/CodeIgniter.php(332): CodeIgniter\CodeIgniter->handleRequest(NULL, Object(Config\Cache), false)
#11 /Users/miguelangelhernandez/Sites/php/sgt/public/index.php(44): CodeIgniter\CodeIgniter->run()
#12 /Users/miguelangelhernandez/Sites/php/sgt/system/Commands/Server/rewrite.php(45): require_once('/Users/miguelan...')
#13 {main}
CRITICAL - 2023-12-29 04:27:25 --> Undefined variable: session
#0 /Users/miguelangelhernandez/Sites/php/sgt/app/Views/deskapp/includes/_header.php(126): CodeIgniter\Debug\Exceptions->errorHandler(8, 'Undefined varia...', '/Users/miguelan...', 126, Array)
#1 /Users/miguelangelhernandez/Sites/php/sgt/system/View/View.php(223): include('/Users/miguelan...')
#2 /Users/miguelangelhernandez/Sites/php/sgt/system/Common.php(1213): CodeIgniter\View\View->render('deskapp/include...', Array, true)
#3 /Users/miguelangelhernandez/Sites/php/sgt/app/Views/deskapp/extra-pages/grocery_page.php(37): view('deskapp/include...')
#4 /Users/miguelangelhernandez/Sites/php/sgt/system/View/View.php(223): include('/Users/miguelan...')
#5 /Users/miguelangelhernandez/Sites/php/sgt/system/Common.php(1213): CodeIgniter\View\View->render('Views/deskapp/e...', Array, true)
#6 /Users/miguelangelhernandez/Sites/php/sgt/app/Controllers/Example.php(39): view('Views/deskapp/e...', Array)
#7 /Users/miguelangelhernandez/Sites/php/sgt/app/Controllers/Example.php(27): App\Controllers\Example->_example_output(Object(GroceryCrud\Core\Render\RenderAbstract))
#8 /Users/miguelangelhernandez/Sites/php/sgt/system/CodeIgniter.php(935): App\Controllers\Example->customers()
#9 /Users/miguelangelhernandez/Sites/php/sgt/system/CodeIgniter.php(431): CodeIgniter\CodeIgniter->runController(Object(App\Controllers\Example))
#10 /Users/miguelangelhernandez/Sites/php/sgt/system/CodeIgniter.php(332): CodeIgniter\CodeIgniter->handleRequest(NULL, Object(Config\Cache), false)
#11 /Users/miguelangelhernandez/Sites/php/sgt/public/index.php(44): CodeIgniter\CodeIgniter->run()
#12 /Users/miguelangelhernandez/Sites/php/sgt/system/Commands/Server/rewrite.php(45): require_once('/Users/miguelan...')
#13 {main}
CRITICAL - 2023-12-29 12:21:42 --> Undefined variable: session
#0 /Users/miguelangelhernandez/Sites/php/sgt/app/Views/deskapp/includes/_header.php(126): CodeIgniter\Debug\Exceptions->errorHandler(8, 'Undefined varia...', '/Users/miguelan...', 126, Array)
#1 /Users/miguelangelhernandez/Sites/php/sgt/system/View/View.php(223): include('/Users/miguelan...')
#2 /Users/miguelangelhernandez/Sites/php/sgt/system/Common.php(1213): CodeIgniter\View\View->render('deskapp/include...', Array, true)
#3 /Users/miguelangelhernandez/Sites/php/sgt/app/Views/deskapp/extra-pages/grocery_page.php(37): view('deskapp/include...')
#4 /Users/miguelangelhernandez/Sites/php/sgt/system/View/View.php(223): include('/Users/miguelan...')
#5 /Users/miguelangelhernandez/Sites/php/sgt/system/Common.php(1213): CodeIgniter\View\View->render('Views/deskapp/e...', Array, true)
#6 /Users/miguelangelhernandez/Sites/php/sgt/app/Controllers/Example.php(39): view('Views/deskapp/e...', Array)
#7 /Users/miguelangelhernandez/Sites/php/sgt/app/Controllers/Example.php(27): App\Controllers\Example->_example_output(Object(GroceryCrud\Core\Render\RenderAbstract))
#8 /Users/miguelangelhernandez/Sites/php/sgt/system/CodeIgniter.php(935): App\Controllers\Example->customers()
#9 /Users/miguelangelhernandez/Sites/php/sgt/system/CodeIgniter.php(431): CodeIgniter\CodeIgniter->runController(Object(App\Controllers\Example))
#10 /Users/miguelangelhernandez/Sites/php/sgt/system/CodeIgniter.php(332): CodeIgniter\CodeIgniter->handleRequest(NULL, Object(Config\Cache), false)
#11 /Users/miguelangelhernandez/Sites/php/sgt/public/index.php(44): CodeIgniter\CodeIgniter->run()
#12 /Users/miguelangelhernandez/Sites/php/sgt/system/Commands/Server/rewrite.php(45): require_once('/Users/miguelan...')
#13 {main}
CRITICAL - 2023-12-29 13:02:20 --> Undefined variable: session
#0 /Users/miguelangelhernandez/Sites/php/sgt/app/Views/deskapp/includes/_header.php(126): CodeIgniter\Debug\Exceptions->errorHandler(8, 'Undefined varia...', '/Users/miguelan...', 126, Array)
#1 /Users/miguelangelhernandez/Sites/php/sgt/system/View/View.php(223): include('/Users/miguelan...')
#2 /Users/miguelangelhernandez/Sites/php/sgt/system/Common.php(1213): CodeIgniter\View\View->render('deskapp/include...', Array, true)
#3 /Users/miguelangelhernandez/Sites/php/sgt/app/Views/deskapp/extra-pages/grocery_page.php(37): view('deskapp/include...')
#4 /Users/miguelangelhernandez/Sites/php/sgt/system/View/View.php(223): include('/Users/miguelan...')
#5 /Users/miguelangelhernandez/Sites/php/sgt/system/Common.php(1213): CodeIgniter\View\View->render('Views/deskapp/e...', Array, true)
#6 /Users/miguelangelhernandez/Sites/php/sgt/app/Controllers/Example.php(39): view('Views/deskapp/e...', Array)
#7 /Users/miguelangelhernandez/Sites/php/sgt/app/Controllers/Example.php(27): App\Controllers\Example->_example_output(Object(GroceryCrud\Core\Render\RenderAbstract))
#8 /Users/miguelangelhernandez/Sites/php/sgt/system/CodeIgniter.php(935): App\Controllers\Example->customers()
#9 /Users/miguelangelhernandez/Sites/php/sgt/system/CodeIgniter.php(431): CodeIgniter\CodeIgniter->runController(Object(App\Controllers\Example))
#10 /Users/miguelangelhernandez/Sites/php/sgt/system/CodeIgniter.php(332): CodeIgniter\CodeIgniter->handleRequest(NULL, Object(Config\Cache), false)
#11 /Users/miguelangelhernandez/Sites/php/sgt/public/index.php(44): CodeIgniter\CodeIgniter->run()
#12 /Users/miguelangelhernandez/Sites/php/sgt/system/Commands/Server/rewrite.php(45): require_once('/Users/miguelan...')
#13 {main}
CRITICAL - 2023-12-29 13:02:51 --> Undefined variable: session
#0 /Users/miguelangelhernandez/Sites/php/sgt/app/Views/deskapp/includes/_header.php(126): CodeIgniter\Debug\Exceptions->errorHandler(8, 'Undefined varia...', '/Users/miguelan...', 126, Array)
#1 /Users/miguelangelhernandez/Sites/php/sgt/system/View/View.php(223): include('/Users/miguelan...')
#2 /Users/miguelangelhernandez/Sites/php/sgt/system/Common.php(1213): CodeIgniter\View\View->render('deskapp/include...', Array, true)
#3 /Users/miguelangelhernandez/Sites/php/sgt/app/Views/deskapp/extra-pages/grocery_page.php(37): view('deskapp/include...')
#4 /Users/miguelangelhernandez/Sites/php/sgt/system/View/View.php(223): include('/Users/miguelan...')
#5 /Users/miguelangelhernandez/Sites/php/sgt/system/Common.php(1213): CodeIgniter\View\View->render('Views/deskapp/e...', Array, true)
#6 /Users/miguelangelhernandez/Sites/php/sgt/app/Controllers/Example.php(39): view('Views/deskapp/e...', Array)
#7 /Users/miguelangelhernandez/Sites/php/sgt/app/Controllers/Example.php(27): App\Controllers\Example->_example_output(Object(GroceryCrud\Core\Render\RenderAbstract))
#8 /Users/miguelangelhernandez/Sites/php/sgt/system/CodeIgniter.php(935): App\Controllers\Example->customers()
#9 /Users/miguelangelhernandez/Sites/php/sgt/system/CodeIgniter.php(431): CodeIgniter\CodeIgniter->runController(Object(App\Controllers\Example))
#10 /Users/miguelangelhernandez/Sites/php/sgt/system/CodeIgniter.php(332): CodeIgniter\CodeIgniter->handleRequest(NULL, Object(Config\Cache), false)
#11 /Users/miguelangelhernandez/Sites/php/sgt/public/index.php(44): CodeIgniter\CodeIgniter->run()
#12 /Users/miguelangelhernandez/Sites/php/sgt/system/Commands/Server/rewrite.php(45): require_once('/Users/miguelan...')
#13 {main}
CRITICAL - 2023-12-29 13:04:45 --> Undefined variable: session
#0 /Users/miguelangelhernandez/Sites/php/sgt/app/Views/deskapp/includes/_header.php(126): CodeIgniter\Debug\Exceptions->errorHandler(8, 'Undefined varia...', '/Users/miguelan...', 126, Array)
#1 /Users/miguelangelhernandez/Sites/php/sgt/system/View/View.php(223): include('/Users/miguelan...')
#2 /Users/miguelangelhernandez/Sites/php/sgt/system/Common.php(1213): CodeIgniter\View\View->render('deskapp/include...', Array, true)
#3 /Users/miguelangelhernandez/Sites/php/sgt/app/Views/deskapp/extra-pages/grocery_page.php(37): view('deskapp/include...')
#4 /Users/miguelangelhernandez/Sites/php/sgt/system/View/View.php(223): include('/Users/miguelan...')
#5 /Users/miguelangelhernandez/Sites/php/sgt/system/Common.php(1213): CodeIgniter\View\View->render('Views/deskapp/e...', Array, true)
#6 /Users/miguelangelhernandez/Sites/php/sgt/app/Controllers/Example.php(40): view('Views/deskapp/e...', Array)
#7 /Users/miguelangelhernandez/Sites/php/sgt/app/Controllers/Example.php(28): App\Controllers\Example->_example_output(Object(GroceryCrud\Core\Render\RenderAbstract))
#8 /Users/miguelangelhernandez/Sites/php/sgt/system/CodeIgniter.php(935): App\Controllers\Example->customers()
#9 /Users/miguelangelhernandez/Sites/php/sgt/system/CodeIgniter.php(431): CodeIgniter\CodeIgniter->runController(Object(App\Controllers\Example))
#10 /Users/miguelangelhernandez/Sites/php/sgt/system/CodeIgniter.php(332): CodeIgniter\CodeIgniter->handleRequest(NULL, Object(Config\Cache), false)
#11 /Users/miguelangelhernandez/Sites/php/sgt/public/index.php(44): CodeIgniter\CodeIgniter->run()
#12 /Users/miguelangelhernandez/Sites/php/sgt/system/Commands/Server/rewrite.php(45): require_once('/Users/miguelan...')
#13 {main}
CRITICAL - 2023-12-29 13:06:12 --> Undefined variable: session
#0 /Users/miguelangelhernandez/Sites/php/sgt/app/Views/deskapp/includes/_header.php(126): CodeIgniter\Debug\Exceptions->errorHandler(8, 'Undefined varia...', '/Users/miguelan...', 126, Array)
#1 /Users/miguelangelhernandez/Sites/php/sgt/system/View/View.php(223): include('/Users/miguelan...')
#2 /Users/miguelangelhernandez/Sites/php/sgt/system/Common.php(1213): CodeIgniter\View\View->render('deskapp/include...', Array, true)
#3 /Users/miguelangelhernandez/Sites/php/sgt/app/Views/deskapp/extra-pages/grocery_page.php(37): view('deskapp/include...')
#4 /Users/miguelangelhernandez/Sites/php/sgt/system/View/View.php(223): include('/Users/miguelan...')
#5 /Users/miguelangelhernandez/Sites/php/sgt/system/Common.php(1213): CodeIgniter\View\View->render('Views/deskapp/e...', Array, true)
#6 /Users/miguelangelhernandez/Sites/php/sgt/app/Controllers/Example.php(40): view('Views/deskapp/e...', Array)
#7 /Users/miguelangelhernandez/Sites/php/sgt/app/Controllers/Example.php(28): App\Controllers\Example->_example_output(Object(GroceryCrud\Core\Render\RenderAbstract))
#8 /Users/miguelangelhernandez/Sites/php/sgt/system/CodeIgniter.php(935): App\Controllers\Example->customers()
#9 /Users/miguelangelhernandez/Sites/php/sgt/system/CodeIgniter.php(431): CodeIgniter\CodeIgniter->runController(Object(App\Controllers\Example))
#10 /Users/miguelangelhernandez/Sites/php/sgt/system/CodeIgniter.php(332): CodeIgniter\CodeIgniter->handleRequest(NULL, Object(Config\Cache), false)
#11 /Users/miguelangelhernandez/Sites/php/sgt/public/index.php(44): CodeIgniter\CodeIgniter->run()
#12 /Users/miguelangelhernandez/Sites/php/sgt/system/Commands/Server/rewrite.php(45): require_once('/Users/miguelan...')
#13 {main}
CRITICAL - 2023-12-29 13:06:57 --> Undefined variable: session
#0 /Users/miguelangelhernandez/Sites/php/sgt/app/Views/deskapp/includes/_header.php(126): CodeIgniter\Debug\Exceptions->errorHandler(8, 'Undefined varia...', '/Users/miguelan...', 126, Array)
#1 /Users/miguelangelhernandez/Sites/php/sgt/system/View/View.php(223): include('/Users/miguelan...')
#2 /Users/miguelangelhernandez/Sites/php/sgt/system/Common.php(1213): CodeIgniter\View\View->render('deskapp/include...', Array, true)
#3 /Users/miguelangelhernandez/Sites/php/sgt/app/Views/deskapp/extra-pages/grocery_page.php(37): view('deskapp/include...')
#4 /Users/miguelangelhernandez/Sites/php/sgt/system/View/View.php(223): include('/Users/miguelan...')
#5 /Users/miguelangelhernandez/Sites/php/sgt/system/Common.php(1213): CodeIgniter\View\View->render('Views/deskapp/e...', Array, true)
#6 /Users/miguelangelhernandez/Sites/php/sgt/app/Controllers/Example.php(40): view('Views/deskapp/e...', Array)
#7 /Users/miguelangelhernandez/Sites/php/sgt/app/Controllers/Example.php(28): App\Controllers\Example->_example_output(Object(GroceryCrud\Core\Render\RenderAbstract))
#8 /Users/miguelangelhernandez/Sites/php/sgt/system/CodeIgniter.php(935): App\Controllers\Example->customers()
#9 /Users/miguelangelhernandez/Sites/php/sgt/system/CodeIgniter.php(431): CodeIgniter\CodeIgniter->runController(Object(App\Controllers\Example))
#10 /Users/miguelangelhernandez/Sites/php/sgt/system/CodeIgniter.php(332): CodeIgniter\CodeIgniter->handleRequest(NULL, Object(Config\Cache), false)
#11 /Users/miguelangelhernandez/Sites/php/sgt/public/index.php(44): CodeIgniter\CodeIgniter->run()
#12 /Users/miguelangelhernandez/Sites/php/sgt/system/Commands/Server/rewrite.php(45): require_once('/Users/miguelan...')
#13 {main}
CRITICAL - 2023-12-29 17:11:41 --> Trying to get property 'output' of non-object
#0 /Users/miguelangelhernandez/Sites/php/sgt/app/Views/example.php(30): CodeIgniter\Debug\Exceptions->errorHandler(8, 'Trying to get p...', '/Users/miguelan...', 30, Array)
#1 /Users/miguelangelhernandez/Sites/php/sgt/system/View/View.php(223): include('/Users/miguelan...')
#2 /Users/miguelangelhernandez/Sites/php/sgt/system/Common.php(1213): CodeIgniter\View\View->render('example.php', Array, true)
#3 /Users/miguelangelhernandez/Sites/php/sgt/app/Controllers/Example.php(39): view('example.php', Array)
#4 /Users/miguelangelhernandez/Sites/php/sgt/app/Controllers/Example.php(27): App\Controllers\Example->_example_output(Object(GroceryCrud\Core\Render\RenderAbstract))
#5 /Users/miguelangelhernandez/Sites/php/sgt/system/CodeIgniter.php(935): App\Controllers\Example->customers()
#6 /Users/miguelangelhernandez/Sites/php/sgt/system/CodeIgniter.php(431): CodeIgniter\CodeIgniter->runController(Object(App\Controllers\Example))
#7 /Users/miguelangelhernandez/Sites/php/sgt/system/CodeIgniter.php(332): CodeIgniter\CodeIgniter->handleRequest(NULL, Object(Config\Cache), false)
#8 /Users/miguelangelhernandez/Sites/php/sgt/public/index.php(44): CodeIgniter\CodeIgniter->run()
#9 /Users/miguelangelhernandez/Sites/php/sgt/system/Commands/Server/rewrite.php(45): require_once('/Users/miguelan...')
#10 {main}
CRITICAL - 2023-12-29 17:16:34 --> Trying to get property 'css_files' of non-object
#0 /Users/miguelangelhernandez/Sites/php/sgt/app/Views/example.php(7): CodeIgniter\Debug\Exceptions->errorHandler(8, 'Trying to get p...', '/Users/miguelan...', 7, Array)
#1 /Users/miguelangelhernandez/Sites/php/sgt/system/View/View.php(223): include('/Users/miguelan...')
#2 /Users/miguelangelhernandez/Sites/php/sgt/system/Common.php(1213): CodeIgniter\View\View->render('example.php', Array, true)
#3 /Users/miguelangelhernandez/Sites/php/sgt/app/Controllers/Example.php(42): view('example.php', Array)
#4 /Users/miguelangelhernandez/Sites/php/sgt/app/Controllers/Example.php(27): App\Controllers\Example->_example_output(Object(GroceryCrud\Core\Render\RenderAbstract))
#5 /Users/miguelangelhernandez/Sites/php/sgt/system/CodeIgniter.php(935): App\Controllers\Example->customers()
#6 /Users/miguelangelhernandez/Sites/php/sgt/system/CodeIgniter.php(431): CodeIgniter\CodeIgniter->runController(Object(App\Controllers\Example))
#7 /Users/miguelangelhernandez/Sites/php/sgt/system/CodeIgniter.php(332): CodeIgniter\CodeIgniter->handleRequest(NULL, Object(Config\Cache), false)
#8 /Users/miguelangelhernandez/Sites/php/sgt/public/index.php(44): CodeIgniter\CodeIgniter->run()
#9 /Users/miguelangelhernandez/Sites/php/sgt/system/Commands/Server/rewrite.php(45): require_once('/Users/miguelan...')
#10 {main}
CRITICAL - 2023-12-29 17:17:20 --> Trying to get property 'css_files' of non-object
#0 /Users/miguelangelhernandez/Sites/php/sgt/app/Views/example.php(7): CodeIgniter\Debug\Exceptions->errorHandler(8, 'Trying to get p...', '/Users/miguelan...', 7, Array)
#1 /Users/miguelangelhernandez/Sites/php/sgt/system/View/View.php(223): include('/Users/miguelan...')
#2 /Users/miguelangelhernandez/Sites/php/sgt/system/Common.php(1213): CodeIgniter\View\View->render('example.php', Array, true)
#3 /Users/miguelangelhernandez/Sites/php/sgt/app/Controllers/Example.php(43): view('example.php', Array)
#4 /Users/miguelangelhernandez/Sites/php/sgt/app/Controllers/Example.php(28): App\Controllers\Example->_example_output(Object(GroceryCrud\Core\Render\RenderAbstract))
#5 /Users/miguelangelhernandez/Sites/php/sgt/system/CodeIgniter.php(935): App\Controllers\Example->customers()
#6 /Users/miguelangelhernandez/Sites/php/sgt/system/CodeIgniter.php(431): CodeIgniter\CodeIgniter->runController(Object(App\Controllers\Example))
#7 /Users/miguelangelhernandez/Sites/php/sgt/system/CodeIgniter.php(332): CodeIgniter\CodeIgniter->handleRequest(NULL, Object(Config\Cache), false)
#8 /Users/miguelangelhernandez/Sites/php/sgt/public/index.php(44): CodeIgniter\CodeIgniter->run()
#9 /Users/miguelangelhernandez/Sites/php/sgt/system/Commands/Server/rewrite.php(45): require_once('/Users/miguelan...')
#10 {main}
CRITICAL - 2023-12-29 17:49:32 --> Statement could not be executed (42S02 - 1146 - Table 'procedures.tramites' doesn't exist)
#0 /Users/miguelangelhernandez/Sites/php/sgt/vendor/grocery-crud/enterprise/src/GroceryCrud/Core/Model.php(770): Laminas\Db\Adapter\Driver\Pdo\Statement->execute()
#1 /Users/miguelangelhernandez/Sites/php/sgt/vendor/grocery-crud/enterprise/src/GroceryCrud/Core/Model.php(205): GroceryCrud\Core\Model->getFieldTypes('tramites')
#2 /Users/miguelangelhernandez/Sites/php/sgt/vendor/grocery-crud/enterprise/src/GroceryCrud/Core/State/StateAbstract.php(1195): GroceryCrud\Core\Model->getColumnNames()
#3 /Users/miguelangelhernandez/Sites/php/sgt/vendor/grocery-crud/enterprise/src/GroceryCrud/Core/State/StateAbstract.php(1835): GroceryCrud\Core\State\StateAbstract->getColumnNames()
#4 /Users/miguelangelhernandez/Sites/php/sgt/vendor/grocery-crud/enterprise/src/GroceryCrud/Core/State/InitialState.php(60): GroceryCrud\Core\State\StateAbstract->transformFieldsList(Array, Array)
#5 /Users/miguelangelhernandez/Sites/php/sgt/vendor/grocery-crud/enterprise/src/GroceryCrud/Core/State/InitialState.php(13): GroceryCrud\Core\State\InitialState->showInitData()
#6 /Users/miguelangelhernandez/Sites/php/sgt/vendor/grocery-crud/enterprise/src/GroceryCrud/Core/GroceryCrud.php(2932): GroceryCrud\Core\State\InitialState->render()
#7 /Users/miguelangelhernandez/Sites/php/sgt/app/Controllers/Example.php(30): GroceryCrud\Core\GroceryCrud->render()
#8 /Users/miguelangelhernandez/Sites/php/sgt/system/CodeIgniter.php(935): App\Controllers\Example->customers()
#9 /Users/miguelangelhernandez/Sites/php/sgt/system/CodeIgniter.php(431): CodeIgniter\CodeIgniter->runController(Object(App\Controllers\Example))
#10 /Users/miguelangelhernandez/Sites/php/sgt/system/CodeIgniter.php(332): CodeIgniter\CodeIgniter->handleRequest(NULL, Object(Config\Cache), false)
#11 /Users/miguelangelhernandez/Sites/php/sgt/public/index.php(44): CodeIgniter\CodeIgniter->run()
#12 /Users/miguelangelhernandez/Sites/php/sgt/system/Commands/Server/rewrite.php(45): require_once('/Users/miguelan...')
#13 {main}
CRITICAL - 2023-12-29 17:50:00 --> Statement could not be executed (42S02 - 1146 - Table 'procedures.tramites' doesn't exist)
#0 /Users/miguelangelhernandez/Sites/php/sgt/vendor/grocery-crud/enterprise/src/GroceryCrud/Core/Model.php(770): Laminas\Db\Adapter\Driver\Pdo\Statement->execute()
#1 /Users/miguelangelhernandez/Sites/php/sgt/vendor/grocery-crud/enterprise/src/GroceryCrud/Core/Model.php(205): GroceryCrud\Core\Model->getFieldTypes('tramites')
#2 /Users/miguelangelhernandez/Sites/php/sgt/vendor/grocery-crud/enterprise/src/GroceryCrud/Core/State/StateAbstract.php(1195): GroceryCrud\Core\Model->getColumnNames()
#3 /Users/miguelangelhernandez/Sites/php/sgt/vendor/grocery-crud/enterprise/src/GroceryCrud/Core/State/StateAbstract.php(1835): GroceryCrud\Core\State\StateAbstract->getColumnNames()
#4 /Users/miguelangelhernandez/Sites/php/sgt/vendor/grocery-crud/enterprise/src/GroceryCrud/Core/State/InitialState.php(60): GroceryCrud\Core\State\StateAbstract->transformFieldsList(Array, Array)
#5 /Users/miguelangelhernandez/Sites/php/sgt/vendor/grocery-crud/enterprise/src/GroceryCrud/Core/State/InitialState.php(13): GroceryCrud\Core\State\InitialState->showInitData()
#6 /Users/miguelangelhernandez/Sites/php/sgt/vendor/grocery-crud/enterprise/src/GroceryCrud/Core/GroceryCrud.php(2932): GroceryCrud\Core\State\InitialState->render()
#7 /Users/miguelangelhernandez/Sites/php/sgt/app/Controllers/Example.php(30): GroceryCrud\Core\GroceryCrud->render()
#8 /Users/miguelangelhernandez/Sites/php/sgt/system/CodeIgniter.php(935): App\Controllers\Example->customers()
#9 /Users/miguelangelhernandez/Sites/php/sgt/system/CodeIgniter.php(431): CodeIgniter\CodeIgniter->runController(Object(App\Controllers\Example))
#10 /Users/miguelangelhernandez/Sites/php/sgt/system/CodeIgniter.php(332): CodeIgniter\CodeIgniter->handleRequest(NULL, Object(Config\Cache), false)
#11 /Users/miguelangelhernandez/Sites/php/sgt/public/index.php(44): CodeIgniter\CodeIgniter->run()
#12 /Users/miguelangelhernandez/Sites/php/sgt/system/Commands/Server/rewrite.php(45): require_once('/Users/miguelan...')
#13 {main}
CRITICAL - 2023-12-29 17:57:34 --> Statement could not be executed (42S02 - 1146 - Table 'procedures.tramites' doesn't exist)
#0 /Users/miguelangelhernandez/Sites/php/sgt/vendor/grocery-crud/enterprise/src/GroceryCrud/Core/Model.php(770): Laminas\Db\Adapter\Driver\Pdo\Statement->execute()
#1 /Users/miguelangelhernandez/Sites/php/sgt/vendor/grocery-crud/enterprise/src/GroceryCrud/Core/Model.php(205): GroceryCrud\Core\Model->getFieldTypes('tramites')
#2 /Users/miguelangelhernandez/Sites/php/sgt/vendor/grocery-crud/enterprise/src/GroceryCrud/Core/State/StateAbstract.php(1195): GroceryCrud\Core\Model->getColumnNames()
#3 /Users/miguelangelhernandez/Sites/php/sgt/vendor/grocery-crud/enterprise/src/GroceryCrud/Core/State/StateAbstract.php(1835): GroceryCrud\Core\State\StateAbstract->getColumnNames()
#4 /Users/miguelangelhernandez/Sites/php/sgt/vendor/grocery-crud/enterprise/src/GroceryCrud/Core/State/InitialState.php(60): GroceryCrud\Core\State\StateAbstract->transformFieldsList(Array, Array)
#5 /Users/miguelangelhernandez/Sites/php/sgt/vendor/grocery-crud/enterprise/src/GroceryCrud/Core/State/InitialState.php(13): GroceryCrud\Core\State\InitialState->showInitData()
#6 /Users/miguelangelhernandez/Sites/php/sgt/vendor/grocery-crud/enterprise/src/GroceryCrud/Core/GroceryCrud.php(2932): GroceryCrud\Core\State\InitialState->render()
#7 /Users/miguelangelhernandez/Sites/php/sgt/app/Controllers/Example.php(30): GroceryCrud\Core\GroceryCrud->render()
#8 /Users/miguelangelhernandez/Sites/php/sgt/system/CodeIgniter.php(935): App\Controllers\Example->customers()
#9 /Users/miguelangelhernandez/Sites/php/sgt/system/CodeIgniter.php(431): CodeIgniter\CodeIgniter->runController(Object(App\Controllers\Example))
#10 /Users/miguelangelhernandez/Sites/php/sgt/system/CodeIgniter.php(332): CodeIgniter\CodeIgniter->handleRequest(NULL, Object(Config\Cache), false)
#11 /Users/miguelangelhernandez/Sites/php/sgt/public/index.php(44): CodeIgniter\CodeIgniter->run()
#12 /Users/miguelangelhernandez/Sites/php/sgt/system/Commands/Server/rewrite.php(45): require_once('/Users/miguelan...')
#13 {main}
CRITICAL - 2023-12-29 17:58:01 --> Statement could not be executed (42S02 - 1146 - Table 'procedures.tramites' doesn't exist)
#0 /Users/miguelangelhernandez/Sites/php/sgt/vendor/grocery-crud/enterprise/src/GroceryCrud/Core/Model.php(770): Laminas\Db\Adapter\Driver\Pdo\Statement->execute()
#1 /Users/miguelangelhernandez/Sites/php/sgt/vendor/grocery-crud/enterprise/src/GroceryCrud/Core/Model.php(205): GroceryCrud\Core\Model->getFieldTypes('tramites')
#2 /Users/miguelangelhernandez/Sites/php/sgt/vendor/grocery-crud/enterprise/src/GroceryCrud/Core/State/StateAbstract.php(1195): GroceryCrud\Core\Model->getColumnNames()
#3 /Users/miguelangelhernandez/Sites/php/sgt/vendor/grocery-crud/enterprise/src/GroceryCrud/Core/State/StateAbstract.php(1835): GroceryCrud\Core\State\StateAbstract->getColumnNames()
#4 /Users/miguelangelhernandez/Sites/php/sgt/vendor/grocery-crud/enterprise/src/GroceryCrud/Core/State/InitialState.php(60): GroceryCrud\Core\State\StateAbstract->transformFieldsList(Array, Array)
#5 /Users/miguelangelhernandez/Sites/php/sgt/vendor/grocery-crud/enterprise/src/GroceryCrud/Core/State/InitialState.php(13): GroceryCrud\Core\State\InitialState->showInitData()
#6 /Users/miguelangelhernandez/Sites/php/sgt/vendor/grocery-crud/enterprise/src/GroceryCrud/Core/GroceryCrud.php(2932): GroceryCrud\Core\State\InitialState->render()
#7 /Users/miguelangelhernandez/Sites/php/sgt/app/Controllers/Example.php(30): GroceryCrud\Core\GroceryCrud->render()
#8 /Users/miguelangelhernandez/Sites/php/sgt/system/CodeIgniter.php(935): App\Controllers\Example->customers()
#9 /Users/miguelangelhernandez/Sites/php/sgt/system/CodeIgniter.php(431): CodeIgniter\CodeIgniter->runController(Object(App\Controllers\Example))
#10 /Users/miguelangelhernandez/Sites/php/sgt/system/CodeIgniter.php(332): CodeIgniter\CodeIgniter->handleRequest(NULL, Object(Config\Cache), false)
#11 /Users/miguelangelhernandez/Sites/php/sgt/public/index.php(44): CodeIgniter\CodeIgniter->run()
#12 /Users/miguelangelhernandez/Sites/php/sgt/system/Commands/Server/rewrite.php(45): require_once('/Users/miguelan...')
#13 {main}
CRITICAL - 2023-12-29 18:00:32 --> Statement could not be executed (42S02 - 1146 - Table 'procedures.tramites' doesn't exist)
#0 /Users/miguelangelhernandez/Sites/php/sgt/vendor/grocery-crud/enterprise/src/GroceryCrud/Core/Model.php(770): Laminas\Db\Adapter\Driver\Pdo\Statement->execute()
#1 /Users/miguelangelhernandez/Sites/php/sgt/vendor/grocery-crud/enterprise/src/GroceryCrud/Core/Model.php(205): GroceryCrud\Core\Model->getFieldTypes('tramites')
#2 /Users/miguelangelhernandez/Sites/php/sgt/vendor/grocery-crud/enterprise/src/GroceryCrud/Core/State/StateAbstract.php(1195): GroceryCrud\Core\Model->getColumnNames()
#3 /Users/miguelangelhernandez/Sites/php/sgt/vendor/grocery-crud/enterprise/src/GroceryCrud/Core/State/StateAbstract.php(1835): GroceryCrud\Core\State\StateAbstract->getColumnNames()
#4 /Users/miguelangelhernandez/Sites/php/sgt/vendor/grocery-crud/enterprise/src/GroceryCrud/Core/State/InitialState.php(60): GroceryCrud\Core\State\StateAbstract->transformFieldsList(Array, Array)
#5 /Users/miguelangelhernandez/Sites/php/sgt/vendor/grocery-crud/enterprise/src/GroceryCrud/Core/State/InitialState.php(13): GroceryCrud\Core\State\InitialState->showInitData()
#6 /Users/miguelangelhernandez/Sites/php/sgt/vendor/grocery-crud/enterprise/src/GroceryCrud/Core/GroceryCrud.php(2932): GroceryCrud\Core\State\InitialState->render()
#7 /Users/miguelangelhernandez/Sites/php/sgt/app/Controllers/Example.php(30): GroceryCrud\Core\GroceryCrud->render()
#8 /Users/miguelangelhernandez/Sites/php/sgt/system/CodeIgniter.php(935): App\Controllers\Example->customers()
#9 /Users/miguelangelhernandez/Sites/php/sgt/system/CodeIgniter.php(431): CodeIgniter\CodeIgniter->runController(Object(App\Controllers\Example))
#10 /Users/miguelangelhernandez/Sites/php/sgt/system/CodeIgniter.php(332): CodeIgniter\CodeIgniter->handleRequest(NULL, Object(Config\Cache), false)
#11 /Users/miguelangelhernandez/Sites/php/sgt/public/index.php(44): CodeIgniter\CodeIgniter->run()
#12 /Users/miguelangelhernandez/Sites/php/sgt/system/Commands/Server/rewrite.php(45): require_once('/Users/miguelan...')
#13 {main}
CRITICAL - 2023-12-29 18:03:14 --> Statement could not be executed (42S02 - 1146 - Table 'procedures.tramites' doesn't exist)
#0 /Users/miguelangelhernandez/Sites/php/sgt/vendor/grocery-crud/enterprise/src/GroceryCrud/Core/Model.php(770): Laminas\Db\Adapter\Driver\Pdo\Statement->execute()
#1 /Users/miguelangelhernandez/Sites/php/sgt/vendor/grocery-crud/enterprise/src/GroceryCrud/Core/Model.php(205): GroceryCrud\Core\Model->getFieldTypes('tramites')
#2 /Users/miguelangelhernandez/Sites/php/sgt/vendor/grocery-crud/enterprise/src/GroceryCrud/Core/State/StateAbstract.php(1195): GroceryCrud\Core\Model->getColumnNames()
#3 /Users/miguelangelhernandez/Sites/php/sgt/vendor/grocery-crud/enterprise/src/GroceryCrud/Core/State/StateAbstract.php(1835): GroceryCrud\Core\State\StateAbstract->getColumnNames()
#4 /Users/miguelangelhernandez/Sites/php/sgt/vendor/grocery-crud/enterprise/src/GroceryCrud/Core/State/InitialState.php(60): GroceryCrud\Core\State\StateAbstract->transformFieldsList(Array, Array)
#5 /Users/miguelangelhernandez/Sites/php/sgt/vendor/grocery-crud/enterprise/src/GroceryCrud/Core/State/InitialState.php(13): GroceryCrud\Core\State\InitialState->showInitData()
#6 /Users/miguelangelhernandez/Sites/php/sgt/vendor/grocery-crud/enterprise/src/GroceryCrud/Core/GroceryCrud.php(2932): GroceryCrud\Core\State\InitialState->render()
#7 /Users/miguelangelhernandez/Sites/php/sgt/app/Controllers/Example.php(30): GroceryCrud\Core\GroceryCrud->render()
#8 /Users/miguelangelhernandez/Sites/php/sgt/system/CodeIgniter.php(935): App\Controllers\Example->customers()
#9 /Users/miguelangelhernandez/Sites/php/sgt/system/CodeIgniter.php(431): CodeIgniter\CodeIgniter->runController(Object(App\Controllers\Example))
#10 /Users/miguelangelhernandez/Sites/php/sgt/system/CodeIgniter.php(332): CodeIgniter\CodeIgniter->handleRequest(NULL, Object(Config\Cache), false)
#11 /Users/miguelangelhernandez/Sites/php/sgt/public/index.php(44): CodeIgniter\CodeIgniter->run()
#12 /Users/miguelangelhernandez/Sites/php/sgt/system/Commands/Server/rewrite.php(45): require_once('/Users/miguelan...')
#13 {main}
CRITICAL - 2023-12-29 18:03:21 --> Statement could not be executed (42S02 - 1146 - Table 'procedures.tramites' doesn't exist)
#0 /Users/miguelangelhernandez/Sites/php/sgt/vendor/grocery-crud/enterprise/src/GroceryCrud/Core/Model.php(770): Laminas\Db\Adapter\Driver\Pdo\Statement->execute()
#1 /Users/miguelangelhernandez/Sites/php/sgt/vendor/grocery-crud/enterprise/src/GroceryCrud/Core/Model.php(205): GroceryCrud\Core\Model->getFieldTypes('tramites')
#2 /Users/miguelangelhernandez/Sites/php/sgt/vendor/grocery-crud/enterprise/src/GroceryCrud/Core/State/StateAbstract.php(1195): GroceryCrud\Core\Model->getColumnNames()
#3 /Users/miguelangelhernandez/Sites/php/sgt/vendor/grocery-crud/enterprise/src/GroceryCrud/Core/State/StateAbstract.php(1835): GroceryCrud\Core\State\StateAbstract->getColumnNames()
#4 /Users/miguelangelhernandez/Sites/php/sgt/vendor/grocery-crud/enterprise/src/GroceryCrud/Core/State/InitialState.php(60): GroceryCrud\Core\State\StateAbstract->transformFieldsList(Array, Array)
#5 /Users/miguelangelhernandez/Sites/php/sgt/vendor/grocery-crud/enterprise/src/GroceryCrud/Core/State/InitialState.php(13): GroceryCrud\Core\State\InitialState->showInitData()
#6 /Users/miguelangelhernandez/Sites/php/sgt/vendor/grocery-crud/enterprise/src/GroceryCrud/Core/GroceryCrud.php(2932): GroceryCrud\Core\State\InitialState->render()
#7 /Users/miguelangelhernandez/Sites/php/sgt/app/Controllers/Example.php(30): GroceryCrud\Core\GroceryCrud->render()
#8 /Users/miguelangelhernandez/Sites/php/sgt/system/CodeIgniter.php(935): App\Controllers\Example->customers()
#9 /Users/miguelangelhernandez/Sites/php/sgt/system/CodeIgniter.php(431): CodeIgniter\CodeIgniter->runController(Object(App\Controllers\Example))
#10 /Users/miguelangelhernandez/Sites/php/sgt/system/CodeIgniter.php(332): CodeIgniter\CodeIgniter->handleRequest(NULL, Object(Config\Cache), false)
#11 /Users/miguelangelhernandez/Sites/php/sgt/public/index.php(44): CodeIgniter\CodeIgniter->run()
#12 /Users/miguelangelhernandez/Sites/php/sgt/system/Commands/Server/rewrite.php(45): require_once('/Users/miguelan...')
#13 {main}
CRITICAL - 2023-12-29 20:50:42 --> Statement could not be executed (42S02 - 1146 - Table 'procedures.tramites' doesn't exist)
#0 /Users/miguelangelhernandez/Sites/php/sgt/vendor/grocery-crud/enterprise/src/GroceryCrud/Core/Model.php(770): Laminas\Db\Adapter\Driver\Pdo\Statement->execute()
#1 /Users/miguelangelhernandez/Sites/php/sgt/vendor/grocery-crud/enterprise/src/GroceryCrud/Core/Model.php(205): GroceryCrud\Core\Model->getFieldTypes('tramites')
#2 /Users/miguelangelhernandez/Sites/php/sgt/vendor/grocery-crud/enterprise/src/GroceryCrud/Core/State/StateAbstract.php(1195): GroceryCrud\Core\Model->getColumnNames()
#3 /Users/miguelangelhernandez/Sites/php/sgt/vendor/grocery-crud/enterprise/src/GroceryCrud/Core/State/StateAbstract.php(1835): GroceryCrud\Core\State\StateAbstract->getColumnNames()
#4 /Users/miguelangelhernandez/Sites/php/sgt/vendor/grocery-crud/enterprise/src/GroceryCrud/Core/State/InitialState.php(60): GroceryCrud\Core\State\StateAbstract->transformFieldsList(Array, Array)
#5 /Users/miguelangelhernandez/Sites/php/sgt/vendor/grocery-crud/enterprise/src/GroceryCrud/Core/State/InitialState.php(13): GroceryCrud\Core\State\InitialState->showInitData()
#6 /Users/miguelangelhernandez/Sites/php/sgt/vendor/grocery-crud/enterprise/src/GroceryCrud/Core/GroceryCrud.php(2932): GroceryCrud\Core\State\InitialState->render()
#7 /Users/miguelangelhernandez/Sites/php/sgt/app/Controllers/Example.php(30): GroceryCrud\Core\GroceryCrud->render()
#8 /Users/miguelangelhernandez/Sites/php/sgt/system/CodeIgniter.php(935): App\Controllers\Example->customers()
#9 /Users/miguelangelhernandez/Sites/php/sgt/system/CodeIgniter.php(431): CodeIgniter\CodeIgniter->runController(Object(App\Controllers\Example))
#10 /Users/miguelangelhernandez/Sites/php/sgt/system/CodeIgniter.php(332): CodeIgniter\CodeIgniter->handleRequest(NULL, Object(Config\Cache), false)
#11 /Users/miguelangelhernandez/Sites/php/sgt/public/index.php(44): CodeIgniter\CodeIgniter->run()
#12 {main}
CRITICAL - 2023-12-29 20:56:35 --> Invalid file: app/Views/deskapp/extra-pages/grocery_page.php
#0 /Users/miguelangelhernandez/Sites/php/sgt/system/View/View.php(207): CodeIgniter\Exceptions\FrameworkException::forInvalidFile('app/Views/deska...')
#1 /Users/miguelangelhernandez/Sites/php/sgt/system/Common.php(1213): CodeIgniter\View\View->render('app/Views/deska...', Array, true)
#2 /Users/miguelangelhernandez/Sites/php/sgt/app/Controllers/Example.php(42): view('app/Views/deska...', Array)
#3 /Users/miguelangelhernandez/Sites/php/sgt/app/Controllers/Example.php(32): App\Controllers\Example->_example_output(Object(GroceryCrud\Core\Render\RenderAbstract))
#4 /Users/miguelangelhernandez/Sites/php/sgt/system/CodeIgniter.php(935): App\Controllers\Example->customers()
#5 /Users/miguelangelhernandez/Sites/php/sgt/system/CodeIgniter.php(431): CodeIgniter\CodeIgniter->runController(Object(App\Controllers\Example))
#6 /Users/miguelangelhernandez/Sites/php/sgt/system/CodeIgniter.php(332): CodeIgniter\CodeIgniter->handleRequest(NULL, Object(Config\Cache), false)
#7 /Users/miguelangelhernandez/Sites/php/sgt/public/index.php(44): CodeIgniter\CodeIgniter->run()
#8 {main}
CRITICAL - 2023-12-29 20:57:40 --> Undefined variable: session
#0 /Users/miguelangelhernandez/Sites/php/sgt/app/Views/deskapp/includes/_header.php(126): CodeIgniter\Debug\Exceptions->errorHandler(8, 'Undefined varia...', '/Users/miguelan...', 126, Array)
#1 /Users/miguelangelhernandez/Sites/php/sgt/system/View/View.php(223): include('/Users/miguelan...')
#2 /Users/miguelangelhernandez/Sites/php/sgt/system/Common.php(1213): CodeIgniter\View\View->render('deskapp/include...', Array, true)
#3 /Users/miguelangelhernandez/Sites/php/sgt/app/Views/deskapp/extra-pages/grocery_page.php(37): view('deskapp/include...')
#4 /Users/miguelangelhernandez/Sites/php/sgt/system/View/View.php(223): include('/Users/miguelan...')
#5 /Users/miguelangelhernandez/Sites/php/sgt/system/Common.php(1213): CodeIgniter\View\View->render('deskapp/extra-p...', Array, true)
#6 /Users/miguelangelhernandez/Sites/php/sgt/app/Controllers/Example.php(42): view('deskapp/extra-p...', Array)
#7 /Users/miguelangelhernandez/Sites/php/sgt/app/Controllers/Example.php(32): App\Controllers\Example->_example_output(Object(GroceryCrud\Core\Render\RenderAbstract))
#8 /Users/miguelangelhernandez/Sites/php/sgt/system/CodeIgniter.php(935): App\Controllers\Example->customers()
#9 /Users/miguelangelhernandez/Sites/php/sgt/system/CodeIgniter.php(431): CodeIgniter\CodeIgniter->runController(Object(App\Controllers\Example))
#10 /Users/miguelangelhernandez/Sites/php/sgt/system/CodeIgniter.php(332): CodeIgniter\CodeIgniter->handleRequest(NULL, Object(Config\Cache), false)
#11 /Users/miguelangelhernandez/Sites/php/sgt/public/index.php(44): CodeIgniter\CodeIgniter->run()
#12 {main}
CRITICAL - 2023-12-29 20:58:04 --> Undefined variable: session
#0 /Users/miguelangelhernandez/Sites/php/sgt/app/Views/deskapp/includes/_header.php(126): CodeIgniter\Debug\Exceptions->errorHandler(8, 'Undefined varia...', '/Users/miguelan...', 126, Array)
#1 /Users/miguelangelhernandez/Sites/php/sgt/system/View/View.php(223): include('/Users/miguelan...')
#2 /Users/miguelangelhernandez/Sites/php/sgt/system/Common.php(1213): CodeIgniter\View\View->render('deskapp/include...', Array, true)
#3 /Users/miguelangelhernandez/Sites/php/sgt/app/Views/deskapp/extra-pages/grocery_page.php(37): view('deskapp/include...')
#4 /Users/miguelangelhernandez/Sites/php/sgt/system/View/View.php(223): include('/Users/miguelan...')
#5 /Users/miguelangelhernandez/Sites/php/sgt/system/Common.php(1213): CodeIgniter\View\View->render('/deskapp/extra-...', Array, true)
#6 /Users/miguelangelhernandez/Sites/php/sgt/app/Controllers/Example.php(42): view('/deskapp/extra-...', Array)
#7 /Users/miguelangelhernandez/Sites/php/sgt/app/Controllers/Example.php(32): App\Controllers\Example->_example_output(Object(GroceryCrud\Core\Render\RenderAbstract))
#8 /Users/miguelangelhernandez/Sites/php/sgt/system/CodeIgniter.php(935): App\Controllers\Example->customers()
#9 /Users/miguelangelhernandez/Sites/php/sgt/system/CodeIgniter.php(431): CodeIgniter\CodeIgniter->runController(Object(App\Controllers\Example))
#10 /Users/miguelangelhernandez/Sites/php/sgt/system/CodeIgniter.php(332): CodeIgniter\CodeIgniter->handleRequest(NULL, Object(Config\Cache), false)
#11 /Users/miguelangelhernandez/Sites/php/sgt/public/index.php(44): CodeIgniter\CodeIgniter->run()
#12 {main}
CRITICAL - 2023-12-29 20:59:08 --> Undefined variable: session
#0 /Users/miguelangelhernandez/Sites/php/sgt/app/Views/deskapp/includes/_header.php(126): CodeIgniter\Debug\Exceptions->errorHandler(8, 'Undefined varia...', '/Users/miguelan...', 126, Array)
#1 /Users/miguelangelhernandez/Sites/php/sgt/system/View/View.php(223): include('/Users/miguelan...')
#2 /Users/miguelangelhernandez/Sites/php/sgt/system/Common.php(1213): CodeIgniter\View\View->render('deskapp/include...', Array, true)
#3 /Users/miguelangelhernandez/Sites/php/sgt/app/Views/deskapp/extra-pages/grocery_page.php(37): view('deskapp/include...')
#4 /Users/miguelangelhernandez/Sites/php/sgt/system/View/View.php(223): include('/Users/miguelan...')
#5 /Users/miguelangelhernandez/Sites/php/sgt/system/Common.php(1213): CodeIgniter\View\View->render('/deskapp/extra-...', Array, true)
#6 /Users/miguelangelhernandez/Sites/php/sgt/app/Controllers/Example.php(45): view('/deskapp/extra-...', Array)
#7 /Users/miguelangelhernandez/Sites/php/sgt/app/Controllers/Example.php(35): App\Controllers\Example->_example_output(Object(GroceryCrud\Core\Render\RenderAbstract))
#8 /Users/miguelangelhernandez/Sites/php/sgt/system/CodeIgniter.php(935): App\Controllers\Example->customers()
#9 /Users/miguelangelhernandez/Sites/php/sgt/system/CodeIgniter.php(431): CodeIgniter\CodeIgniter->runController(Object(App\Controllers\Example))
#10 /Users/miguelangelhernandez/Sites/php/sgt/system/CodeIgniter.php(332): CodeIgniter\CodeIgniter->handleRequest(NULL, Object(Config\Cache), false)
#11 /Users/miguelangelhernandez/Sites/php/sgt/public/index.php(44): CodeIgniter\CodeIgniter->run()
#12 {main}
