CRITICAL - 2024-01-01 13:01:20 --> Undefined variable: session
#0 /Users/miguelangelhernandez/Sites/php/sgt/app/Views/deskapp/includes/_header.php(126): CodeIgniter\Debug\Exceptions->errorHandler(8, 'Undefined varia...', '/Users/miguelan...', 126, Array)
#1 /Users/miguelangelhernandez/Sites/php/sgt/system/View/View.php(223): include('/Users/miguelan...')
#2 /Users/miguelangelhernandez/Sites/php/sgt/system/Common.php(1213): CodeIgniter\View\View->render('deskapp/include...', Array, true)
#3 /Users/miguelangelhernandez/Sites/php/sgt/app/Views/deskapp/extra-pages/grocery_page.php(37): view('deskapp/include...')
#4 /Users/miguelangelhernandez/Sites/php/sgt/system/View/View.php(223): include('/Users/miguelan...')
#5 /Users/miguelangelhernandez/Sites/php/sgt/system/Common.php(1213): CodeIgniter\View\View->render('/deskapp/extra-...', Array, true)
#6 /Users/miguelangelhernandez/Sites/php/sgt/app/Controllers/Deskapp/Example.php(49): view('/deskapp/extra-...', Array)
#7 /Users/miguelangelhernandez/Sites/php/sgt/app/Controllers/Deskapp/Example.php(38): App\Controllers\Deskapp\Example->_example_output(Object(GroceryCrud\Core\Render\RenderAbstract))
#8 /Users/miguelangelhernandez/Sites/php/sgt/system/CodeIgniter.php(935): App\Controllers\Deskapp\Example->customers()
#9 /Users/miguelangelhernandez/Sites/php/sgt/system/CodeIgniter.php(431): CodeIgniter\CodeIgniter->runController(Object(App\Controllers\Deskapp\Example))
#10 /Users/miguelangelhernandez/Sites/php/sgt/system/CodeIgniter.php(332): CodeIgniter\CodeIgniter->handleRequest(NULL, Object(Config\Cache), false)
#11 /Users/miguelangelhernandez/Sites/php/sgt/public/index.php(44): CodeIgniter\CodeIgniter->run()
#12 {main}
CRITICAL - 2024-01-01 14:40:56 --> Undefined variable: session
#0 /Users/miguelangelhernandez/Sites/php/sgt/app/Views/deskapp/includes/_header.php(126): CodeIgniter\Debug\Exceptions->errorHandler(8, 'Undefined varia...', '/Users/miguelan...', 126, Array)
#1 /Users/miguelangelhernandez/Sites/php/sgt/system/View/View.php(223): include('/Users/miguelan...')
#2 /Users/miguelangelhernandez/Sites/php/sgt/system/Common.php(1213): CodeIgniter\View\View->render('deskapp/include...', Array, true)
#3 /Users/miguelangelhernandez/Sites/php/sgt/app/Views/deskapp/extra-pages/grocery_page.php(37): view('deskapp/include...')
#4 /Users/miguelangelhernandez/Sites/php/sgt/system/View/View.php(223): include('/Users/miguelan...')
#5 /Users/miguelangelhernandez/Sites/php/sgt/system/Common.php(1213): CodeIgniter\View\View->render('/deskapp/extra-...', Array, true)
#6 /Users/miguelangelhernandez/Sites/php/sgt/app/Controllers/Deskapp/Example.php(49): view('/deskapp/extra-...', Array)
#7 /Users/miguelangelhernandez/Sites/php/sgt/app/Controllers/Deskapp/Example.php(38): App\Controllers\Deskapp\Example->_example_output(Object(GroceryCrud\Core\Render\RenderAbstract))
#8 /Users/miguelangelhernandez/Sites/php/sgt/system/CodeIgniter.php(935): App\Controllers\Deskapp\Example->customers()
#9 /Users/miguelangelhernandez/Sites/php/sgt/system/CodeIgniter.php(431): CodeIgniter\CodeIgniter->runController(Object(App\Controllers\Deskapp\Example))
#10 /Users/miguelangelhernandez/Sites/php/sgt/system/CodeIgniter.php(332): CodeIgniter\CodeIgniter->handleRequest(NULL, Object(Config\Cache), false)
#11 /Users/miguelangelhernandez/Sites/php/sgt/public/index.php(44): CodeIgniter\CodeIgniter->run()
#12 {main}
CRITICAL - 2024-01-01 14:43:45 --> Undefined variable: session
#0 /Users/miguelangelhernandez/Sites/php/sgt/app/Views/deskapp/includes/_header.php(126): CodeIgniter\Debug\Exceptions->errorHandler(8, 'Undefined varia...', '/Users/miguelan...', 126, Array)
#1 /Users/miguelangelhernandez/Sites/php/sgt/system/View/View.php(223): include('/Users/miguelan...')
#2 /Users/miguelangelhernandez/Sites/php/sgt/system/Common.php(1213): CodeIgniter\View\View->render('deskapp/include...', Array, true)
#3 /Users/miguelangelhernandez/Sites/php/sgt/app/Views/deskapp/extra-pages/grocery_page.php(37): view('deskapp/include...')
#4 /Users/miguelangelhernandez/Sites/php/sgt/system/View/View.php(223): include('/Users/miguelan...')
#5 /Users/miguelangelhernandez/Sites/php/sgt/system/Common.php(1213): CodeIgniter\View\View->render('/deskapp/extra-...', Array, true)
#6 /Users/miguelangelhernandez/Sites/php/sgt/app/Controllers/Deskapp/Example.php(49): view('/deskapp/extra-...', Array)
#7 /Users/miguelangelhernandez/Sites/php/sgt/app/Controllers/Deskapp/Example.php(38): App\Controllers\Deskapp\Example->_example_output(Object(GroceryCrud\Core\Render\RenderAbstract))
#8 /Users/miguelangelhernandez/Sites/php/sgt/system/CodeIgniter.php(935): App\Controllers\Deskapp\Example->customers()
#9 /Users/miguelangelhernandez/Sites/php/sgt/system/CodeIgniter.php(431): CodeIgniter\CodeIgniter->runController(Object(App\Controllers\Deskapp\Example))
#10 /Users/miguelangelhernandez/Sites/php/sgt/system/CodeIgniter.php(332): CodeIgniter\CodeIgniter->handleRequest(NULL, Object(Config\Cache), false)
#11 /Users/miguelangelhernandez/Sites/php/sgt/public/index.php(44): CodeIgniter\CodeIgniter->run()
#12 {main}
CRITICAL - 2024-01-01 14:44:17 --> Undefined variable: session
#0 /Users/miguelangelhernandez/Sites/php/sgt/app/Views/deskapp/includes/_header.php(126): CodeIgniter\Debug\Exceptions->errorHandler(8, 'Undefined varia...', '/Users/miguelan...', 126, Array)
#1 /Users/miguelangelhernandez/Sites/php/sgt/system/View/View.php(223): include('/Users/miguelan...')
#2 /Users/miguelangelhernandez/Sites/php/sgt/system/Common.php(1213): CodeIgniter\View\View->render('deskapp/include...', Array, true)
#3 /Users/miguelangelhernandez/Sites/php/sgt/app/Views/deskapp/extra-pages/grocery_page.php(37): view('deskapp/include...')
#4 /Users/miguelangelhernandez/Sites/php/sgt/system/View/View.php(223): include('/Users/miguelan...')
#5 /Users/miguelangelhernandez/Sites/php/sgt/system/Common.php(1213): CodeIgniter\View\View->render('/deskapp/extra-...', Array, true)
#6 /Users/miguelangelhernandez/Sites/php/sgt/app/Controllers/Deskapp/Example.php(49): view('/deskapp/extra-...', Array)
#7 /Users/miguelangelhernandez/Sites/php/sgt/app/Controllers/Deskapp/Example.php(38): App\Controllers\Deskapp\Example->_example_output(Object(GroceryCrud\Core\Render\RenderAbstract))
#8 /Users/miguelangelhernandez/Sites/php/sgt/system/CodeIgniter.php(935): App\Controllers\Deskapp\Example->customers()
#9 /Users/miguelangelhernandez/Sites/php/sgt/system/CodeIgniter.php(431): CodeIgniter\CodeIgniter->runController(Object(App\Controllers\Deskapp\Example))
#10 /Users/miguelangelhernandez/Sites/php/sgt/system/CodeIgniter.php(332): CodeIgniter\CodeIgniter->handleRequest(NULL, Object(Config\Cache), false)
#11 /Users/miguelangelhernandez/Sites/php/sgt/public/index.php(44): CodeIgniter\CodeIgniter->run()
#12 {main}
CRITICAL - 2024-01-01 14:45:31 --> Undefined variable: session
#0 /Users/miguelangelhernandez/Sites/php/sgt/app/Views/deskapp/includes/_header.php(126): CodeIgniter\Debug\Exceptions->errorHandler(8, 'Undefined varia...', '/Users/miguelan...', 126, Array)
#1 /Users/miguelangelhernandez/Sites/php/sgt/system/View/View.php(223): include('/Users/miguelan...')
#2 /Users/miguelangelhernandez/Sites/php/sgt/system/Common.php(1213): CodeIgniter\View\View->render('deskapp/include...', Array, true)
#3 /Users/miguelangelhernandez/Sites/php/sgt/app/Views/deskapp/extra-pages/grocery_page.php(37): view('deskapp/include...')
#4 /Users/miguelangelhernandez/Sites/php/sgt/system/View/View.php(223): include('/Users/miguelan...')
#5 /Users/miguelangelhernandez/Sites/php/sgt/system/Common.php(1213): CodeIgniter\View\View->render('/deskapp/extra-...', Array, true)
#6 /Users/miguelangelhernandez/Sites/php/sgt/app/Controllers/Deskapp/Example.php(49): view('/deskapp/extra-...', Array)
#7 /Users/miguelangelhernandez/Sites/php/sgt/app/Controllers/Deskapp/Example.php(38): App\Controllers\Deskapp\Example->_example_output(Object(GroceryCrud\Core\Render\RenderAbstract))
#8 /Users/miguelangelhernandez/Sites/php/sgt/system/CodeIgniter.php(935): App\Controllers\Deskapp\Example->customers()
#9 /Users/miguelangelhernandez/Sites/php/sgt/system/CodeIgniter.php(431): CodeIgniter\CodeIgniter->runController(Object(App\Controllers\Deskapp\Example))
#10 /Users/miguelangelhernandez/Sites/php/sgt/system/CodeIgniter.php(332): CodeIgniter\CodeIgniter->handleRequest(NULL, Object(Config\Cache), false)
#11 /Users/miguelangelhernandez/Sites/php/sgt/public/index.php(44): CodeIgniter\CodeIgniter->run()
#12 {main}
CRITICAL - 2024-01-01 14:45:54 --> Undefined variable: session
#0 /Users/miguelangelhernandez/Sites/php/sgt/app/Views/deskapp/includes/_header.php(126): CodeIgniter\Debug\Exceptions->errorHandler(8, 'Undefined varia...', '/Users/miguelan...', 126, Array)
#1 /Users/miguelangelhernandez/Sites/php/sgt/system/View/View.php(223): include('/Users/miguelan...')
#2 /Users/miguelangelhernandez/Sites/php/sgt/system/Common.php(1213): CodeIgniter\View\View->render('deskapp/include...', Array, true)
#3 /Users/miguelangelhernandez/Sites/php/sgt/app/Views/deskapp/extra-pages/grocery_page.php(37): view('deskapp/include...')
#4 /Users/miguelangelhernandez/Sites/php/sgt/system/View/View.php(223): include('/Users/miguelan...')
#5 /Users/miguelangelhernandez/Sites/php/sgt/system/Common.php(1213): CodeIgniter\View\View->render('/deskapp/extra-...', Array, true)
#6 /Users/miguelangelhernandez/Sites/php/sgt/app/Controllers/Deskapp/Example.php(49): view('/deskapp/extra-...', Array)
#7 /Users/miguelangelhernandez/Sites/php/sgt/app/Controllers/Deskapp/Example.php(38): App\Controllers\Deskapp\Example->_example_output(Object(GroceryCrud\Core\Render\RenderAbstract))
#8 /Users/miguelangelhernandez/Sites/php/sgt/system/CodeIgniter.php(935): App\Controllers\Deskapp\Example->customers()
#9 /Users/miguelangelhernandez/Sites/php/sgt/system/CodeIgniter.php(431): CodeIgniter\CodeIgniter->runController(Object(App\Controllers\Deskapp\Example))
#10 /Users/miguelangelhernandez/Sites/php/sgt/system/CodeIgniter.php(332): CodeIgniter\CodeIgniter->handleRequest(NULL, Object(Config\Cache), false)
#11 /Users/miguelangelhernandez/Sites/php/sgt/public/index.php(44): CodeIgniter\CodeIgniter->run()
#12 {main}
CRITICAL - 2024-01-01 14:46:19 --> Undefined variable: session
#0 /Users/miguelangelhernandez/Sites/php/sgt/app/Views/deskapp/includes/_header.php(126): CodeIgniter\Debug\Exceptions->errorHandler(8, 'Undefined varia...', '/Users/miguelan...', 126, Array)
#1 /Users/miguelangelhernandez/Sites/php/sgt/system/View/View.php(223): include('/Users/miguelan...')
#2 /Users/miguelangelhernandez/Sites/php/sgt/system/Common.php(1213): CodeIgniter\View\View->render('deskapp/include...', Array, true)
#3 /Users/miguelangelhernandez/Sites/php/sgt/app/Views/deskapp/extra-pages/grocery_page.php(37): view('deskapp/include...')
#4 /Users/miguelangelhernandez/Sites/php/sgt/system/View/View.php(223): include('/Users/miguelan...')
#5 /Users/miguelangelhernandez/Sites/php/sgt/system/Common.php(1213): CodeIgniter\View\View->render('/deskapp/extra-...', Array, true)
#6 /Users/miguelangelhernandez/Sites/php/sgt/app/Controllers/Deskapp/Example.php(49): view('/deskapp/extra-...', Array)
#7 /Users/miguelangelhernandez/Sites/php/sgt/app/Controllers/Deskapp/Example.php(38): App\Controllers\Deskapp\Example->_example_output(Object(GroceryCrud\Core\Render\RenderAbstract))
#8 /Users/miguelangelhernandez/Sites/php/sgt/system/CodeIgniter.php(935): App\Controllers\Deskapp\Example->customers()
#9 /Users/miguelangelhernandez/Sites/php/sgt/system/CodeIgniter.php(431): CodeIgniter\CodeIgniter->runController(Object(App\Controllers\Deskapp\Example))
#10 /Users/miguelangelhernandez/Sites/php/sgt/system/CodeIgniter.php(332): CodeIgniter\CodeIgniter->handleRequest(NULL, Object(Config\Cache), false)
#11 /Users/miguelangelhernandez/Sites/php/sgt/public/index.php(44): CodeIgniter\CodeIgniter->run()
#12 {main}
CRITICAL - 2024-01-01 14:46:39 --> Undefined variable: session
#0 /Users/miguelangelhernandez/Sites/php/sgt/app/Views/deskapp/includes/_header.php(126): CodeIgniter\Debug\Exceptions->errorHandler(8, 'Undefined varia...', '/Users/miguelan...', 126, Array)
#1 /Users/miguelangelhernandez/Sites/php/sgt/system/View/View.php(223): include('/Users/miguelan...')
#2 /Users/miguelangelhernandez/Sites/php/sgt/system/Common.php(1213): CodeIgniter\View\View->render('deskapp/include...', Array, true)
#3 /Users/miguelangelhernandez/Sites/php/sgt/app/Views/deskapp/extra-pages/grocery_page.php(37): view('deskapp/include...')
#4 /Users/miguelangelhernandez/Sites/php/sgt/system/View/View.php(223): include('/Users/miguelan...')
#5 /Users/miguelangelhernandez/Sites/php/sgt/system/Common.php(1213): CodeIgniter\View\View->render('/deskapp/extra-...', Array, true)
#6 /Users/miguelangelhernandez/Sites/php/sgt/app/Controllers/Deskapp/Example.php(49): view('/deskapp/extra-...', Array)
#7 /Users/miguelangelhernandez/Sites/php/sgt/app/Controllers/Deskapp/Example.php(38): App\Controllers\Deskapp\Example->_example_output(Object(GroceryCrud\Core\Render\RenderAbstract))
#8 /Users/miguelangelhernandez/Sites/php/sgt/system/CodeIgniter.php(935): App\Controllers\Deskapp\Example->customers()
#9 /Users/miguelangelhernandez/Sites/php/sgt/system/CodeIgniter.php(431): CodeIgniter\CodeIgniter->runController(Object(App\Controllers\Deskapp\Example))
#10 /Users/miguelangelhernandez/Sites/php/sgt/system/CodeIgniter.php(332): CodeIgniter\CodeIgniter->handleRequest(NULL, Object(Config\Cache), false)
#11 /Users/miguelangelhernandez/Sites/php/sgt/public/index.php(44): CodeIgniter\CodeIgniter->run()
#12 {main}
CRITICAL - 2024-01-01 14:48:05 --> Undefined variable: session
#0 /Users/miguelangelhernandez/Sites/php/sgt/app/Views/deskapp/includes/_header.php(126): CodeIgniter\Debug\Exceptions->errorHandler(8, 'Undefined varia...', '/Users/miguelan...', 126, Array)
#1 /Users/miguelangelhernandez/Sites/php/sgt/system/View/View.php(223): include('/Users/miguelan...')
#2 /Users/miguelangelhernandez/Sites/php/sgt/system/Common.php(1213): CodeIgniter\View\View->render('deskapp/include...', Array, true)
#3 /Users/miguelangelhernandez/Sites/php/sgt/app/Views/deskapp/extra-pages/grocery_page.php(37): view('deskapp/include...')
#4 /Users/miguelangelhernandez/Sites/php/sgt/system/View/View.php(223): include('/Users/miguelan...')
#5 /Users/miguelangelhernandez/Sites/php/sgt/system/Common.php(1213): CodeIgniter\View\View->render('/deskapp/extra-...', Array, true)
#6 /Users/miguelangelhernandez/Sites/php/sgt/app/Controllers/Deskapp/Example.php(51): view('/deskapp/extra-...', Array)
#7 /Users/miguelangelhernandez/Sites/php/sgt/app/Controllers/Deskapp/Example.php(38): App\Controllers\Deskapp\Example->_example_output(Object(GroceryCrud\Core\Render\RenderAbstract))
#8 /Users/miguelangelhernandez/Sites/php/sgt/system/CodeIgniter.php(935): App\Controllers\Deskapp\Example->customers()
#9 /Users/miguelangelhernandez/Sites/php/sgt/system/CodeIgniter.php(431): CodeIgniter\CodeIgniter->runController(Object(App\Controllers\Deskapp\Example))
#10 /Users/miguelangelhernandez/Sites/php/sgt/system/CodeIgniter.php(332): CodeIgniter\CodeIgniter->handleRequest(NULL, Object(Config\Cache), false)
#11 /Users/miguelangelhernandez/Sites/php/sgt/public/index.php(44): CodeIgniter\CodeIgniter->run()
#12 {main}
CRITICAL - 2024-01-01 14:48:50 --> Undefined variable: session
#0 /Users/miguelangelhernandez/Sites/php/sgt/app/Views/deskapp/includes/_header.php(126): CodeIgniter\Debug\Exceptions->errorHandler(8, 'Undefined varia...', '/Users/miguelan...', 126, Array)
#1 /Users/miguelangelhernandez/Sites/php/sgt/system/View/View.php(223): include('/Users/miguelan...')
#2 /Users/miguelangelhernandez/Sites/php/sgt/system/Common.php(1213): CodeIgniter\View\View->render('deskapp/include...', Array, true)
#3 /Users/miguelangelhernandez/Sites/php/sgt/app/Views/deskapp/extra-pages/grocery_page.php(37): view('deskapp/include...')
#4 /Users/miguelangelhernandez/Sites/php/sgt/system/View/View.php(223): include('/Users/miguelan...')
#5 /Users/miguelangelhernandez/Sites/php/sgt/system/Common.php(1213): CodeIgniter\View\View->render('/deskapp/extra-...', Array, true)
#6 /Users/miguelangelhernandez/Sites/php/sgt/app/Controllers/Deskapp/Example.php(52): view('/deskapp/extra-...', Array)
#7 /Users/miguelangelhernandez/Sites/php/sgt/app/Controllers/Deskapp/Example.php(38): App\Controllers\Deskapp\Example->_example_output(Object(GroceryCrud\Core\Render\RenderAbstract))
#8 /Users/miguelangelhernandez/Sites/php/sgt/system/CodeIgniter.php(935): App\Controllers\Deskapp\Example->customers()
#9 /Users/miguelangelhernandez/Sites/php/sgt/system/CodeIgniter.php(431): CodeIgniter\CodeIgniter->runController(Object(App\Controllers\Deskapp\Example))
#10 /Users/miguelangelhernandez/Sites/php/sgt/system/CodeIgniter.php(332): CodeIgniter\CodeIgniter->handleRequest(NULL, Object(Config\Cache), false)
#11 /Users/miguelangelhernandez/Sites/php/sgt/public/index.php(44): CodeIgniter\CodeIgniter->run()
#12 {main}
CRITICAL - 2024-01-01 14:49:12 --> Undefined variable: session
#0 /Users/miguelangelhernandez/Sites/php/sgt/app/Views/deskapp/includes/_header.php(126): CodeIgniter\Debug\Exceptions->errorHandler(8, 'Undefined varia...', '/Users/miguelan...', 126, Array)
#1 /Users/miguelangelhernandez/Sites/php/sgt/system/View/View.php(223): include('/Users/miguelan...')
#2 /Users/miguelangelhernandez/Sites/php/sgt/system/Common.php(1213): CodeIgniter\View\View->render('deskapp/include...', Array, true)
#3 /Users/miguelangelhernandez/Sites/php/sgt/app/Views/deskapp/extra-pages/grocery_page.php(37): view('deskapp/include...')
#4 /Users/miguelangelhernandez/Sites/php/sgt/system/View/View.php(223): include('/Users/miguelan...')
#5 /Users/miguelangelhernandez/Sites/php/sgt/system/Common.php(1213): CodeIgniter\View\View->render('/deskapp/extra-...', Array, true)
#6 /Users/miguelangelhernandez/Sites/php/sgt/app/Controllers/Deskapp/Example.php(53): view('/deskapp/extra-...', Array)
#7 /Users/miguelangelhernandez/Sites/php/sgt/app/Controllers/Deskapp/Example.php(38): App\Controllers\Deskapp\Example->_example_output(Object(GroceryCrud\Core\Render\RenderAbstract))
#8 /Users/miguelangelhernandez/Sites/php/sgt/system/CodeIgniter.php(935): App\Controllers\Deskapp\Example->customers()
#9 /Users/miguelangelhernandez/Sites/php/sgt/system/CodeIgniter.php(431): CodeIgniter\CodeIgniter->runController(Object(App\Controllers\Deskapp\Example))
#10 /Users/miguelangelhernandez/Sites/php/sgt/system/CodeIgniter.php(332): CodeIgniter\CodeIgniter->handleRequest(NULL, Object(Config\Cache), false)
#11 /Users/miguelangelhernandez/Sites/php/sgt/public/index.php(44): CodeIgniter\CodeIgniter->run()
#12 {main}
CRITICAL - 2024-01-01 14:51:28 --> Trying to get property 'output' of non-object
#0 /Users/miguelangelhernandez/Sites/php/sgt/system/View/View.php(349): CodeIgniter\Debug\Exceptions->errorHandler(8, 'Trying to get p...', '/Users/miguelan...', 349, Array)
#1 /Users/miguelangelhernandez/Sites/php/sgt/system/Common.php(1212): CodeIgniter\View\View->setData(Array, 'raw')
#2 /Users/miguelangelhernandez/Sites/php/sgt/app/Controllers/Deskapp/Example.php(53): view('/deskapp/extra-...', Array)
#3 /Users/miguelangelhernandez/Sites/php/sgt/app/Controllers/Deskapp/Example.php(38): App\Controllers\Deskapp\Example->_example_output(Object(GroceryCrud\Core\Render\RenderAbstract))
#4 /Users/miguelangelhernandez/Sites/php/sgt/system/CodeIgniter.php(935): App\Controllers\Deskapp\Example->customers()
#5 /Users/miguelangelhernandez/Sites/php/sgt/system/CodeIgniter.php(431): CodeIgniter\CodeIgniter->runController(Object(App\Controllers\Deskapp\Example))
#6 /Users/miguelangelhernandez/Sites/php/sgt/system/CodeIgniter.php(332): CodeIgniter\CodeIgniter->handleRequest(NULL, Object(Config\Cache), false)
#7 /Users/miguelangelhernandez/Sites/php/sgt/public/index.php(44): CodeIgniter\CodeIgniter->run()
#8 {main}
CRITICAL - 2024-01-01 14:51:52 --> Undefined variable: session
#0 /Users/miguelangelhernandez/Sites/php/sgt/app/Views/deskapp/includes/_header.php(126): CodeIgniter\Debug\Exceptions->errorHandler(8, 'Undefined varia...', '/Users/miguelan...', 126, Array)
#1 /Users/miguelangelhernandez/Sites/php/sgt/system/View/View.php(223): include('/Users/miguelan...')
#2 /Users/miguelangelhernandez/Sites/php/sgt/system/Common.php(1213): CodeIgniter\View\View->render('deskapp/include...', Array, true)
#3 /Users/miguelangelhernandez/Sites/php/sgt/app/Views/deskapp/extra-pages/grocery_page.php(37): view('deskapp/include...')
#4 /Users/miguelangelhernandez/Sites/php/sgt/system/View/View.php(223): include('/Users/miguelan...')
#5 /Users/miguelangelhernandez/Sites/php/sgt/system/Common.php(1213): CodeIgniter\View\View->render('/deskapp/extra-...', Array, true)
#6 /Users/miguelangelhernandez/Sites/php/sgt/app/Controllers/Deskapp/Example.php(53): view('/deskapp/extra-...', Array)
#7 /Users/miguelangelhernandez/Sites/php/sgt/app/Controllers/Deskapp/Example.php(38): App\Controllers\Deskapp\Example->_example_output(Object(GroceryCrud\Core\Render\RenderAbstract))
#8 /Users/miguelangelhernandez/Sites/php/sgt/system/CodeIgniter.php(935): App\Controllers\Deskapp\Example->customers()
#9 /Users/miguelangelhernandez/Sites/php/sgt/system/CodeIgniter.php(431): CodeIgniter\CodeIgniter->runController(Object(App\Controllers\Deskapp\Example))
#10 /Users/miguelangelhernandez/Sites/php/sgt/system/CodeIgniter.php(332): CodeIgniter\CodeIgniter->handleRequest(NULL, Object(Config\Cache), false)
#11 /Users/miguelangelhernandez/Sites/php/sgt/public/index.php(44): CodeIgniter\CodeIgniter->run()
#12 {main}
CRITICAL - 2024-01-01 14:52:47 --> Undefined variable: session
#0 /Users/miguelangelhernandez/Sites/php/sgt/app/Views/deskapp/includes/_header.php(126): CodeIgniter\Debug\Exceptions->errorHandler(8, 'Undefined varia...', '/Users/miguelan...', 126, Array)
#1 /Users/miguelangelhernandez/Sites/php/sgt/system/View/View.php(223): include('/Users/miguelan...')
#2 /Users/miguelangelhernandez/Sites/php/sgt/system/Common.php(1213): CodeIgniter\View\View->render('deskapp/include...', Array, true)
#3 /Users/miguelangelhernandez/Sites/php/sgt/app/Views/deskapp/extra-pages/grocery_page.php(37): view('deskapp/include...')
#4 /Users/miguelangelhernandez/Sites/php/sgt/system/View/View.php(223): include('/Users/miguelan...')
#5 /Users/miguelangelhernandez/Sites/php/sgt/system/Common.php(1213): CodeIgniter\View\View->render('/deskapp/extra-...', Array, true)
#6 /Users/miguelangelhernandez/Sites/php/sgt/app/Controllers/Deskapp/Example.php(54): view('/deskapp/extra-...', Array)
#7 /Users/miguelangelhernandez/Sites/php/sgt/app/Controllers/Deskapp/Example.php(38): App\Controllers\Deskapp\Example->_example_output(Object(GroceryCrud\Core\Render\RenderAbstract))
#8 /Users/miguelangelhernandez/Sites/php/sgt/system/CodeIgniter.php(935): App\Controllers\Deskapp\Example->customers()
#9 /Users/miguelangelhernandez/Sites/php/sgt/system/CodeIgniter.php(431): CodeIgniter\CodeIgniter->runController(Object(App\Controllers\Deskapp\Example))
#10 /Users/miguelangelhernandez/Sites/php/sgt/system/CodeIgniter.php(332): CodeIgniter\CodeIgniter->handleRequest(NULL, Object(Config\Cache), false)
#11 /Users/miguelangelhernandez/Sites/php/sgt/public/index.php(44): CodeIgniter\CodeIgniter->run()
#12 {main}
CRITICAL - 2024-01-01 14:53:53 --> Undefined variable: session
#0 /Users/miguelangelhernandez/Sites/php/sgt/app/Views/deskapp/includes/_header.php(126): CodeIgniter\Debug\Exceptions->errorHandler(8, 'Undefined varia...', '/Users/miguelan...', 126, Array)
#1 /Users/miguelangelhernandez/Sites/php/sgt/system/View/View.php(223): include('/Users/miguelan...')
#2 /Users/miguelangelhernandez/Sites/php/sgt/system/Common.php(1213): CodeIgniter\View\View->render('deskapp/include...', Array, true)
#3 /Users/miguelangelhernandez/Sites/php/sgt/app/Views/deskapp/extra-pages/grocery_page.php(37): view('deskapp/include...')
#4 /Users/miguelangelhernandez/Sites/php/sgt/system/View/View.php(223): include('/Users/miguelan...')
#5 /Users/miguelangelhernandez/Sites/php/sgt/system/Common.php(1213): CodeIgniter\View\View->render('/deskapp/extra-...', Array, true)
#6 /Users/miguelangelhernandez/Sites/php/sgt/app/Controllers/Deskapp/Example.php(49): view('/deskapp/extra-...', Array)
#7 /Users/miguelangelhernandez/Sites/php/sgt/app/Controllers/Deskapp/Example.php(37): App\Controllers\Deskapp\Example->_example_output(Object(GroceryCrud\Core\Render\RenderAbstract))
#8 /Users/miguelangelhernandez/Sites/php/sgt/system/CodeIgniter.php(935): App\Controllers\Deskapp\Example->customers()
#9 /Users/miguelangelhernandez/Sites/php/sgt/system/CodeIgniter.php(431): CodeIgniter\CodeIgniter->runController(Object(App\Controllers\Deskapp\Example))
#10 /Users/miguelangelhernandez/Sites/php/sgt/system/CodeIgniter.php(332): CodeIgniter\CodeIgniter->handleRequest(NULL, Object(Config\Cache), false)
#11 /Users/miguelangelhernandez/Sites/php/sgt/public/index.php(44): CodeIgniter\CodeIgniter->run()
#12 {main}
CRITICAL - 2024-01-01 14:54:13 --> Undefined variable: session
#0 /Users/miguelangelhernandez/Sites/php/sgt/app/Views/deskapp/includes/_header.php(126): CodeIgniter\Debug\Exceptions->errorHandler(8, 'Undefined varia...', '/Users/miguelan...', 126, Array)
#1 /Users/miguelangelhernandez/Sites/php/sgt/system/View/View.php(223): include('/Users/miguelan...')
#2 /Users/miguelangelhernandez/Sites/php/sgt/system/Common.php(1213): CodeIgniter\View\View->render('deskapp/include...', Array, true)
#3 /Users/miguelangelhernandez/Sites/php/sgt/app/Views/deskapp/extra-pages/grocery_page.php(37): view('deskapp/include...')
#4 /Users/miguelangelhernandez/Sites/php/sgt/system/View/View.php(223): include('/Users/miguelan...')
#5 /Users/miguelangelhernandez/Sites/php/sgt/system/Common.php(1213): CodeIgniter\View\View->render('/deskapp/extra-...', Array, true)
#6 /Users/miguelangelhernandez/Sites/php/sgt/app/Controllers/Deskapp/Example.php(49): view('/deskapp/extra-...', Array)
#7 /Users/miguelangelhernandez/Sites/php/sgt/app/Controllers/Deskapp/Example.php(37): App\Controllers\Deskapp\Example->_example_output(Object(GroceryCrud\Core\Render\RenderAbstract))
#8 /Users/miguelangelhernandez/Sites/php/sgt/system/CodeIgniter.php(935): App\Controllers\Deskapp\Example->customers()
#9 /Users/miguelangelhernandez/Sites/php/sgt/system/CodeIgniter.php(431): CodeIgniter\CodeIgniter->runController(Object(App\Controllers\Deskapp\Example))
#10 /Users/miguelangelhernandez/Sites/php/sgt/system/CodeIgniter.php(332): CodeIgniter\CodeIgniter->handleRequest(NULL, Object(Config\Cache), false)
#11 /Users/miguelangelhernandez/Sites/php/sgt/public/index.php(44): CodeIgniter\CodeIgniter->run()
#12 {main}
CRITICAL - 2024-01-01 14:54:21 --> Undefined variable: session
#0 /Users/miguelangelhernandez/Sites/php/sgt/app/Views/deskapp/includes/_header.php(126): CodeIgniter\Debug\Exceptions->errorHandler(8, 'Undefined varia...', '/Users/miguelan...', 126, Array)
#1 /Users/miguelangelhernandez/Sites/php/sgt/system/View/View.php(223): include('/Users/miguelan...')
#2 /Users/miguelangelhernandez/Sites/php/sgt/system/Common.php(1213): CodeIgniter\View\View->render('deskapp/include...', Array, true)
#3 /Users/miguelangelhernandez/Sites/php/sgt/app/Views/deskapp/extra-pages/grocery_page.php(37): view('deskapp/include...')
#4 /Users/miguelangelhernandez/Sites/php/sgt/system/View/View.php(223): include('/Users/miguelan...')
#5 /Users/miguelangelhernandez/Sites/php/sgt/system/Common.php(1213): CodeIgniter\View\View->render('/deskapp/extra-...', Array, true)
#6 /Users/miguelangelhernandez/Sites/php/sgt/app/Controllers/Deskapp/Example.php(49): view('/deskapp/extra-...', Array)
#7 /Users/miguelangelhernandez/Sites/php/sgt/app/Controllers/Deskapp/Example.php(37): App\Controllers\Deskapp\Example->_example_output(Object(GroceryCrud\Core\Render\RenderAbstract))
#8 /Users/miguelangelhernandez/Sites/php/sgt/system/CodeIgniter.php(935): App\Controllers\Deskapp\Example->customers()
#9 /Users/miguelangelhernandez/Sites/php/sgt/system/CodeIgniter.php(431): CodeIgniter\CodeIgniter->runController(Object(App\Controllers\Deskapp\Example))
#10 /Users/miguelangelhernandez/Sites/php/sgt/system/CodeIgniter.php(332): CodeIgniter\CodeIgniter->handleRequest(NULL, Object(Config\Cache), false)
#11 /Users/miguelangelhernandez/Sites/php/sgt/public/index.php(44): CodeIgniter\CodeIgniter->run()
#12 {main}
CRITICAL - 2024-01-01 15:04:56 --> Undefined variable: session
#0 /Users/miguelangelhernandez/Sites/php/sgt/app/Views/deskapp/includes/_header.php(126): CodeIgniter\Debug\Exceptions->errorHandler(8, 'Undefined varia...', '/Users/miguelan...', 126, Array)
#1 /Users/miguelangelhernandez/Sites/php/sgt/system/View/View.php(223): include('/Users/miguelan...')
#2 /Users/miguelangelhernandez/Sites/php/sgt/system/Common.php(1213): CodeIgniter\View\View->render('deskapp/include...', Array, true)
#3 /Users/miguelangelhernandez/Sites/php/sgt/app/Views/deskapp/extra-pages/grocery_page.php(37): view('deskapp/include...')
#4 /Users/miguelangelhernandez/Sites/php/sgt/system/View/View.php(223): include('/Users/miguelan...')
#5 /Users/miguelangelhernandez/Sites/php/sgt/system/Common.php(1213): CodeIgniter\View\View->render('/deskapp/extra-...', Array, true)
#6 /Users/miguelangelhernandez/Sites/php/sgt/app/Controllers/Deskapp/Example.php(49): view('/deskapp/extra-...', Array)
#7 /Users/miguelangelhernandez/Sites/php/sgt/app/Controllers/Deskapp/Example.php(37): App\Controllers\Deskapp\Example->_example_output(Object(GroceryCrud\Core\Render\RenderAbstract))
#8 /Users/miguelangelhernandez/Sites/php/sgt/system/CodeIgniter.php(935): App\Controllers\Deskapp\Example->customers()
#9 /Users/miguelangelhernandez/Sites/php/sgt/system/CodeIgniter.php(431): CodeIgniter\CodeIgniter->runController(Object(App\Controllers\Deskapp\Example))
#10 /Users/miguelangelhernandez/Sites/php/sgt/system/CodeIgniter.php(332): CodeIgniter\CodeIgniter->handleRequest(NULL, Object(Config\Cache), false)
#11 /Users/miguelangelhernandez/Sites/php/sgt/public/index.php(44): CodeIgniter\CodeIgniter->run()
#12 {main}
CRITICAL - 2024-01-01 15:08:39 --> Undefined index: output
#0 /Users/miguelangelhernandez/Sites/php/sgt/system/View/View.php(349): CodeIgniter\Debug\Exceptions->errorHandler(8, 'Undefined index...', '/Users/miguelan...', 349, Array)
#1 /Users/miguelangelhernandez/Sites/php/sgt/system/Common.php(1212): CodeIgniter\View\View->setData(Array, 'raw')
#2 /Users/miguelangelhernandez/Sites/php/sgt/app/Controllers/Deskapp/Example.php(47): view('example.php', Array)
#3 /Users/miguelangelhernandez/Sites/php/sgt/app/Controllers/Deskapp/Example.php(37): App\Controllers\Deskapp\Example->_example_output(Object(GroceryCrud\Core\Render\RenderAbstract), Array)
#4 /Users/miguelangelhernandez/Sites/php/sgt/system/CodeIgniter.php(935): App\Controllers\Deskapp\Example->customers()
#5 /Users/miguelangelhernandez/Sites/php/sgt/system/CodeIgniter.php(431): CodeIgniter\CodeIgniter->runController(Object(App\Controllers\Deskapp\Example))
#6 /Users/miguelangelhernandez/Sites/php/sgt/system/CodeIgniter.php(332): CodeIgniter\CodeIgniter->handleRequest(NULL, Object(Config\Cache), false)
#7 /Users/miguelangelhernandez/Sites/php/sgt/public/index.php(44): CodeIgniter\CodeIgniter->run()
#8 {main}
CRITICAL - 2024-01-01 18:23:31 --> Undefined index: output
#0 /Users/miguelangelhernandez/Sites/php/sgt/system/View/View.php(349): CodeIgniter\Debug\Exceptions->errorHandler(8, 'Undefined index...', '/Users/miguelan...', 349, Array)
#1 /Users/miguelangelhernandez/Sites/php/sgt/system/Common.php(1212): CodeIgniter\View\View->setData(Array, 'raw')
#2 /Users/miguelangelhernandez/Sites/php/sgt/app/Controllers/Deskapp/Login.php(15): view('deskapp/auth/lo...')
#3 /Users/miguelangelhernandez/Sites/php/sgt/system/CodeIgniter.php(935): App\Controllers\Deskapp\Login->index()
#4 /Users/miguelangelhernandez/Sites/php/sgt/system/CodeIgniter.php(431): CodeIgniter\CodeIgniter->runController(Object(App\Controllers\Deskapp\Login))
#5 /Users/miguelangelhernandez/Sites/php/sgt/system/CodeIgniter.php(332): CodeIgniter\CodeIgniter->handleRequest(NULL, Object(Config\Cache), false)
#6 /Users/miguelangelhernandez/Sites/php/sgt/public/index.php(44): CodeIgniter\CodeIgniter->run()
#7 {main}
CRITICAL - 2024-01-01 18:58:59 --> Undefined index: output
#0 /Users/miguelangelhernandez/Sites/php/sgt/system/View/View.php(349): CodeIgniter\Debug\Exceptions->errorHandler(8, 'Undefined index...', '/Users/miguelan...', 349, Array)
#1 /Users/miguelangelhernandez/Sites/php/sgt/system/Common.php(1212): CodeIgniter\View\View->setData(Array, 'raw')
#2 /Users/miguelangelhernandez/Sites/php/sgt/app/Controllers/Deskapp/Login.php(15): view('deskapp/auth/lo...')
#3 /Users/miguelangelhernandez/Sites/php/sgt/system/CodeIgniter.php(935): App\Controllers\Deskapp\Login->index()
#4 /Users/miguelangelhernandez/Sites/php/sgt/system/CodeIgniter.php(431): CodeIgniter\CodeIgniter->runController(Object(App\Controllers\Deskapp\Login))
#5 /Users/miguelangelhernandez/Sites/php/sgt/system/CodeIgniter.php(332): CodeIgniter\CodeIgniter->handleRequest(NULL, Object(Config\Cache), false)
#6 /Users/miguelangelhernandez/Sites/php/sgt/public/index.php(44): CodeIgniter\CodeIgniter->run()
#7 {main}
CRITICAL - 2024-01-01 20:00:12 --> Undefined index: output
#0 /Users/miguelangelhernandez/Sites/php/sgt/system/View/View.php(349): CodeIgniter\Debug\Exceptions->errorHandler(8, 'Undefined index...', '/Users/miguelan...', 349, Array)
#1 /Users/miguelangelhernandez/Sites/php/sgt/system/Common.php(1212): CodeIgniter\View\View->setData(Array, 'raw')
#2 /Users/miguelangelhernandez/Sites/php/sgt/app/Controllers/Deskapp/Login.php(15): view('deskapp/auth/lo...')
#3 /Users/miguelangelhernandez/Sites/php/sgt/system/CodeIgniter.php(935): App\Controllers\Deskapp\Login->index()
#4 /Users/miguelangelhernandez/Sites/php/sgt/system/CodeIgniter.php(431): CodeIgniter\CodeIgniter->runController(Object(App\Controllers\Deskapp\Login))
#5 /Users/miguelangelhernandez/Sites/php/sgt/system/CodeIgniter.php(332): CodeIgniter\CodeIgniter->handleRequest(NULL, Object(Config\Cache), false)
#6 /Users/miguelangelhernandez/Sites/php/sgt/public/index.php(44): CodeIgniter\CodeIgniter->run()
#7 {main}
CRITICAL - 2024-01-01 20:46:23 --> Undefined variable: session
#0 /Users/miguelangelhernandez/Sites/php/sgt/app/Views/deskapp/includes/_header.php(126): CodeIgniter\Debug\Exceptions->errorHandler(8, 'Undefined varia...', '/Users/miguelan...', 126, Array)
#1 /Users/miguelangelhernandez/Sites/php/sgt/system/View/View.php(223): include('/Users/miguelan...')
#2 /Users/miguelangelhernandez/Sites/php/sgt/system/Common.php(1213): CodeIgniter\View\View->render('deskapp/include...', Array, true)
#3 /Users/miguelangelhernandez/Sites/php/sgt/app/Views/deskapp/extra-pages/grocery_page.php(37): view('deskapp/include...')
#4 /Users/miguelangelhernandez/Sites/php/sgt/system/View/View.php(223): include('/Users/miguelan...')
#5 /Users/miguelangelhernandez/Sites/php/sgt/system/Common.php(1213): CodeIgniter\View\View->render('/deskapp/extra-...', Array, true)
#6 /Users/miguelangelhernandez/Sites/php/sgt/app/Controllers/Deskapp/Example.php(65): view('/deskapp/extra-...', Array)
#7 /Users/miguelangelhernandez/Sites/php/sgt/app/Controllers/Deskapp/Example.php(39): App\Controllers\Deskapp\Example->_example_output(Object(GroceryCrud\Core\Render\RenderAbstract), Array)
#8 /Users/miguelangelhernandez/Sites/php/sgt/system/CodeIgniter.php(935): App\Controllers\Deskapp\Example->customers()
#9 /Users/miguelangelhernandez/Sites/php/sgt/system/CodeIgniter.php(431): CodeIgniter\CodeIgniter->runController(Object(App\Controllers\Deskapp\Example))
#10 /Users/miguelangelhernandez/Sites/php/sgt/system/CodeIgniter.php(332): CodeIgniter\CodeIgniter->handleRequest(NULL, Object(Config\Cache), false)
#11 /Users/miguelangelhernandez/Sites/php/sgt/public/index.php(44): CodeIgniter\CodeIgniter->run()
#12 {main}
CRITICAL - 2024-01-01 20:46:32 --> Undefined variable: session
#0 /Users/miguelangelhernandez/Sites/php/sgt/app/Views/deskapp/includes/_header.php(126): CodeIgniter\Debug\Exceptions->errorHandler(8, 'Undefined varia...', '/Users/miguelan...', 126, Array)
#1 /Users/miguelangelhernandez/Sites/php/sgt/system/View/View.php(223): include('/Users/miguelan...')
#2 /Users/miguelangelhernandez/Sites/php/sgt/system/Common.php(1213): CodeIgniter\View\View->render('deskapp/include...', Array, true)
#3 /Users/miguelangelhernandez/Sites/php/sgt/app/Views/deskapp/extra-pages/grocery_page.php(37): view('deskapp/include...')
#4 /Users/miguelangelhernandez/Sites/php/sgt/system/View/View.php(223): include('/Users/miguelan...')
#5 /Users/miguelangelhernandez/Sites/php/sgt/system/Common.php(1213): CodeIgniter\View\View->render('/deskapp/extra-...', Array, true)
#6 /Users/miguelangelhernandez/Sites/php/sgt/app/Controllers/Deskapp/Example.php(65): view('/deskapp/extra-...', Array)
#7 /Users/miguelangelhernandez/Sites/php/sgt/app/Controllers/Deskapp/Example.php(39): App\Controllers\Deskapp\Example->_example_output(Object(GroceryCrud\Core\Render\RenderAbstract), Array)
#8 /Users/miguelangelhernandez/Sites/php/sgt/system/CodeIgniter.php(935): App\Controllers\Deskapp\Example->customers()
#9 /Users/miguelangelhernandez/Sites/php/sgt/system/CodeIgniter.php(431): CodeIgniter\CodeIgniter->runController(Object(App\Controllers\Deskapp\Example))
#10 /Users/miguelangelhernandez/Sites/php/sgt/system/CodeIgniter.php(332): CodeIgniter\CodeIgniter->handleRequest(NULL, Object(Config\Cache), false)
#11 /Users/miguelangelhernandez/Sites/php/sgt/public/index.php(44): CodeIgniter\CodeIgniter->run()
#12 {main}
CRITICAL - 2024-01-01 20:46:51 --> Undefined variable: session
#0 /Users/miguelangelhernandez/Sites/php/sgt/app/Views/deskapp/includes/_header.php(126): CodeIgniter\Debug\Exceptions->errorHandler(8, 'Undefined varia...', '/Users/miguelan...', 126, Array)
#1 /Users/miguelangelhernandez/Sites/php/sgt/system/View/View.php(223): include('/Users/miguelan...')
#2 /Users/miguelangelhernandez/Sites/php/sgt/system/Common.php(1213): CodeIgniter\View\View->render('deskapp/include...', Array, true)
#3 /Users/miguelangelhernandez/Sites/php/sgt/app/Views/deskapp/extra-pages/grocery_page.php(37): view('deskapp/include...')
#4 /Users/miguelangelhernandez/Sites/php/sgt/system/View/View.php(223): include('/Users/miguelan...')
#5 /Users/miguelangelhernandez/Sites/php/sgt/system/Common.php(1213): CodeIgniter\View\View->render('/deskapp/extra-...', Array, true)
#6 /Users/miguelangelhernandez/Sites/php/sgt/app/Controllers/Deskapp/Example.php(65): view('/deskapp/extra-...', Array)
#7 /Users/miguelangelhernandez/Sites/php/sgt/app/Controllers/Deskapp/Example.php(39): App\Controllers\Deskapp\Example->_example_output(Object(GroceryCrud\Core\Render\RenderAbstract), Array)
#8 /Users/miguelangelhernandez/Sites/php/sgt/system/CodeIgniter.php(935): App\Controllers\Deskapp\Example->customers()
#9 /Users/miguelangelhernandez/Sites/php/sgt/system/CodeIgniter.php(431): CodeIgniter\CodeIgniter->runController(Object(App\Controllers\Deskapp\Example))
#10 /Users/miguelangelhernandez/Sites/php/sgt/system/CodeIgniter.php(332): CodeIgniter\CodeIgniter->handleRequest(NULL, Object(Config\Cache), false)
#11 /Users/miguelangelhernandez/Sites/php/sgt/public/index.php(44): CodeIgniter\CodeIgniter->run()
#12 {main}
CRITICAL - 2024-01-01 20:46:58 --> Undefined variable: session
#0 /Users/miguelangelhernandez/Sites/php/sgt/app/Views/deskapp/includes/_header.php(126): CodeIgniter\Debug\Exceptions->errorHandler(8, 'Undefined varia...', '/Users/miguelan...', 126, Array)
#1 /Users/miguelangelhernandez/Sites/php/sgt/system/View/View.php(223): include('/Users/miguelan...')
#2 /Users/miguelangelhernandez/Sites/php/sgt/system/Common.php(1213): CodeIgniter\View\View->render('deskapp/include...', Array, true)
#3 /Users/miguelangelhernandez/Sites/php/sgt/app/Views/deskapp/extra-pages/grocery_page.php(37): view('deskapp/include...')
#4 /Users/miguelangelhernandez/Sites/php/sgt/system/View/View.php(223): include('/Users/miguelan...')
#5 /Users/miguelangelhernandez/Sites/php/sgt/system/Common.php(1213): CodeIgniter\View\View->render('/deskapp/extra-...', Array, true)
#6 /Users/miguelangelhernandez/Sites/php/sgt/app/Controllers/Deskapp/Example.php(65): view('/deskapp/extra-...', Array)
#7 /Users/miguelangelhernandez/Sites/php/sgt/app/Controllers/Deskapp/Example.php(39): App\Controllers\Deskapp\Example->_example_output(Object(GroceryCrud\Core\Render\RenderAbstract), Array)
#8 /Users/miguelangelhernandez/Sites/php/sgt/system/CodeIgniter.php(935): App\Controllers\Deskapp\Example->customers()
#9 /Users/miguelangelhernandez/Sites/php/sgt/system/CodeIgniter.php(431): CodeIgniter\CodeIgniter->runController(Object(App\Controllers\Deskapp\Example))
#10 /Users/miguelangelhernandez/Sites/php/sgt/system/CodeIgniter.php(332): CodeIgniter\CodeIgniter->handleRequest(NULL, Object(Config\Cache), false)
#11 /Users/miguelangelhernandez/Sites/php/sgt/public/index.php(44): CodeIgniter\CodeIgniter->run()
#12 {main}
CRITICAL - 2024-01-01 20:47:56 --> Undefined variable: session
#0 /Users/miguelangelhernandez/Sites/php/sgt/app/Views/deskapp/includes/_header.php(126): CodeIgniter\Debug\Exceptions->errorHandler(8, 'Undefined varia...', '/Users/miguelan...', 126, Array)
#1 /Users/miguelangelhernandez/Sites/php/sgt/system/View/View.php(223): include('/Users/miguelan...')
#2 /Users/miguelangelhernandez/Sites/php/sgt/system/Common.php(1213): CodeIgniter\View\View->render('deskapp/include...', Array, true)
#3 /Users/miguelangelhernandez/Sites/php/sgt/app/Views/deskapp/extra-pages/grocery_page.php(37): view('deskapp/include...')
#4 /Users/miguelangelhernandez/Sites/php/sgt/system/View/View.php(223): include('/Users/miguelan...')
#5 /Users/miguelangelhernandez/Sites/php/sgt/system/Common.php(1213): CodeIgniter\View\View->render('/deskapp/extra-...', Array, true)
#6 /Users/miguelangelhernandez/Sites/php/sgt/app/Controllers/Deskapp/Example.php(65): view('/deskapp/extra-...', Array)
#7 /Users/miguelangelhernandez/Sites/php/sgt/app/Controllers/Deskapp/Example.php(39): App\Controllers\Deskapp\Example->_example_output(Object(GroceryCrud\Core\Render\RenderAbstract), Array)
#8 /Users/miguelangelhernandez/Sites/php/sgt/system/CodeIgniter.php(935): App\Controllers\Deskapp\Example->customers()
#9 /Users/miguelangelhernandez/Sites/php/sgt/system/CodeIgniter.php(431): CodeIgniter\CodeIgniter->runController(Object(App\Controllers\Deskapp\Example))
#10 /Users/miguelangelhernandez/Sites/php/sgt/system/CodeIgniter.php(332): CodeIgniter\CodeIgniter->handleRequest(NULL, Object(Config\Cache), false)
#11 /Users/miguelangelhernandez/Sites/php/sgt/public/index.php(44): CodeIgniter\CodeIgniter->run()
#12 {main}
CRITICAL - 2024-01-01 20:50:09 --> array_merge(): Expected parameter 1 to be an array, object given
#0 [internal function]: CodeIgniter\Debug\Exceptions->errorHandler(2, 'array_merge(): ...', '/Users/miguelan...', 37, Array)
#1 /Users/miguelangelhernandez/Sites/php/sgt/app/Controllers/Deskapp/Example.php(37): array_merge(Object(GroceryCrud\Core\Render\RenderAbstract), Array)
#2 /Users/miguelangelhernandez/Sites/php/sgt/system/CodeIgniter.php(935): App\Controllers\Deskapp\Example->customers()
#3 /Users/miguelangelhernandez/Sites/php/sgt/system/CodeIgniter.php(431): CodeIgniter\CodeIgniter->runController(Object(App\Controllers\Deskapp\Example))
#4 /Users/miguelangelhernandez/Sites/php/sgt/system/CodeIgniter.php(332): CodeIgniter\CodeIgniter->handleRequest(NULL, Object(Config\Cache), false)
#5 /Users/miguelangelhernandez/Sites/php/sgt/public/index.php(44): CodeIgniter\CodeIgniter->run()
#6 {main}
CRITICAL - 2024-01-01 20:50:31 --> Trying to get property 'isJSONResponse' of non-object
#0 /Users/miguelangelhernandez/Sites/php/sgt/app/Controllers/Deskapp/Example.php(44): CodeIgniter\Debug\Exceptions->errorHandler(8, 'Trying to get p...', '/Users/miguelan...', 44, Array)
#1 /Users/miguelangelhernandez/Sites/php/sgt/app/Controllers/Deskapp/Example.php(38): App\Controllers\Deskapp\Example->_example_output(Array)
#2 /Users/miguelangelhernandez/Sites/php/sgt/system/CodeIgniter.php(935): App\Controllers\Deskapp\Example->customers()
#3 /Users/miguelangelhernandez/Sites/php/sgt/system/CodeIgniter.php(431): CodeIgniter\CodeIgniter->runController(Object(App\Controllers\Deskapp\Example))
#4 /Users/miguelangelhernandez/Sites/php/sgt/system/CodeIgniter.php(332): CodeIgniter\CodeIgniter->handleRequest(NULL, Object(Config\Cache), false)
#5 /Users/miguelangelhernandez/Sites/php/sgt/public/index.php(44): CodeIgniter\CodeIgniter->run()
#6 {main}
CRITICAL - 2024-01-01 20:50:51 --> Trying to get property 'output' of non-object
#0 /Users/miguelangelhernandez/Sites/php/sgt/app/Controllers/Deskapp/Example.php(44): CodeIgniter\Debug\Exceptions->errorHandler(8, 'Trying to get p...', '/Users/miguelan...', 44, Array)
#1 /Users/miguelangelhernandez/Sites/php/sgt/app/Controllers/Deskapp/Example.php(38): App\Controllers\Deskapp\Example->_example_output(Array)
#2 /Users/miguelangelhernandez/Sites/php/sgt/system/CodeIgniter.php(935): App\Controllers\Deskapp\Example->customers()
#3 /Users/miguelangelhernandez/Sites/php/sgt/system/CodeIgniter.php(431): CodeIgniter\CodeIgniter->runController(Object(App\Controllers\Deskapp\Example))
#4 /Users/miguelangelhernandez/Sites/php/sgt/system/CodeIgniter.php(332): CodeIgniter\CodeIgniter->handleRequest(NULL, Object(Config\Cache), false)
#5 /Users/miguelangelhernandez/Sites/php/sgt/public/index.php(44): CodeIgniter\CodeIgniter->run()
#6 {main}
CRITICAL - 2024-01-01 20:51:06 --> Trying to get property 'isJSONResponse' of non-object
#0 /Users/miguelangelhernandez/Sites/php/sgt/app/Controllers/Deskapp/Example.php(44): CodeIgniter\Debug\Exceptions->errorHandler(8, 'Trying to get p...', '/Users/miguelan...', 44, Array)
#1 /Users/miguelangelhernandez/Sites/php/sgt/app/Controllers/Deskapp/Example.php(38): App\Controllers\Deskapp\Example->_example_output(Array)
#2 /Users/miguelangelhernandez/Sites/php/sgt/system/CodeIgniter.php(935): App\Controllers\Deskapp\Example->customers()
#3 /Users/miguelangelhernandez/Sites/php/sgt/system/CodeIgniter.php(431): CodeIgniter\CodeIgniter->runController(Object(App\Controllers\Deskapp\Example))
#4 /Users/miguelangelhernandez/Sites/php/sgt/system/CodeIgniter.php(332): CodeIgniter\CodeIgniter->handleRequest(NULL, Object(Config\Cache), false)
#5 /Users/miguelangelhernandez/Sites/php/sgt/public/index.php(44): CodeIgniter\CodeIgniter->run()
#6 {main}
CRITICAL - 2024-01-01 20:51:52 --> Trying to get property 'isJSONResponse' of non-object
#0 /Users/miguelangelhernandez/Sites/php/sgt/app/Controllers/Deskapp/Example.php(45): CodeIgniter\Debug\Exceptions->errorHandler(8, 'Trying to get p...', '/Users/miguelan...', 45, Array)
#1 /Users/miguelangelhernandez/Sites/php/sgt/app/Controllers/Deskapp/Example.php(38): App\Controllers\Deskapp\Example->_example_output(Array)
#2 /Users/miguelangelhernandez/Sites/php/sgt/system/CodeIgniter.php(935): App\Controllers\Deskapp\Example->customers()
#3 /Users/miguelangelhernandez/Sites/php/sgt/system/CodeIgniter.php(431): CodeIgniter\CodeIgniter->runController(Object(App\Controllers\Deskapp\Example))
#4 /Users/miguelangelhernandez/Sites/php/sgt/system/CodeIgniter.php(332): CodeIgniter\CodeIgniter->handleRequest(NULL, Object(Config\Cache), false)
#5 /Users/miguelangelhernandez/Sites/php/sgt/public/index.php(44): CodeIgniter\CodeIgniter->run()
#6 {main}
CRITICAL - 2024-01-01 20:52:07 --> Trying to get property 'output' of non-object
#0 /Users/miguelangelhernandez/Sites/php/sgt/app/Controllers/Deskapp/Example.php(45): CodeIgniter\Debug\Exceptions->errorHandler(8, 'Trying to get p...', '/Users/miguelan...', 45, Array)
#1 /Users/miguelangelhernandez/Sites/php/sgt/app/Controllers/Deskapp/Example.php(38): App\Controllers\Deskapp\Example->_example_output(Array)
#2 /Users/miguelangelhernandez/Sites/php/sgt/system/CodeIgniter.php(935): App\Controllers\Deskapp\Example->customers()
#3 /Users/miguelangelhernandez/Sites/php/sgt/system/CodeIgniter.php(431): CodeIgniter\CodeIgniter->runController(Object(App\Controllers\Deskapp\Example))
#4 /Users/miguelangelhernandez/Sites/php/sgt/system/CodeIgniter.php(332): CodeIgniter\CodeIgniter->handleRequest(NULL, Object(Config\Cache), false)
#5 /Users/miguelangelhernandez/Sites/php/sgt/public/index.php(44): CodeIgniter\CodeIgniter->run()
#6 {main}
CRITICAL - 2024-01-01 20:52:22 --> Trying to get property 'output' of non-object
#0 /Users/miguelangelhernandez/Sites/php/sgt/app/Controllers/Deskapp/Example.php(45): CodeIgniter\Debug\Exceptions->errorHandler(8, 'Trying to get p...', '/Users/miguelan...', 45, Array)
#1 /Users/miguelangelhernandez/Sites/php/sgt/app/Controllers/Deskapp/Example.php(38): App\Controllers\Deskapp\Example->_example_output(Array)
#2 /Users/miguelangelhernandez/Sites/php/sgt/system/CodeIgniter.php(935): App\Controllers\Deskapp\Example->customers()
#3 /Users/miguelangelhernandez/Sites/php/sgt/system/CodeIgniter.php(431): CodeIgniter\CodeIgniter->runController(Object(App\Controllers\Deskapp\Example))
#4 /Users/miguelangelhernandez/Sites/php/sgt/system/CodeIgniter.php(332): CodeIgniter\CodeIgniter->handleRequest(NULL, Object(Config\Cache), false)
#5 /Users/miguelangelhernandez/Sites/php/sgt/public/index.php(44): CodeIgniter\CodeIgniter->run()
#6 {main}
CRITICAL - 2024-01-01 20:52:55 --> Trying to get property 'isJSONResponse' of non-object
#0 /Users/miguelangelhernandez/Sites/php/sgt/app/Controllers/Deskapp/Example.php(45): CodeIgniter\Debug\Exceptions->errorHandler(8, 'Trying to get p...', '/Users/miguelan...', 45, Array)
#1 /Users/miguelangelhernandez/Sites/php/sgt/app/Controllers/Deskapp/Example.php(38): App\Controllers\Deskapp\Example->_example_output(Object(stdClass))
#2 /Users/miguelangelhernandez/Sites/php/sgt/system/CodeIgniter.php(935): App\Controllers\Deskapp\Example->customers()
#3 /Users/miguelangelhernandez/Sites/php/sgt/system/CodeIgniter.php(431): CodeIgniter\CodeIgniter->runController(Object(App\Controllers\Deskapp\Example))
#4 /Users/miguelangelhernandez/Sites/php/sgt/system/CodeIgniter.php(332): CodeIgniter\CodeIgniter->handleRequest(NULL, Object(Config\Cache), false)
#5 /Users/miguelangelhernandez/Sites/php/sgt/public/index.php(44): CodeIgniter\CodeIgniter->run()
#6 {main}
CRITICAL - 2024-01-01 20:53:30 --> Undefined variable: output
#0 /Users/miguelangelhernandez/Sites/php/sgt/app/Controllers/Deskapp/Example.php(57): CodeIgniter\Debug\Exceptions->errorHandler(8, 'Undefined varia...', '/Users/miguelan...', 57, Array)
#1 /Users/miguelangelhernandez/Sites/php/sgt/app/Controllers/Deskapp/Example.php(38): App\Controllers\Deskapp\Example->_example_output(Object(stdClass))
#2 /Users/miguelangelhernandez/Sites/php/sgt/system/CodeIgniter.php(935): App\Controllers\Deskapp\Example->customers()
#3 /Users/miguelangelhernandez/Sites/php/sgt/system/CodeIgniter.php(431): CodeIgniter\CodeIgniter->runController(Object(App\Controllers\Deskapp\Example))
#4 /Users/miguelangelhernandez/Sites/php/sgt/system/CodeIgniter.php(332): CodeIgniter\CodeIgniter->handleRequest(NULL, Object(Config\Cache), false)
#5 /Users/miguelangelhernandez/Sites/php/sgt/public/index.php(44): CodeIgniter\CodeIgniter->run()
#6 {main}
