CRITICAL - 2024-02-05 14:40:42 --> Statement could not be executed (22007 - 1292 - Incorrect datetime value: 'CURRENT_TIMESTAMP' for column 'updated_at' at row 1)
#0 /Users/miguelangelhernandez/Sites/php/sgt/vendor/grocery-crud/enterprise/src/GroceryCrud/Core/Model.php(515): Laminas\Db\Adapter\Driver\Pdo\Statement->execute()
#1 /Users/miguelangelhernandez/Sites/php/sgt/vendor/grocery-crud/enterprise/src/GroceryCrud/Core/State/InsertState.php(94): GroceryCrud\Core\Model->insert(Array)
#2 /Users/miguelangelhernandez/Sites/php/sgt/vendor/grocery-crud/enterprise/src/GroceryCrud/Core/State/StateAbstract.php(1179): GroceryCrud\Core\State\InsertState->GroceryCrud\Core\State\{closure}(Object(stdClass))
#3 /Users/miguelangelhernandez/Sites/php/sgt/vendor/grocery-crud/enterprise/src/GroceryCrud/Core/State/StateAbstract.php(333): GroceryCrud\Core\State\StateAbstract->stateOperation(NULL, Object(stdClass), Object(Closure))
#4 /Users/miguelangelhernandez/Sites/php/sgt/vendor/grocery-crud/enterprise/src/GroceryCrud/Core/State/InsertState.php(104): GroceryCrud\Core\State\StateAbstract->stateOperationWithCallbacks(Object(stdClass), 'Insert', Object(Closure))
#5 /Users/miguelangelhernandez/Sites/php/sgt/vendor/grocery-crud/enterprise/src/GroceryCrud/Core/GroceryCrud.php(2932): GroceryCrud\Core\State\InsertState->render()
#6 /Users/miguelangelhernandez/Sites/php/sgt/app/Controllers/Deskapp/Tramites.php(72): GroceryCrud\Core\GroceryCrud->render()
#7 /Users/miguelangelhernandez/Sites/php/sgt/system/CodeIgniter.php(935): App\Controllers\Deskapp\Tramites->tramite('add')
#8 /Users/miguelangelhernandez/Sites/php/sgt/system/CodeIgniter.php(431): CodeIgniter\CodeIgniter->runController(Object(App\Controllers\Deskapp\Tramites))
#9 /Users/miguelangelhernandez/Sites/php/sgt/system/CodeIgniter.php(332): CodeIgniter\CodeIgniter->handleRequest(NULL, Object(Config\Cache), false)
#10 /Users/miguelangelhernandez/Sites/php/sgt/public/index.php(44): CodeIgniter\CodeIgniter->run()
#11 {main}
CRITICAL - 2024-02-05 14:41:51 --> Statement could not be executed (22007 - 1292 - Incorrect datetime value: 'CURRENT_TIMESTAMP' for column 'updated_at' at row 1)
#0 /Users/miguelangelhernandez/Sites/php/sgt/vendor/grocery-crud/enterprise/src/GroceryCrud/Core/Model.php(515): Laminas\Db\Adapter\Driver\Pdo\Statement->execute()
#1 /Users/miguelangelhernandez/Sites/php/sgt/vendor/grocery-crud/enterprise/src/GroceryCrud/Core/State/InsertState.php(94): GroceryCrud\Core\Model->insert(Array)
#2 /Users/miguelangelhernandez/Sites/php/sgt/vendor/grocery-crud/enterprise/src/GroceryCrud/Core/State/StateAbstract.php(1179): GroceryCrud\Core\State\InsertState->GroceryCrud\Core\State\{closure}(Object(stdClass))
#3 /Users/miguelangelhernandez/Sites/php/sgt/vendor/grocery-crud/enterprise/src/GroceryCrud/Core/State/StateAbstract.php(333): GroceryCrud\Core\State\StateAbstract->stateOperation(NULL, Object(stdClass), Object(Closure))
#4 /Users/miguelangelhernandez/Sites/php/sgt/vendor/grocery-crud/enterprise/src/GroceryCrud/Core/State/InsertState.php(104): GroceryCrud\Core\State\StateAbstract->stateOperationWithCallbacks(Object(stdClass), 'Insert', Object(Closure))
#5 /Users/miguelangelhernandez/Sites/php/sgt/vendor/grocery-crud/enterprise/src/GroceryCrud/Core/GroceryCrud.php(2932): GroceryCrud\Core\State\InsertState->render()
#6 /Users/miguelangelhernandez/Sites/php/sgt/app/Controllers/Deskapp/Tramites.php(72): GroceryCrud\Core\GroceryCrud->render()
#7 /Users/miguelangelhernandez/Sites/php/sgt/system/CodeIgniter.php(935): App\Controllers\Deskapp\Tramites->tramite('add')
#8 /Users/miguelangelhernandez/Sites/php/sgt/system/CodeIgniter.php(431): CodeIgniter\CodeIgniter->runController(Object(App\Controllers\Deskapp\Tramites))
#9 /Users/miguelangelhernandez/Sites/php/sgt/system/CodeIgniter.php(332): CodeIgniter\CodeIgniter->handleRequest(NULL, Object(Config\Cache), false)
#10 /Users/miguelangelhernandez/Sites/php/sgt/public/index.php(44): CodeIgniter\CodeIgniter->run()
#11 {main}
CRITICAL - 2024-02-05 15:45:55 --> Statement could not be executed (22007 - 1292 - Incorrect datetime value: 'CURRENT_TIMESTAMP' for column 'created_at' at row 1)
#0 /Users/miguelangelhernandez/Sites/php/sgt/vendor/grocery-crud/enterprise/src/GroceryCrud/Core/Model.php(515): Laminas\Db\Adapter\Driver\Pdo\Statement->execute()
#1 /Users/miguelangelhernandez/Sites/php/sgt/vendor/grocery-crud/enterprise/src/GroceryCrud/Core/State/InsertState.php(94): GroceryCrud\Core\Model->insert(Array)
#2 /Users/miguelangelhernandez/Sites/php/sgt/vendor/grocery-crud/enterprise/src/GroceryCrud/Core/State/StateAbstract.php(1179): GroceryCrud\Core\State\InsertState->GroceryCrud\Core\State\{closure}(Object(stdClass))
#3 /Users/miguelangelhernandez/Sites/php/sgt/vendor/grocery-crud/enterprise/src/GroceryCrud/Core/State/StateAbstract.php(333): GroceryCrud\Core\State\StateAbstract->stateOperation(NULL, Object(stdClass), Object(Closure))
#4 /Users/miguelangelhernandez/Sites/php/sgt/vendor/grocery-crud/enterprise/src/GroceryCrud/Core/State/InsertState.php(104): GroceryCrud\Core\State\StateAbstract->stateOperationWithCallbacks(Object(stdClass), 'Insert', Object(Closure))
#5 /Users/miguelangelhernandez/Sites/php/sgt/vendor/grocery-crud/enterprise/src/GroceryCrud/Core/GroceryCrud.php(2932): GroceryCrud\Core\State\InsertState->render()
#6 /Users/miguelangelhernandez/Sites/php/sgt/app/Controllers/Deskapp/Tramites.php(75): GroceryCrud\Core\GroceryCrud->render()
#7 /Users/miguelangelhernandez/Sites/php/sgt/system/CodeIgniter.php(935): App\Controllers\Deskapp\Tramites->tramite()
#8 /Users/miguelangelhernandez/Sites/php/sgt/system/CodeIgniter.php(431): CodeIgniter\CodeIgniter->runController(Object(App\Controllers\Deskapp\Tramites))
#9 /Users/miguelangelhernandez/Sites/php/sgt/system/CodeIgniter.php(332): CodeIgniter\CodeIgniter->handleRequest(NULL, Object(Config\Cache), false)
#10 /Users/miguelangelhernandez/Sites/php/sgt/public/index.php(44): CodeIgniter\CodeIgniter->run()
#11 {main}
CRITICAL - 2024-02-05 15:51:46 --> Statement could not be executed (22007 - 1292 - Incorrect datetime value: 'CURRENT_TIMESTAMP' for column 'created_at' at row 1)
#0 /Users/miguelangelhernandez/Sites/php/sgt/vendor/grocery-crud/enterprise/src/GroceryCrud/Core/Model.php(515): Laminas\Db\Adapter\Driver\Pdo\Statement->execute()
#1 /Users/miguelangelhernandez/Sites/php/sgt/vendor/grocery-crud/enterprise/src/GroceryCrud/Core/State/InsertState.php(94): GroceryCrud\Core\Model->insert(Array)
#2 /Users/miguelangelhernandez/Sites/php/sgt/vendor/grocery-crud/enterprise/src/GroceryCrud/Core/State/StateAbstract.php(1179): GroceryCrud\Core\State\InsertState->GroceryCrud\Core\State\{closure}(Object(stdClass))
#3 /Users/miguelangelhernandez/Sites/php/sgt/vendor/grocery-crud/enterprise/src/GroceryCrud/Core/State/StateAbstract.php(333): GroceryCrud\Core\State\StateAbstract->stateOperation(NULL, Object(stdClass), Object(Closure))
#4 /Users/miguelangelhernandez/Sites/php/sgt/vendor/grocery-crud/enterprise/src/GroceryCrud/Core/State/InsertState.php(104): GroceryCrud\Core\State\StateAbstract->stateOperationWithCallbacks(Object(stdClass), 'Insert', Object(Closure))
#5 /Users/miguelangelhernandez/Sites/php/sgt/vendor/grocery-crud/enterprise/src/GroceryCrud/Core/GroceryCrud.php(2932): GroceryCrud\Core\State\InsertState->render()
#6 /Users/miguelangelhernandez/Sites/php/sgt/app/Controllers/Deskapp/Tramites.php(75): GroceryCrud\Core\GroceryCrud->render()
#7 /Users/miguelangelhernandez/Sites/php/sgt/system/CodeIgniter.php(935): App\Controllers\Deskapp\Tramites->tramite()
#8 /Users/miguelangelhernandez/Sites/php/sgt/system/CodeIgniter.php(431): CodeIgniter\CodeIgniter->runController(Object(App\Controllers\Deskapp\Tramites))
#9 /Users/miguelangelhernandez/Sites/php/sgt/system/CodeIgniter.php(332): CodeIgniter\CodeIgniter->handleRequest(NULL, Object(Config\Cache), false)
#10 /Users/miguelangelhernandez/Sites/php/sgt/public/index.php(44): CodeIgniter\CodeIgniter->run()
#11 {main}
CRITICAL - 2024-02-05 15:51:49 --> Statement could not be executed (22007 - 1292 - Incorrect datetime value: 'CURRENT_TIMESTAMP' for column 'created_at' at row 1)
#0 /Users/miguelangelhernandez/Sites/php/sgt/vendor/grocery-crud/enterprise/src/GroceryCrud/Core/Model.php(515): Laminas\Db\Adapter\Driver\Pdo\Statement->execute()
#1 /Users/miguelangelhernandez/Sites/php/sgt/vendor/grocery-crud/enterprise/src/GroceryCrud/Core/State/InsertState.php(94): GroceryCrud\Core\Model->insert(Array)
#2 /Users/miguelangelhernandez/Sites/php/sgt/vendor/grocery-crud/enterprise/src/GroceryCrud/Core/State/StateAbstract.php(1179): GroceryCrud\Core\State\InsertState->GroceryCrud\Core\State\{closure}(Object(stdClass))
#3 /Users/miguelangelhernandez/Sites/php/sgt/vendor/grocery-crud/enterprise/src/GroceryCrud/Core/State/StateAbstract.php(333): GroceryCrud\Core\State\StateAbstract->stateOperation(NULL, Object(stdClass), Object(Closure))
#4 /Users/miguelangelhernandez/Sites/php/sgt/vendor/grocery-crud/enterprise/src/GroceryCrud/Core/State/InsertState.php(104): GroceryCrud\Core\State\StateAbstract->stateOperationWithCallbacks(Object(stdClass), 'Insert', Object(Closure))
#5 /Users/miguelangelhernandez/Sites/php/sgt/vendor/grocery-crud/enterprise/src/GroceryCrud/Core/GroceryCrud.php(2932): GroceryCrud\Core\State\InsertState->render()
#6 /Users/miguelangelhernandez/Sites/php/sgt/app/Controllers/Deskapp/Tramites.php(75): GroceryCrud\Core\GroceryCrud->render()
#7 /Users/miguelangelhernandez/Sites/php/sgt/system/CodeIgniter.php(935): App\Controllers\Deskapp\Tramites->tramite()
#8 /Users/miguelangelhernandez/Sites/php/sgt/system/CodeIgniter.php(431): CodeIgniter\CodeIgniter->runController(Object(App\Controllers\Deskapp\Tramites))
#9 /Users/miguelangelhernandez/Sites/php/sgt/system/CodeIgniter.php(332): CodeIgniter\CodeIgniter->handleRequest(NULL, Object(Config\Cache), false)
#10 /Users/miguelangelhernandez/Sites/php/sgt/public/index.php(44): CodeIgniter\CodeIgniter->run()
#11 {main}
CRITICAL - 2024-02-05 15:57:08 --> Statement could not be executed (22007 - 1292 - Incorrect datetime value: 'CURRENT_TIMESTAMP' for column 'created_at' at row 1)
#0 /Users/miguelangelhernandez/Sites/php/sgt/vendor/grocery-crud/enterprise/src/GroceryCrud/Core/Model.php(515): Laminas\Db\Adapter\Driver\Pdo\Statement->execute()
#1 /Users/miguelangelhernandez/Sites/php/sgt/vendor/grocery-crud/enterprise/src/GroceryCrud/Core/State/InsertState.php(94): GroceryCrud\Core\Model->insert(Array)
#2 /Users/miguelangelhernandez/Sites/php/sgt/vendor/grocery-crud/enterprise/src/GroceryCrud/Core/State/StateAbstract.php(1179): GroceryCrud\Core\State\InsertState->GroceryCrud\Core\State\{closure}(Object(stdClass))
#3 /Users/miguelangelhernandez/Sites/php/sgt/vendor/grocery-crud/enterprise/src/GroceryCrud/Core/State/StateAbstract.php(333): GroceryCrud\Core\State\StateAbstract->stateOperation(NULL, Object(stdClass), Object(Closure))
#4 /Users/miguelangelhernandez/Sites/php/sgt/vendor/grocery-crud/enterprise/src/GroceryCrud/Core/State/InsertState.php(104): GroceryCrud\Core\State\StateAbstract->stateOperationWithCallbacks(Object(stdClass), 'Insert', Object(Closure))
#5 /Users/miguelangelhernandez/Sites/php/sgt/vendor/grocery-crud/enterprise/src/GroceryCrud/Core/GroceryCrud.php(2932): GroceryCrud\Core\State\InsertState->render()
#6 /Users/miguelangelhernandez/Sites/php/sgt/app/Controllers/Deskapp/Tramites.php(75): GroceryCrud\Core\GroceryCrud->render()
#7 /Users/miguelangelhernandez/Sites/php/sgt/system/CodeIgniter.php(935): App\Controllers\Deskapp\Tramites->tramite()
#8 /Users/miguelangelhernandez/Sites/php/sgt/system/CodeIgniter.php(431): CodeIgniter\CodeIgniter->runController(Object(App\Controllers\Deskapp\Tramites))
#9 /Users/miguelangelhernandez/Sites/php/sgt/system/CodeIgniter.php(332): CodeIgniter\CodeIgniter->handleRequest(NULL, Object(Config\Cache), false)
#10 /Users/miguelangelhernandez/Sites/php/sgt/public/index.php(44): CodeIgniter\CodeIgniter->run()
#11 {main}
CRITICAL - 2024-02-05 16:00:38 --> Undefined variable: error
#0 /Users/miguelangelhernandez/Sites/php/sgt/app/Controllers/Deskapp/Tramites.php(75): CodeIgniter\Debug\Exceptions->errorHandler(8, 'Undefined varia...', '/Users/miguelan...', 75, Array)
#1 /Users/miguelangelhernandez/Sites/php/sgt/system/CodeIgniter.php(935): App\Controllers\Deskapp\Tramites->tramite('add')
#2 /Users/miguelangelhernandez/Sites/php/sgt/system/CodeIgniter.php(431): CodeIgniter\CodeIgniter->runController(Object(App\Controllers\Deskapp\Tramites))
#3 /Users/miguelangelhernandez/Sites/php/sgt/system/CodeIgniter.php(332): CodeIgniter\CodeIgniter->handleRequest(NULL, Object(Config\Cache), false)
#4 /Users/miguelangelhernandez/Sites/php/sgt/public/index.php(44): CodeIgniter\CodeIgniter->run()
#5 {main}
