CRITICAL - 2024-04-08 01:27:33 --> Array to string conversion
#0 /Users/miguelangelhernandez/Sites/php/sgt/app/Views/deskapp/ui/grocery_timeline.php(108): CodeIgniter\Debug\Exceptions->errorHandler(8, 'Array to string...', '/Users/miguelan...', 108, Array)
#1 /Users/miguelangelhernandez/Sites/php/sgt/system/View/View.php(223): include('/Users/miguelan...')
#2 /Users/miguelangelhernandez/Sites/php/sgt/system/Common.php(1213): CodeIgniter\View\View->render('/deskapp/ui/gro...', Array, true)
#3 /Users/miguelangelhernandez/Sites/php/sgt/app/Controllers/Deskapp/Bitacora.php(75): view('/deskapp/ui/gro...', Array)
#4 /Users/miguelangelhernandez/Sites/php/sgt/app/Controllers/Deskapp/Bitacora.php(64): App\Controllers\Deskapp\Bitacora->_example_output(Array)
#5 /Users/miguelangelhernandez/Sites/php/sgt/system/CodeIgniter.php(935): App\Controllers\Deskapp\Bitacora->index('11111')
#6 /Users/miguelangelhernandez/Sites/php/sgt/system/CodeIgniter.php(431): CodeIgniter\CodeIgniter->runController(Object(App\Controllers\Deskapp\Bitacora))
#7 /Users/miguelangelhernandez/Sites/php/sgt/system/CodeIgniter.php(332): CodeIgniter\CodeIgniter->handleRequest(NULL, Object(Config\Cache), false)
#8 /Users/miguelangelhernandez/Sites/php/sgt/public/index.php(44): CodeIgniter\CodeIgniter->run()
#9 {main}
CRITICAL - 2024-04-08 01:33:34 --> Undefined index: updated_at
#0 /Users/miguelangelhernandez/Sites/php/sgt/app/Views/deskapp/ui/grocery_timeline.php(109): CodeIgniter\Debug\Exceptions->errorHandler(8, 'Undefined index...', '/Users/miguelan...', 109, Array)
#1 /Users/miguelangelhernandez/Sites/php/sgt/system/View/View.php(223): include('/Users/miguelan...')
#2 /Users/miguelangelhernandez/Sites/php/sgt/system/Common.php(1213): CodeIgniter\View\View->render('/deskapp/ui/gro...', Array, true)
#3 /Users/miguelangelhernandez/Sites/php/sgt/app/Controllers/Deskapp/Bitacora.php(75): view('/deskapp/ui/gro...', Array)
#4 /Users/miguelangelhernandez/Sites/php/sgt/app/Controllers/Deskapp/Bitacora.php(64): App\Controllers\Deskapp\Bitacora->_example_output(Array)
#5 /Users/miguelangelhernandez/Sites/php/sgt/system/CodeIgniter.php(935): App\Controllers\Deskapp\Bitacora->index('11111')
#6 /Users/miguelangelhernandez/Sites/php/sgt/system/CodeIgniter.php(431): CodeIgniter\CodeIgniter->runController(Object(App\Controllers\Deskapp\Bitacora))
#7 /Users/miguelangelhernandez/Sites/php/sgt/system/CodeIgniter.php(332): CodeIgniter\CodeIgniter->handleRequest(NULL, Object(Config\Cache), false)
#8 /Users/miguelangelhernandez/Sites/php/sgt/public/index.php(44): CodeIgniter\CodeIgniter->run()
#9 {main}
CRITICAL - 2024-04-08 01:34:12 --> Undefined index: updated_at
#0 /Users/miguelangelhernandez/Sites/php/sgt/app/Views/deskapp/ui/grocery_timeline.php(114): CodeIgniter\Debug\Exceptions->errorHandler(8, 'Undefined index...', '/Users/miguelan...', 114, Array)
#1 /Users/miguelangelhernandez/Sites/php/sgt/system/View/View.php(223): include('/Users/miguelan...')
#2 /Users/miguelangelhernandez/Sites/php/sgt/system/Common.php(1213): CodeIgniter\View\View->render('/deskapp/ui/gro...', Array, true)
#3 /Users/miguelangelhernandez/Sites/php/sgt/app/Controllers/Deskapp/Bitacora.php(75): view('/deskapp/ui/gro...', Array)
#4 /Users/miguelangelhernandez/Sites/php/sgt/app/Controllers/Deskapp/Bitacora.php(64): App\Controllers\Deskapp\Bitacora->_example_output(Array)
#5 /Users/miguelangelhernandez/Sites/php/sgt/system/CodeIgniter.php(935): App\Controllers\Deskapp\Bitacora->index('11111')
#6 /Users/miguelangelhernandez/Sites/php/sgt/system/CodeIgniter.php(431): CodeIgniter\CodeIgniter->runController(Object(App\Controllers\Deskapp\Bitacora))
#7 /Users/miguelangelhernandez/Sites/php/sgt/system/CodeIgniter.php(332): CodeIgniter\CodeIgniter->handleRequest(NULL, Object(Config\Cache), false)
#8 /Users/miguelangelhernandez/Sites/php/sgt/public/index.php(44): CodeIgniter\CodeIgniter->run()
#9 {main}
CRITICAL - 2024-04-08 01:56:32 --> Undefined variable: campo
#0 /Users/miguelangelhernandez/Sites/php/sgt/app/Views/deskapp/ui/grocery_timeline.php(112): CodeIgniter\Debug\Exceptions->errorHandler(8, 'Undefined varia...', '/Users/miguelan...', 112, Array)
#1 /Users/miguelangelhernandez/Sites/php/sgt/system/View/View.php(223): include('/Users/miguelan...')
#2 /Users/miguelangelhernandez/Sites/php/sgt/system/Common.php(1213): CodeIgniter\View\View->render('/deskapp/ui/gro...', Array, true)
#3 /Users/miguelangelhernandez/Sites/php/sgt/app/Controllers/Deskapp/Bitacora.php(75): view('/deskapp/ui/gro...', Array)
#4 /Users/miguelangelhernandez/Sites/php/sgt/app/Controllers/Deskapp/Bitacora.php(64): App\Controllers\Deskapp\Bitacora->_example_output(Array)
#5 /Users/miguelangelhernandez/Sites/php/sgt/system/CodeIgniter.php(935): App\Controllers\Deskapp\Bitacora->index('11111')
#6 /Users/miguelangelhernandez/Sites/php/sgt/system/CodeIgniter.php(431): CodeIgniter\CodeIgniter->runController(Object(App\Controllers\Deskapp\Bitacora))
#7 /Users/miguelangelhernandez/Sites/php/sgt/system/CodeIgniter.php(332): CodeIgniter\CodeIgniter->handleRequest(NULL, Object(Config\Cache), false)
#8 /Users/miguelangelhernandez/Sites/php/sgt/public/index.php(44): CodeIgniter\CodeIgniter->run()
#9 {main}
CRITICAL - 2024-04-08 02:49:47 --> Undefined index: documento_id
#0 /Users/miguelangelhernandez/Sites/php/sgt/app/Views/deskapp/ui/grocery_timeline.php(98): CodeIgniter\Debug\Exceptions->errorHandler(8, 'Undefined index...', '/Users/miguelan...', 98, Array)
#1 /Users/miguelangelhernandez/Sites/php/sgt/system/View/View.php(223): include('/Users/miguelan...')
#2 /Users/miguelangelhernandez/Sites/php/sgt/system/Common.php(1213): CodeIgniter\View\View->render('/deskapp/ui/gro...', Array, true)
#3 /Users/miguelangelhernandez/Sites/php/sgt/app/Controllers/Deskapp/Bitacora.php(75): view('/deskapp/ui/gro...', Array)
#4 /Users/miguelangelhernandez/Sites/php/sgt/app/Controllers/Deskapp/Bitacora.php(64): App\Controllers\Deskapp\Bitacora->_example_output(Array)
#5 /Users/miguelangelhernandez/Sites/php/sgt/system/CodeIgniter.php(935): App\Controllers\Deskapp\Bitacora->index('11111')
#6 /Users/miguelangelhernandez/Sites/php/sgt/system/CodeIgniter.php(431): CodeIgniter\CodeIgniter->runController(Object(App\Controllers\Deskapp\Bitacora))
#7 /Users/miguelangelhernandez/Sites/php/sgt/system/CodeIgniter.php(332): CodeIgniter\CodeIgniter->handleRequest(NULL, Object(Config\Cache), false)
#8 /Users/miguelangelhernandez/Sites/php/sgt/public/index.php(44): CodeIgniter\CodeIgniter->run()
#9 {main}
CRITICAL - 2024-04-08 05:26:23 --> Undefined index: 
#0 /Users/miguelangelhernandez/Sites/php/sgt/app/Views/deskapp/ui/grocery_timeline.php(139): CodeIgniter\Debug\Exceptions->errorHandler(8, 'Undefined index...', '/Users/miguelan...', 139, Array)
#1 /Users/miguelangelhernandez/Sites/php/sgt/system/View/View.php(223): include('/Users/miguelan...')
#2 /Users/miguelangelhernandez/Sites/php/sgt/system/Common.php(1213): CodeIgniter\View\View->render('/deskapp/ui/gro...', Array, true)
#3 /Users/miguelangelhernandez/Sites/php/sgt/app/Controllers/Deskapp/Bitacora.php(75): view('/deskapp/ui/gro...', Array)
#4 /Users/miguelangelhernandez/Sites/php/sgt/app/Controllers/Deskapp/Bitacora.php(64): App\Controllers\Deskapp\Bitacora->_example_output(Array)
#5 /Users/miguelangelhernandez/Sites/php/sgt/system/CodeIgniter.php(935): App\Controllers\Deskapp\Bitacora->index('1712571917')
#6 /Users/miguelangelhernandez/Sites/php/sgt/system/CodeIgniter.php(431): CodeIgniter\CodeIgniter->runController(Object(App\Controllers\Deskapp\Bitacora))
#7 /Users/miguelangelhernandez/Sites/php/sgt/system/CodeIgniter.php(332): CodeIgniter\CodeIgniter->handleRequest(NULL, Object(Config\Cache), false)
#8 /Users/miguelangelhernandez/Sites/php/sgt/public/index.php(44): CodeIgniter\CodeIgniter->run()
#9 {main}
CRITICAL - 2024-04-08 05:49:11 --> Array to string conversion
#0 /Users/miguelangelhernandez/Sites/php/sgt/app/Views/deskapp/ui/grocery_timeline.php(169): CodeIgniter\Debug\Exceptions->errorHandler(8, 'Array to string...', '/Users/miguelan...', 169, Array)
#1 /Users/miguelangelhernandez/Sites/php/sgt/system/View/View.php(223): include('/Users/miguelan...')
#2 /Users/miguelangelhernandez/Sites/php/sgt/system/Common.php(1213): CodeIgniter\View\View->render('/deskapp/ui/gro...', Array, true)
#3 /Users/miguelangelhernandez/Sites/php/sgt/app/Controllers/Deskapp/Bitacora.php(75): view('/deskapp/ui/gro...', Array)
#4 /Users/miguelangelhernandez/Sites/php/sgt/app/Controllers/Deskapp/Bitacora.php(64): App\Controllers\Deskapp\Bitacora->_example_output(Array)
#5 /Users/miguelangelhernandez/Sites/php/sgt/system/CodeIgniter.php(935): App\Controllers\Deskapp\Bitacora->index('1712573298')
#6 /Users/miguelangelhernandez/Sites/php/sgt/system/CodeIgniter.php(431): CodeIgniter\CodeIgniter->runController(Object(App\Controllers\Deskapp\Bitacora))
#7 /Users/miguelangelhernandez/Sites/php/sgt/system/CodeIgniter.php(332): CodeIgniter\CodeIgniter->handleRequest(NULL, Object(Config\Cache), false)
#8 /Users/miguelangelhernandez/Sites/php/sgt/public/index.php(44): CodeIgniter\CodeIgniter->run()
#9 {main}
CRITICAL - 2024-04-08 05:59:19 --> Undefined variable: MVI1234QE242
#0 /Users/miguelangelhernandez/Sites/php/sgt/app/Views/deskapp/ui/grocery_timeline.php(169): CodeIgniter\Debug\Exceptions->errorHandler(8, 'Undefined varia...', '/Users/miguelan...', 169, Array)
#1 /Users/miguelangelhernandez/Sites/php/sgt/system/View/View.php(223): include('/Users/miguelan...')
#2 /Users/miguelangelhernandez/Sites/php/sgt/system/Common.php(1213): CodeIgniter\View\View->render('/deskapp/ui/gro...', Array, true)
#3 /Users/miguelangelhernandez/Sites/php/sgt/app/Controllers/Deskapp/Bitacora.php(75): view('/deskapp/ui/gro...', Array)
#4 /Users/miguelangelhernandez/Sites/php/sgt/app/Controllers/Deskapp/Bitacora.php(64): App\Controllers\Deskapp\Bitacora->_example_output(Array)
#5 /Users/miguelangelhernandez/Sites/php/sgt/system/CodeIgniter.php(935): App\Controllers\Deskapp\Bitacora->index('1712573298')
#6 /Users/miguelangelhernandez/Sites/php/sgt/system/CodeIgniter.php(431): CodeIgniter\CodeIgniter->runController(Object(App\Controllers\Deskapp\Bitacora))
#7 /Users/miguelangelhernandez/Sites/php/sgt/system/CodeIgniter.php(332): CodeIgniter\CodeIgniter->handleRequest(NULL, Object(Config\Cache), false)
#8 /Users/miguelangelhernandez/Sites/php/sgt/public/index.php(44): CodeIgniter\CodeIgniter->run()
#9 {main}
CRITICAL - 2024-04-08 06:00:03 --> Undefined index: 
#0 /Users/miguelangelhernandez/Sites/php/sgt/app/Views/deskapp/ui/grocery_timeline.php(139): CodeIgniter\Debug\Exceptions->errorHandler(8, 'Undefined index...', '/Users/miguelan...', 139, Array)
#1 /Users/miguelangelhernandez/Sites/php/sgt/system/View/View.php(223): include('/Users/miguelan...')
#2 /Users/miguelangelhernandez/Sites/php/sgt/system/Common.php(1213): CodeIgniter\View\View->render('/deskapp/ui/gro...', Array, true)
#3 /Users/miguelangelhernandez/Sites/php/sgt/app/Controllers/Deskapp/Bitacora.php(75): view('/deskapp/ui/gro...', Array)
#4 /Users/miguelangelhernandez/Sites/php/sgt/app/Controllers/Deskapp/Bitacora.php(64): App\Controllers\Deskapp\Bitacora->_example_output(Array)
#5 /Users/miguelangelhernandez/Sites/php/sgt/system/CodeIgniter.php(935): App\Controllers\Deskapp\Bitacora->index('1712573298')
#6 /Users/miguelangelhernandez/Sites/php/sgt/system/CodeIgniter.php(431): CodeIgniter\CodeIgniter->runController(Object(App\Controllers\Deskapp\Bitacora))
#7 /Users/miguelangelhernandez/Sites/php/sgt/system/CodeIgniter.php(332): CodeIgniter\CodeIgniter->handleRequest(NULL, Object(Config\Cache), false)
#8 /Users/miguelangelhernandez/Sites/php/sgt/public/index.php(44): CodeIgniter\CodeIgniter->run()
#9 {main}
CRITICAL - 2024-04-08 21:27:55 --> Call to undefined method GroceryCrud\Core\GroceryCrud::callbackField()
#0 /Users/miguelangelhernandez/Sites/php/sgt/system/CodeIgniter.php(935): App\Controllers\Deskapp\Tramites->tramite('add')
#1 /Users/miguelangelhernandez/Sites/php/sgt/system/CodeIgniter.php(431): CodeIgniter\CodeIgniter->runController(Object(App\Controllers\Deskapp\Tramites))
#2 /Users/miguelangelhernandez/Sites/php/sgt/system/CodeIgniter.php(332): CodeIgniter\CodeIgniter->handleRequest(NULL, Object(Config\Cache), false)
#3 /Users/miguelangelhernandez/Sites/php/sgt/public/index.php(44): CodeIgniter\CodeIgniter->run()
#4 {main}
CRITICAL - 2024-04-08 23:40:07 --> Call to undefined method GroceryCrud\Core\GroceryCrud::setFieldInput()
#0 /Users/miguelangelhernandez/Sites/php/sgt/system/CodeIgniter.php(935): App\Controllers\Deskapp\Tramites->tramite('add')
#1 /Users/miguelangelhernandez/Sites/php/sgt/system/CodeIgniter.php(431): CodeIgniter\CodeIgniter->runController(Object(App\Controllers\Deskapp\Tramites))
#2 /Users/miguelangelhernandez/Sites/php/sgt/system/CodeIgniter.php(332): CodeIgniter\CodeIgniter->handleRequest(NULL, Object(Config\Cache), false)
#3 /Users/miguelangelhernandez/Sites/php/sgt/public/index.php(44): CodeIgniter\CodeIgniter->run()
#4 {main}
