CRITICAL - 2024-03-30 01:53:15 --> Undefined variable: cobro_statuses
#0 /Users/miguelangelhernandez/Sites/php/sgt/app/Views/deskapp/ui/grocery_timeline.php(105): CodeIgniter\Debug\Exceptions->errorHandler(8, 'Undefined varia...', '/Users/miguelan...', 105, Array)
#1 /Users/miguelangelhernandez/Sites/php/sgt/system/View/View.php(223): include('/Users/miguelan...')
#2 /Users/miguelangelhernandez/Sites/php/sgt/system/Common.php(1213): CodeIgniter\View\View->render('/deskapp/ui/gro...', Array, true)
#3 /Users/miguelangelhernandez/Sites/php/sgt/app/Controllers/Deskapp/Bitacora.php(75): view('/deskapp/ui/gro...', Array)
#4 /Users/miguelangelhernandez/Sites/php/sgt/app/Controllers/Deskapp/Bitacora.php(64): App\Controllers\Deskapp\Bitacora->_example_output(Array)
#5 /Users/miguelangelhernandez/Sites/php/sgt/system/CodeIgniter.php(935): App\Controllers\Deskapp\Bitacora->index('11111')
#6 /Users/miguelangelhernandez/Sites/php/sgt/system/CodeIgniter.php(431): CodeIgniter\CodeIgniter->runController(Object(App\Controllers\Deskapp\Bitacora))
#7 /Users/miguelangelhernandez/Sites/php/sgt/system/CodeIgniter.php(332): CodeIgniter\CodeIgniter->handleRequest(NULL, Object(Config\Cache), false)
#8 /Users/miguelangelhernandez/Sites/php/sgt/public/index.php(44): CodeIgniter\CodeIgniter->run()
#9 {main}
CRITICAL - 2024-03-30 01:54:15 --> Undefined offset: 22
#0 /Users/miguelangelhernandez/Sites/php/sgt/app/Views/deskapp/ui/grocery_timeline.php(105): CodeIgniter\Debug\Exceptions->errorHandler(8, 'Undefined offse...', '/Users/miguelan...', 105, Array)
#1 /Users/miguelangelhernandez/Sites/php/sgt/system/View/View.php(223): include('/Users/miguelan...')
#2 /Users/miguelangelhernandez/Sites/php/sgt/system/Common.php(1213): CodeIgniter\View\View->render('/deskapp/ui/gro...', Array, true)
#3 /Users/miguelangelhernandez/Sites/php/sgt/app/Controllers/Deskapp/Bitacora.php(76): view('/deskapp/ui/gro...', Array)
#4 /Users/miguelangelhernandez/Sites/php/sgt/app/Controllers/Deskapp/Bitacora.php(65): App\Controllers\Deskapp\Bitacora->_example_output(Array)
#5 /Users/miguelangelhernandez/Sites/php/sgt/system/CodeIgniter.php(935): App\Controllers\Deskapp\Bitacora->index('11111')
#6 /Users/miguelangelhernandez/Sites/php/sgt/system/CodeIgniter.php(431): CodeIgniter\CodeIgniter->runController(Object(App\Controllers\Deskapp\Bitacora))
#7 /Users/miguelangelhernandez/Sites/php/sgt/system/CodeIgniter.php(332): CodeIgniter\CodeIgniter->handleRequest(NULL, Object(Config\Cache), false)
#8 /Users/miguelangelhernandez/Sites/php/sgt/public/index.php(44): CodeIgniter\CodeIgniter->run()
#9 {main}
CRITICAL - 2024-03-30 01:55:06 --> Undefined offset: 22
#0 /Users/miguelangelhernandez/Sites/php/sgt/app/Views/deskapp/ui/grocery_timeline.php(105): CodeIgniter\Debug\Exceptions->errorHandler(8, 'Undefined offse...', '/Users/miguelan...', 105, Array)
#1 /Users/miguelangelhernandez/Sites/php/sgt/system/View/View.php(223): include('/Users/miguelan...')
#2 /Users/miguelangelhernandez/Sites/php/sgt/system/Common.php(1213): CodeIgniter\View\View->render('/deskapp/ui/gro...', Array, true)
#3 /Users/miguelangelhernandez/Sites/php/sgt/app/Controllers/Deskapp/Bitacora.php(77): view('/deskapp/ui/gro...', Array)
#4 /Users/miguelangelhernandez/Sites/php/sgt/app/Controllers/Deskapp/Bitacora.php(66): App\Controllers\Deskapp\Bitacora->_example_output(Array)
#5 /Users/miguelangelhernandez/Sites/php/sgt/system/CodeIgniter.php(935): App\Controllers\Deskapp\Bitacora->index('11111')
#6 /Users/miguelangelhernandez/Sites/php/sgt/system/CodeIgniter.php(431): CodeIgniter\CodeIgniter->runController(Object(App\Controllers\Deskapp\Bitacora))
#7 /Users/miguelangelhernandez/Sites/php/sgt/system/CodeIgniter.php(332): CodeIgniter\CodeIgniter->handleRequest(NULL, Object(Config\Cache), false)
#8 /Users/miguelangelhernandez/Sites/php/sgt/public/index.php(44): CodeIgniter\CodeIgniter->run()
#9 {main}
CRITICAL - 2024-03-30 01:55:54 --> Undefined index: cambios
#0 /Users/miguelangelhernandez/Sites/php/sgt/app/Controllers/Deskapp/Bitacora.php(83): CodeIgniter\Debug\Exceptions->errorHandler(8, 'Undefined index...', '/Users/miguelan...', 83, Array)
#1 /Users/miguelangelhernandez/Sites/php/sgt/app/Controllers/Deskapp/Bitacora.php(61): App\Controllers\Deskapp\Bitacora->convertirCambiosToArray(Array)
#2 /Users/miguelangelhernandez/Sites/php/sgt/system/CodeIgniter.php(935): App\Controllers\Deskapp\Bitacora->index('11111')
#3 /Users/miguelangelhernandez/Sites/php/sgt/system/CodeIgniter.php(431): CodeIgniter\CodeIgniter->runController(Object(App\Controllers\Deskapp\Bitacora))
#4 /Users/miguelangelhernandez/Sites/php/sgt/system/CodeIgniter.php(332): CodeIgniter\CodeIgniter->handleRequest(NULL, Object(Config\Cache), false)
#5 /Users/miguelangelhernandez/Sites/php/sgt/public/index.php(44): CodeIgniter\CodeIgniter->run()
#6 {main}
CRITICAL - 2024-03-30 02:03:03 --> Undefined offset: 22
#0 /Users/miguelangelhernandez/Sites/php/sgt/app/Views/deskapp/ui/grocery_timeline.php(105): CodeIgniter\Debug\Exceptions->errorHandler(8, 'Undefined offse...', '/Users/miguelan...', 105, Array)
#1 /Users/miguelangelhernandez/Sites/php/sgt/system/View/View.php(223): include('/Users/miguelan...')
#2 /Users/miguelangelhernandez/Sites/php/sgt/system/Common.php(1213): CodeIgniter\View\View->render('/deskapp/ui/gro...', Array, true)
#3 /Users/miguelangelhernandez/Sites/php/sgt/app/Controllers/Deskapp/Bitacora.php(75): view('/deskapp/ui/gro...', Array)
#4 /Users/miguelangelhernandez/Sites/php/sgt/app/Controllers/Deskapp/Bitacora.php(64): App\Controllers\Deskapp\Bitacora->_example_output(Array)
#5 /Users/miguelangelhernandez/Sites/php/sgt/system/CodeIgniter.php(935): App\Controllers\Deskapp\Bitacora->index('11111')
#6 /Users/miguelangelhernandez/Sites/php/sgt/system/CodeIgniter.php(431): CodeIgniter\CodeIgniter->runController(Object(App\Controllers\Deskapp\Bitacora))
#7 /Users/miguelangelhernandez/Sites/php/sgt/system/CodeIgniter.php(332): CodeIgniter\CodeIgniter->handleRequest(NULL, Object(Config\Cache), false)
#8 /Users/miguelangelhernandez/Sites/php/sgt/public/index.php(44): CodeIgniter\CodeIgniter->run()
#9 {main}
CRITICAL - 2024-03-30 18:51:32 --> Class 'App\Controllers\Deskapp\Imagick' not found
#0 /Users/miguelangelhernandez/Sites/php/sgt/system/CodeIgniter.php(935): App\Controllers\Deskapp\Tramites->evidencias('11111', '1')
#1 /Users/miguelangelhernandez/Sites/php/sgt/system/CodeIgniter.php(431): CodeIgniter\CodeIgniter->runController(Object(App\Controllers\Deskapp\Tramites))
#2 /Users/miguelangelhernandez/Sites/php/sgt/system/CodeIgniter.php(332): CodeIgniter\CodeIgniter->handleRequest(NULL, Object(Config\Cache), false)
#3 /Users/miguelangelhernandez/Sites/php/sgt/public/index.php(44): CodeIgniter\CodeIgniter->run()
#4 {main}
CRITICAL - 2024-03-30 18:52:08 --> Class 'App\Controllers\Deskapp\Imagick' not found
#0 /Users/miguelangelhernandez/Sites/php/sgt/system/CodeIgniter.php(935): App\Controllers\Deskapp\Tramites->evidencias('11111', '1')
#1 /Users/miguelangelhernandez/Sites/php/sgt/system/CodeIgniter.php(431): CodeIgniter\CodeIgniter->runController(Object(App\Controllers\Deskapp\Tramites))
#2 /Users/miguelangelhernandez/Sites/php/sgt/system/CodeIgniter.php(332): CodeIgniter\CodeIgniter->handleRequest(NULL, Object(Config\Cache), false)
#3 /Users/miguelangelhernandez/Sites/php/sgt/public/index.php(44): CodeIgniter\CodeIgniter->run()
#4 {main}
