CRITICAL - 2024-01-13 02:45:01 --> SQLSTATE[42S22]: Column not found: 1054 Unknown column 'Tipos' in 'order clause'
#0 /Users/miguelangelhernandez/Sites/php/sgt/vendor/laminas/laminas-db/src/Adapter/Driver/Pdo/Connection.php(376): PDO->query('SELECT `t`.* FR...')
#1 /Users/miguelangelhernandez/Sites/php/sgt/vendor/laminas/laminas-db/src/Adapter/Adapter.php(194): Laminas\Db\Adapter\Driver\Pdo\Connection->execute('SELECT `t`.* FR...')
#2 /Users/miguelangelhernandez/Sites/php/sgt/vendor/grocery-crud/enterprise/src/GroceryCrud/Core/Model.php(269): Laminas\Db\Adapter\Adapter->query('SELECT `t`.* FR...', 'execute')
#3 /Users/miguelangelhernandez/Sites/php/sgt/vendor/grocery-crud/enterprise/src/GroceryCrud/Core/State/StateAbstract.php(1313): GroceryCrud\Core\Model->getRelationData('tra_tipos', 'Tipos', NULL, 'Tipos', 'tra_tipos_id')
#4 /Users/miguelangelhernandez/Sites/php/sgt/vendor/grocery-crud/enterprise/src/GroceryCrud/Core/State/StateAbstract.php(1398): GroceryCrud\Core\State\StateAbstract->getRelationalData('tra_tipos', 'Tipos', NULL, 'Tipos', 'tra_tipos_id')
#5 /Users/miguelangelhernandez/Sites/php/sgt/vendor/grocery-crud/enterprise/src/GroceryCrud/Core/State/InitialState.php(75): GroceryCrud\Core\State\StateAbstract->getFieldTypes()
#6 /Users/miguelangelhernandez/Sites/php/sgt/vendor/grocery-crud/enterprise/src/GroceryCrud/Core/State/InitialState.php(13): GroceryCrud\Core\State\InitialState->showInitData()
#7 /Users/miguelangelhernandez/Sites/php/sgt/vendor/grocery-crud/enterprise/src/GroceryCrud/Core/GroceryCrud.php(2932): GroceryCrud\Core\State\InitialState->render()
#8 /Users/miguelangelhernandez/Sites/php/sgt/app/Controllers/Deskapp/Tramites.php(38): GroceryCrud\Core\GroceryCrud->render()
#9 /Users/miguelangelhernandez/Sites/php/sgt/system/CodeIgniter.php(935): App\Controllers\Deskapp\Tramites->tramite()
#10 /Users/miguelangelhernandez/Sites/php/sgt/system/CodeIgniter.php(431): CodeIgniter\CodeIgniter->runController(Object(App\Controllers\Deskapp\Tramites))
#11 /Users/miguelangelhernandez/Sites/php/sgt/system/CodeIgniter.php(332): CodeIgniter\CodeIgniter->handleRequest(NULL, Object(Config\Cache), false)
#12 /Users/miguelangelhernandez/Sites/php/sgt/public/index.php(44): CodeIgniter\CodeIgniter->run()
#13 {main}
CRITICAL - 2024-01-13 02:45:27 --> SQLSTATE[42S22]: Column not found: 1054 Unknown column 'Tipos' in 'order clause'
#0 /Users/miguelangelhernandez/Sites/php/sgt/vendor/laminas/laminas-db/src/Adapter/Driver/Pdo/Connection.php(376): PDO->query('SELECT `t`.* FR...')
#1 /Users/miguelangelhernandez/Sites/php/sgt/vendor/laminas/laminas-db/src/Adapter/Adapter.php(194): Laminas\Db\Adapter\Driver\Pdo\Connection->execute('SELECT `t`.* FR...')
#2 /Users/miguelangelhernandez/Sites/php/sgt/vendor/grocery-crud/enterprise/src/GroceryCrud/Core/Model.php(269): Laminas\Db\Adapter\Adapter->query('SELECT `t`.* FR...', 'execute')
#3 /Users/miguelangelhernandez/Sites/php/sgt/vendor/grocery-crud/enterprise/src/GroceryCrud/Core/State/StateAbstract.php(1313): GroceryCrud\Core\Model->getRelationData('tra_tipos', 'Tipos', NULL, 'Tipos', 'id')
#4 /Users/miguelangelhernandez/Sites/php/sgt/vendor/grocery-crud/enterprise/src/GroceryCrud/Core/State/StateAbstract.php(1398): GroceryCrud\Core\State\StateAbstract->getRelationalData('tra_tipos', 'Tipos', NULL, 'Tipos', 'id')
#5 /Users/miguelangelhernandez/Sites/php/sgt/vendor/grocery-crud/enterprise/src/GroceryCrud/Core/State/InitialState.php(75): GroceryCrud\Core\State\StateAbstract->getFieldTypes()
#6 /Users/miguelangelhernandez/Sites/php/sgt/vendor/grocery-crud/enterprise/src/GroceryCrud/Core/State/InitialState.php(13): GroceryCrud\Core\State\InitialState->showInitData()
#7 /Users/miguelangelhernandez/Sites/php/sgt/vendor/grocery-crud/enterprise/src/GroceryCrud/Core/GroceryCrud.php(2932): GroceryCrud\Core\State\InitialState->render()
#8 /Users/miguelangelhernandez/Sites/php/sgt/app/Controllers/Deskapp/Tramites.php(38): GroceryCrud\Core\GroceryCrud->render()
#9 /Users/miguelangelhernandez/Sites/php/sgt/system/CodeIgniter.php(935): App\Controllers\Deskapp\Tramites->tramite()
#10 /Users/miguelangelhernandez/Sites/php/sgt/system/CodeIgniter.php(431): CodeIgniter\CodeIgniter->runController(Object(App\Controllers\Deskapp\Tramites))
#11 /Users/miguelangelhernandez/Sites/php/sgt/system/CodeIgniter.php(332): CodeIgniter\CodeIgniter->handleRequest(NULL, Object(Config\Cache), false)
#12 /Users/miguelangelhernandez/Sites/php/sgt/public/index.php(44): CodeIgniter\CodeIgniter->run()
#13 {main}
CRITICAL - 2024-01-13 03:35:02 --> SQLSTATE[42S22]: Column not found: 1054 Unknown column 'tramite.rel_ent_municipio_id' in 'on clause'
#0 /Users/miguelangelhernandez/Sites/php/sgt/vendor/laminas/laminas-db/src/Adapter/Driver/Pdo/Connection.php(376): PDO->query('SELECT `tramite...')
#1 /Users/miguelangelhernandez/Sites/php/sgt/vendor/laminas/laminas-db/src/Adapter/Adapter.php(194): Laminas\Db\Adapter\Driver\Pdo\Connection->execute('SELECT `tramite...')
#2 /Users/miguelangelhernandez/Sites/php/sgt/vendor/grocery-crud/enterprise/src/GroceryCrud/Core/Model.php(1135): Laminas\Db\Adapter\Adapter->query('SELECT `tramite...', 'execute')
#3 /Users/miguelangelhernandez/Sites/php/sgt/vendor/grocery-crud/enterprise/src/GroceryCrud/Core/Model.php(1392): GroceryCrud\Core\Model->getResultsFromSelect(Object(Laminas\Db\Sql\Select), Object(Laminas\Db\Sql\Sql))
#4 /Users/miguelangelhernandez/Sites/php/sgt/vendor/grocery-crud/enterprise/src/GroceryCrud/Core/State/DatagridState.php(320): GroceryCrud\Core\Model->getList()
#5 /Users/miguelangelhernandez/Sites/php/sgt/vendor/grocery-crud/enterprise/src/GroceryCrud/Core/State/DatagridState.php(331): GroceryCrud\Core\State\DatagridState->getData()
#6 /Users/miguelangelhernandez/Sites/php/sgt/vendor/grocery-crud/enterprise/src/GroceryCrud/Core/GroceryCrud.php(2932): GroceryCrud\Core\State\DatagridState->render()
#7 /Users/miguelangelhernandez/Sites/php/sgt/app/Controllers/Deskapp/Tramites.php(53): GroceryCrud\Core\GroceryCrud->render()
#8 /Users/miguelangelhernandez/Sites/php/sgt/system/CodeIgniter.php(935): App\Controllers\Deskapp\Tramites->tramite()
#9 /Users/miguelangelhernandez/Sites/php/sgt/system/CodeIgniter.php(431): CodeIgniter\CodeIgniter->runController(Object(App\Controllers\Deskapp\Tramites))
#10 /Users/miguelangelhernandez/Sites/php/sgt/system/CodeIgniter.php(332): CodeIgniter\CodeIgniter->handleRequest(NULL, Object(Config\Cache), false)
#11 /Users/miguelangelhernandez/Sites/php/sgt/public/index.php(44): CodeIgniter\CodeIgniter->run()
#12 {main}
CRITICAL - 2024-01-13 03:44:17 --> Undefined index: Nombre
#0 /Users/miguelangelhernandez/Sites/php/sgt/vendor/grocery-crud/enterprise/src/GroceryCrud/Core/Model.php(279): CodeIgniter\Debug\Exceptions->errorHandler(8, 'Undefined index...', '/Users/miguelan...', 279, Array)
#1 /Users/miguelangelhernandez/Sites/php/sgt/vendor/grocery-crud/enterprise/src/GroceryCrud/Core/State/StateAbstract.php(1313): GroceryCrud\Core\Model->getRelationData('ges_gestor', 'Nombre', NULL, 'Nombre', 'gestor_id')
#2 /Users/miguelangelhernandez/Sites/php/sgt/vendor/grocery-crud/enterprise/src/GroceryCrud/Core/State/StateAbstract.php(1398): GroceryCrud\Core\State\StateAbstract->getRelationalData('ges_gestor', 'Nombre', NULL, 'Nombre', 'gestor_id')
#3 /Users/miguelangelhernandez/Sites/php/sgt/vendor/grocery-crud/enterprise/src/GroceryCrud/Core/State/InitialState.php(75): GroceryCrud\Core\State\StateAbstract->getFieldTypes()
#4 /Users/miguelangelhernandez/Sites/php/sgt/vendor/grocery-crud/enterprise/src/GroceryCrud/Core/State/InitialState.php(13): GroceryCrud\Core\State\InitialState->showInitData()
#5 /Users/miguelangelhernandez/Sites/php/sgt/vendor/grocery-crud/enterprise/src/GroceryCrud/Core/GroceryCrud.php(2932): GroceryCrud\Core\State\InitialState->render()
#6 /Users/miguelangelhernandez/Sites/php/sgt/app/Controllers/Deskapp/Tramites.php(61): GroceryCrud\Core\GroceryCrud->render()
#7 /Users/miguelangelhernandez/Sites/php/sgt/system/CodeIgniter.php(935): App\Controllers\Deskapp\Tramites->tramite('add')
#8 /Users/miguelangelhernandez/Sites/php/sgt/system/CodeIgniter.php(431): CodeIgniter\CodeIgniter->runController(Object(App\Controllers\Deskapp\Tramites))
#9 /Users/miguelangelhernandez/Sites/php/sgt/system/CodeIgniter.php(332): CodeIgniter\CodeIgniter->handleRequest(NULL, Object(Config\Cache), false)
#10 /Users/miguelangelhernandez/Sites/php/sgt/public/index.php(44): CodeIgniter\CodeIgniter->run()
#11 {main}
